[2025-09-11T08:01:18.739+0000] {local_task_job_runner.py:123} INFO - ::group::Pre task execution logs
[2025-09-11T08:01:18.778+0000] {taskinstance.py:2612} INFO - Dependencies all met for dep_context=non-requeueable deps ti=<TaskInstance: Sue_books_data_pipeline.load_data manual__2025-09-11T08:00:52.219559+00:00 [queued]>
[2025-09-11T08:01:18.797+0000] {taskinstance.py:2612} INFO - Dependencies all met for dep_context=requeueable deps ti=<TaskInstance: Sue_books_data_pipeline.load_data manual__2025-09-11T08:00:52.219559+00:00 [queued]>
[2025-09-11T08:01:18.797+0000] {taskinstance.py:2865} INFO - Starting attempt 1 of 3
[2025-09-11T08:01:18.835+0000] {taskinstance.py:2888} INFO - Executing <Task(_PythonDecoratedOperator): load_data> on 2025-09-11 08:00:52.219559+00:00
[2025-09-11T08:01:18.848+0000] {warnings.py:112} WARNING - /home/airflow/.local/lib/python3.12/site-packages/airflow/task/task_runner/standard_task_runner.py:70: DeprecationWarning: This process (pid=2936) is multi-threaded, use of fork() may lead to deadlocks in the child.
  pid = os.fork()

[2025-09-11T08:01:18.850+0000] {standard_task_runner.py:72} INFO - Started process 2939 to run task
[2025-09-11T08:01:18.852+0000] {standard_task_runner.py:104} INFO - Running: ['airflow', 'tasks', 'run', 'Sue_books_data_pipeline', 'load_data', 'manual__2025-09-11T08:00:52.219559+00:00', '--job-id', '150', '--raw', '--subdir', 'DAGS_FOLDER/pipeline_dag.py', '--cfg-path', '/tmp/tmpuc0zl9tl']
[2025-09-11T08:01:18.854+0000] {standard_task_runner.py:105} INFO - Job 150: Subtask load_data
[2025-09-11T08:01:19.007+0000] {task_command.py:467} INFO - Running <TaskInstance: Sue_books_data_pipeline.load_data manual__2025-09-11T08:00:52.219559+00:00 [running]> on host 34752174ab96
[2025-09-11T08:01:19.242+0000] {taskinstance.py:3131} INFO - Exporting env vars: AIRFLOW_CTX_DAG_EMAIL='sadiquetimileyin@gmail.com' AIRFLOW_CTX_DAG_OWNER='sadique' AIRFLOW_CTX_DAG_ID='Sue_books_data_pipeline' AIRFLOW_CTX_TASK_ID='load_data' AIRFLOW_CTX_EXECUTION_DATE='2025-09-11T08:00:52.219559+00:00' AIRFLOW_CTX_TRY_NUMBER='1' AIRFLOW_CTX_DAG_RUN_ID='manual__2025-09-11T08:00:52.219559+00:00'
[2025-09-11T08:01:19.244+0000] {logging_mixin.py:190} INFO - Task instance is in running state
[2025-09-11T08:01:19.245+0000] {logging_mixin.py:190} INFO -  Previous state of the Task instance: queued
[2025-09-11T08:01:19.245+0000] {logging_mixin.py:190} INFO - Current task name:load_data state:running start_date:2025-09-11 08:01:18.779514+00:00
[2025-09-11T08:01:19.246+0000] {logging_mixin.py:190} INFO - Dag name:Sue_books_data_pipeline and current dag run status:running
[2025-09-11T08:01:19.247+0000] {taskinstance.py:731} INFO - ::endgroup::
[2025-09-11T08:01:19.414+0000] {tables.py:227} INFO - Dimension tables created successfully.
[2025-09-11T08:01:19.459+0000] {tables.py:253} INFO - Fact table created successfully. Total records: 78484
[2025-09-11T08:01:19.520+0000] {utils.py:103} WARNING - Database 'sales_db' already exists.
[2025-09-11T08:01:19.769+0000] {utils.py:217} INFO - Tables created successfully.
[2025-09-11T08:01:19.774+0000] {utils.py:221} INFO - OLAP Tables: ['dim_user', 'fact_transactions', 'dim_book', 'dim_date', 'fact_daily_sales', 'fact_book_sales']
[2025-09-11T08:01:19.921+0000] {utils.py:183} INFO - Preparing to upsert 904 rows into oltp.users...
[2025-09-11T08:01:20.064+0000] {utils.py:200} INFO - 904 records upserted into oltp.users
[2025-09-11T08:01:20.068+0000] {utils.py:183} INFO - Preparing to upsert 112 rows into oltp.books...
[2025-09-11T08:01:20.082+0000] {utils.py:200} INFO - 112 records upserted into oltp.books
[2025-09-11T08:01:20.191+0000] {utils.py:183} INFO - Preparing to upsert 78484 rows into oltp.transactions...
[2025-09-11T08:01:29.667+0000] {utils.py:200} INFO - 78484 records upserted into oltp.transactions
[2025-09-11T08:01:29.669+0000] {utils.py:183} INFO - Preparing to upsert 904 rows into olap.dim_user...
[2025-09-11T08:01:29.819+0000] {utils.py:200} INFO - 904 records upserted into olap.dim_user
[2025-09-11T08:01:29.820+0000] {utils.py:183} INFO - Preparing to upsert 112 rows into olap.dim_book...
[2025-09-11T08:01:29.829+0000] {utils.py:200} INFO - 112 records upserted into olap.dim_book
[2025-09-11T08:01:29.830+0000] {utils.py:183} INFO - Preparing to upsert 545 rows into olap.dim_date...
[2025-09-11T08:01:29.943+0000] {utils.py:200} INFO - 545 records upserted into olap.dim_date
[2025-09-11T08:01:29.956+0000] {utils.py:183} INFO - Preparing to upsert 78484 rows into olap.fact_transactions...
[2025-09-11T08:01:36.376+0000] {utils.py:200} INFO - 78484 records upserted into olap.fact_transactions
[2025-09-11T08:01:36.383+0000] {utils.py:183} INFO - Preparing to upsert 545 rows into olap.fact_daily_sales...
[2025-09-11T08:01:36.420+0000] {utils.py:200} INFO - 545 records upserted into olap.fact_daily_sales
[2025-09-11T08:01:36.422+0000] {utils.py:183} INFO - Preparing to upsert 112 rows into olap.fact_book_sales...
[2025-09-11T08:01:36.432+0000] {utils.py:200} INFO - 112 records upserted into olap.fact_book_sales
[2025-09-11T08:01:36.437+0000] {python.py:240} INFO - Done. Returned value was: None
[2025-09-11T08:01:36.461+0000] {taskinstance.py:340} INFO - ::group::Post task execution logs
[2025-09-11T08:01:36.462+0000] {taskinstance.py:352} INFO - Marking task as SUCCESS. dag_id=Sue_books_data_pipeline, task_id=load_data, run_id=manual__2025-09-11T08:00:52.219559+00:00, execution_date=20250911T080052, start_date=20250911T080118, end_date=20250911T080136
[2025-09-11T08:01:36.478+0000] {logging_mixin.py:190} INFO - Task instance in success state
[2025-09-11T08:01:36.478+0000] {logging_mixin.py:190} INFO -  Previous state of the Task instance: running
[2025-09-11T08:01:36.479+0000] {logging_mixin.py:190} INFO - Dag name:Sue_books_data_pipeline queued_at:2025-09-11 08:00:52.272618+00:00
[2025-09-11T08:01:36.479+0000] {logging_mixin.py:190} INFO - Task hostname:34752174ab96 operator:_PythonDecoratedOperator
[2025-09-11T08:01:36.509+0000] {local_task_job_runner.py:266} INFO - Task exited with return code 0
[2025-09-11T08:01:36.555+0000] {taskinstance.py:3900} INFO - 0 downstream tasks scheduled from follow-on schedule check
[2025-09-11T08:01:36.593+0000] {local_task_job_runner.py:245} INFO - ::endgroup::
