{"timestamp":"2025-09-17T07:16:01.619912","level":"info","event":"DAG bundles loaded: dags-folder, example_dags","logger":"airflow.dag_processing.bundles.manager.DagBundlesManager"}
{"timestamp":"2025-09-17T07:16:01.630077","level":"info","event":"Filling up the DagBag from /opt/airflow/dags/pipeline_dag.py","logger":"airflow.models.dagbag.DagBag"}
{"timestamp":"2025-09-17T07:16:02.220027Z","level":"info","event":"Task instance is in running state","chan":"stdout","logger":"task"}
{"timestamp":"2025-09-17T07:16:02.220480Z","level":"info","event":" Previous state of the Task instance: TaskInstanceState.QUEUED","chan":"stdout","logger":"task"}
{"timestamp":"2025-09-17T07:16:02.220756Z","level":"info","event":"Current task name:load_data","chan":"stdout","logger":"task"}
{"timestamp":"2025-09-17T07:16:02.223228Z","level":"info","event":"Dag name:Sue_books_data_pipeline","chan":"stdout","logger":"task"}
{"timestamp":"2025-09-17T07:16:02.334834","level":"info","event":"Dimension tables created successfully.","logger":"tables"}
{"timestamp":"2025-09-17T07:16:02.355717","level":"info","event":"Fact table created successfully. Total records: 78484","logger":"tables"}
{"timestamp":"2025-09-17T07:16:02.382016","level":"warning","event":"Database 'sales_db' already exists.","logger":"utils"}
{"timestamp":"2025-09-17T07:16:03.234917","level":"info","event":"Tables created successfully.","logger":"utils"}
{"timestamp":"2025-09-17T07:16:03.573146","level":"info","event":"OLAP Tables: ['dim_user', 'fact_transactions', 'dim_book', 'dim_date', 'fact_daily_sales', 'fact_book_sales']","logger":"utils"}
{"timestamp":"2025-09-17T07:16:03.662237","level":"info","event":"Preparing to upsert 904 rows into oltp.users...","logger":"utils"}
{"timestamp":"2025-09-17T07:16:03.849676","level":"info","event":"904 records upserted into oltp.users","logger":"utils"}
{"timestamp":"2025-09-17T07:16:03.861315","level":"info","event":"Preparing to upsert 112 rows into oltp.books...","logger":"utils"}
{"timestamp":"2025-09-17T07:16:04.043208","level":"info","event":"112 records upserted into oltp.books","logger":"utils"}
{"timestamp":"2025-09-17T07:16:04.072849","level":"info","event":"Preparing to upsert 78484 rows into oltp.transactions...","logger":"utils"}
{"timestamp":"2025-09-17T07:16:14.839058","level":"info","event":"78484 records upserted into oltp.transactions","logger":"utils"}
{"timestamp":"2025-09-17T07:16:14.852435","level":"info","event":"Preparing to upsert 904 rows into olap.dim_user...","logger":"utils"}
{"timestamp":"2025-09-17T07:16:15.049082","level":"info","event":"904 records upserted into olap.dim_user","logger":"utils"}
{"timestamp":"2025-09-17T07:16:15.056706","level":"info","event":"Preparing to upsert 112 rows into olap.dim_book...","logger":"utils"}
{"timestamp":"2025-09-17T07:16:15.069508","level":"info","event":"112 records upserted into olap.dim_book","logger":"utils"}
{"timestamp":"2025-09-17T07:16:15.072440","level":"info","event":"Preparing to upsert 545 rows into olap.dim_date...","logger":"utils"}
{"timestamp":"2025-09-17T07:16:15.131374","level":"info","event":"545 records upserted into olap.dim_date","logger":"utils"}
{"timestamp":"2025-09-17T07:16:15.151997","level":"info","event":"Preparing to upsert 78484 rows into olap.fact_transactions...","logger":"utils"}
{"timestamp":"2025-09-17T07:16:32.648541","level":"info","event":"78484 records upserted into olap.fact_transactions","logger":"utils"}
{"timestamp":"2025-09-17T07:16:32.650598","level":"info","event":"Preparing to upsert 545 rows into olap.fact_daily_sales...","logger":"utils"}
{"timestamp":"2025-09-17T07:16:32.720224","level":"info","event":"545 records upserted into olap.fact_daily_sales","logger":"utils"}
{"timestamp":"2025-09-17T07:16:32.722163","level":"info","event":"Preparing to upsert 112 rows into olap.fact_book_sales...","logger":"utils"}
{"timestamp":"2025-09-17T07:16:32.749144","level":"info","event":"112 records upserted into olap.fact_book_sales","logger":"utils"}
{"timestamp":"2025-09-17T07:16:32.749593","level":"info","event":"Data load completed: 80157 total rows loaded across all tables","logger":"unusual_prefix_8339c30b0c19c7937642fad9c6553d70d0a44d21_pipeline_dag"}
{"timestamp":"2025-09-17T07:16:34.043465","level":"error","event":"Failed to send alert 'Data Load Completed': 400 Client Error: Bad Request for url: https://discord.com/api/webhooks/1417632914727768064/WTdTyi0G-DYqOLZTO_ptTwgOSXZVT66mAYiEeQAXAMGgX70iUHQZ3sxeMLGx4bjKOUV9","logger":"utils","error_detail":[{"exc_type":"HTTPError","exc_value":"400 Client Error: Bad Request for url: https://discord.com/api/webhooks/1417632914727768064/WTdTyi0G-DYqOLZTO_ptTwgOSXZVT66mAYiEeQAXAMGgX70iUHQZ3sxeMLGx4bjKOUV9","exc_notes":[],"syntax_error":null,"is_cause":false,"frames":[{"filename":"/opt/airflow/dags/utils.py","lineno":86,"name":"send_alert"},{"filename":"/home/airflow/.local/lib/python3.12/site-packages/requests/models.py","lineno":1026,"name":"raise_for_status"}],"is_group":false,"exceptions":[]}]}
{"timestamp":"2025-09-17T07:16:34.056622","level":"info","event":"Done. Returned value was: None","logger":"airflow.task.operators.airflow.providers.standard.decorators.python._PythonDecoratedOperator"}
{"timestamp":"2025-09-17T07:16:34.122076","level":"info","event":"Task load_data in DAG Sue_books_data_pipeline completed successfully","logger":"unusual_prefix_8339c30b0c19c7937642fad9c6553d70d0a44d21_pipeline_dag"}
{"timestamp":"2025-09-17T07:16:34.127311Z","level":"info","event":"Task instance in success state","chan":"stdout","logger":"task"}
{"timestamp":"2025-09-17T07:16:34.127489Z","level":"info","event":" Previous state of the Task instance: TaskInstanceState.RUNNING","chan":"stdout","logger":"task"}
{"timestamp":"2025-09-17T07:16:34.127637Z","level":"info","event":"Task operator:<Task(_PythonDecoratedOperator): load_data>","chan":"stdout","logger":"task"}
