{"timestamp":"2025-09-17T09:05:35.955355","level":"info","event":"DAG bundles loaded: dags-folder, example_dags","logger":"airflow.dag_processing.bundles.manager.DagBundlesManager"}
{"timestamp":"2025-09-17T09:05:35.959679","level":"info","event":"Filling up the DagBag from /opt/airflow/dags/pipeline_dag.py","logger":"airflow.models.dagbag.DagBag"}
{"timestamp":"2025-09-17T09:05:36.815234Z","level":"info","event":"Task instance is in running state","chan":"stdout","logger":"task"}
{"timestamp":"2025-09-17T09:05:36.815566Z","level":"info","event":" Previous state of the Task instance: TaskInstanceState.QUEUED","chan":"stdout","logger":"task"}
{"timestamp":"2025-09-17T09:05:36.833896Z","level":"info","event":"Current task name:load_data","chan":"stdout","logger":"task"}
{"timestamp":"2025-09-17T09:05:36.834327Z","level":"info","event":"Dag name:Sue_books_data_pipeline","chan":"stdout","logger":"task"}
{"timestamp":"2025-09-17T09:05:37.111762","level":"info","event":"Dimension tables created successfully.","logger":"tables"}
{"timestamp":"2025-09-17T09:05:37.191714","level":"info","event":"Fact table created successfully. Total records: 78484","logger":"tables"}
{"timestamp":"2025-09-17T09:05:37.217843","level":"warning","event":"Database 'sales_db' already exists.","logger":"utils"}
{"timestamp":"2025-09-17T09:05:37.936597","level":"info","event":"Tables created successfully.","logger":"utils"}
{"timestamp":"2025-09-17T09:05:37.996407","level":"info","event":"OLAP Tables: ['dim_user', 'fact_transactions', 'dim_book', 'dim_date', 'fact_daily_sales', 'fact_book_sales']","logger":"utils"}
{"timestamp":"2025-09-17T09:05:38.064972","level":"info","event":"Preparing to upsert 904 rows into oltp.users...","logger":"utils"}
{"timestamp":"2025-09-17T09:05:38.218250","level":"info","event":"904 records upserted into oltp.users","logger":"utils"}
{"timestamp":"2025-09-17T09:05:38.220120","level":"info","event":"Preparing to upsert 112 rows into oltp.books...","logger":"utils"}
{"timestamp":"2025-09-17T09:05:38.238035","level":"info","event":"112 records upserted into oltp.books","logger":"utils"}
{"timestamp":"2025-09-17T09:05:38.277900","level":"info","event":"Preparing to upsert 78484 rows into oltp.transactions...","logger":"utils"}
{"timestamp":"2025-09-17T09:05:45.490352","level":"error","event":"Failed to upsert into oltp.transactions: deadlock detected\nDETAIL:  Process 697 waits for ShareLock on transaction 3858; blocked by process 701.\nProcess 701 waits for ShareLock on transaction 3852; blocked by process 697.\nHINT:  See server log for query details.\nCONTEXT:  while inserting index tuple (83,81) in relation \"transactions\"\n","logger":"utils","error_detail":[{"exc_type":"DeadlockDetected","exc_value":"deadlock detected\nDETAIL:  Process 697 waits for ShareLock on transaction 3858; blocked by process 701.\nProcess 701 waits for ShareLock on transaction 3852; blocked by process 697.\nHINT:  See server log for query details.\nCONTEXT:  while inserting index tuple (83,81) in relation \"transactions\"\n","exc_notes":[],"syntax_error":null,"is_cause":false,"frames":[{"filename":"/opt/airflow/dags/utils.py","lineno":276,"name":"upsert_from_df"},{"filename":"/home/airflow/.local/lib/python3.12/site-packages/psycopg2/extras.py","lineno":1299,"name":"execute_values"}],"is_group":false,"exceptions":[]}]}
{"timestamp":"2025-09-17T09:05:45.501162","level":"error","event":"Task failed with exception","logger":"task","error_detail":[{"exc_type":"DeadlockDetected","exc_value":"deadlock detected\nDETAIL:  Process 697 waits for ShareLock on transaction 3858; blocked by process 701.\nProcess 701 waits for ShareLock on transaction 3852; blocked by process 697.\nHINT:  See server log for query details.\nCONTEXT:  while inserting index tuple (83,81) in relation \"transactions\"\n","exc_notes":[],"syntax_error":null,"is_cause":false,"frames":[{"filename":"/home/airflow/.local/lib/python3.12/site-packages/airflow/sdk/execution_time/task_runner.py","lineno":920,"name":"run"},{"filename":"/home/airflow/.local/lib/python3.12/site-packages/airflow/sdk/execution_time/task_runner.py","lineno":1215,"name":"_execute_task"},{"filename":"/home/airflow/.local/lib/python3.12/site-packages/airflow/sdk/bases/operator.py","lineno":397,"name":"wrapper"},{"filename":"/home/airflow/.local/lib/python3.12/site-packages/airflow/sdk/bases/decorator.py","lineno":251,"name":"execute"},{"filename":"/home/airflow/.local/lib/python3.12/site-packages/airflow/sdk/bases/operator.py","lineno":397,"name":"wrapper"},{"filename":"/home/airflow/.local/lib/python3.12/site-packages/airflow/providers/standard/operators/python.py","lineno":216,"name":"execute"},{"filename":"/home/airflow/.local/lib/python3.12/site-packages/airflow/providers/standard/operators/python.py","lineno":239,"name":"execute_callable"},{"filename":"/home/airflow/.local/lib/python3.12/site-packages/airflow/sdk/execution_time/callback_runner.py","lineno":81,"name":"run"},{"filename":"/opt/airflow/dags/pipeline_dag.py","lineno":93,"name":"load_data"},{"filename":"/opt/airflow/dags/utils.py","lineno":276,"name":"upsert_from_df"},{"filename":"/home/airflow/.local/lib/python3.12/site-packages/psycopg2/extras.py","lineno":1299,"name":"execute_values"}],"is_group":false,"exceptions":[]}]}
{"timestamp":"2025-09-17T09:05:46.721558Z","level":"info","event":"Task instance in failure state","chan":"stdout","logger":"task"}
{"timestamp":"2025-09-17T09:05:46.721945Z","level":"info","event":"Task start","chan":"stdout","logger":"task"}
{"timestamp":"2025-09-17T09:05:46.722388Z","level":"info","event":"Task:<Task(_PythonDecoratedOperator): load_data>","chan":"stdout","logger":"task"}
{"timestamp":"2025-09-17T09:05:46.722615Z","level":"info","event":"Failure caused by deadlock detected","chan":"stdout","logger":"task"}
{"timestamp":"2025-09-17T09:05:46.723129Z","level":"info","event":"DETAIL:  Process 697 waits for ShareLock on transaction 3858; blocked by process 701.","chan":"stdout","logger":"task"}
{"timestamp":"2025-09-17T09:05:46.723370Z","level":"info","event":"Process 701 waits for ShareLock on transaction 3852; blocked by process 697.","chan":"stdout","logger":"task"}
{"timestamp":"2025-09-17T09:05:46.723559Z","level":"info","event":"HINT:  See server log for query details.","chan":"stdout","logger":"task"}
{"timestamp":"2025-09-17T09:05:46.723741Z","level":"info","event":"CONTEXT:  while inserting index tuple (83,81) in relation \"transactions\"","chan":"stdout","logger":"task"}
{"timestamp":"2025-09-17T09:05:46.785086Z","level":"info","event":"","chan":"stdout","logger":"task"}
