[2025-09-11T00:00:08.196+0000] {local_task_job_runner.py:123} INFO - ::group::Pre task execution logs
[2025-09-11T00:00:08.300+0000] {taskinstance.py:2612} INFO - Dependencies all met for dep_context=non-requeueable deps ti=<TaskInstance: Sue_books_data_pipeline.extract_data scheduled__2025-09-10T00:00:00+00:00 [queued]>
[2025-09-11T00:00:08.311+0000] {taskinstance.py:2612} INFO - Dependencies all met for dep_context=requeueable deps ti=<TaskInstance: Sue_books_data_pipeline.extract_data scheduled__2025-09-10T00:00:00+00:00 [queued]>
[2025-09-11T00:00:08.329+0000] {taskinstance.py:2865} INFO - Starting attempt 1 of 3
[2025-09-11T00:00:08.390+0000] {taskinstance.py:2888} INFO - Executing <Task(_PythonDecoratedOperator): extract_data> on 2025-09-10 00:00:00+00:00
[2025-09-11T00:00:08.412+0000] {warnings.py:112} WARNING - /home/airflow/.local/lib/python3.12/site-packages/airflow/task/task_runner/standard_task_runner.py:70: DeprecationWarning: This process (pid=991) is multi-threaded, use of fork() may lead to deadlocks in the child.
  pid = os.fork()

[2025-09-11T00:00:08.415+0000] {standard_task_runner.py:104} INFO - Running: ['airflow', 'tasks', 'run', 'Sue_books_data_pipeline', 'extract_data', 'scheduled__2025-09-10T00:00:00+00:00', '--job-id', '17', '--raw', '--subdir', 'DAGS_FOLDER/pipeline_dag.py', '--cfg-path', '/tmp/tmp5yl57tib']
[2025-09-11T00:00:08.416+0000] {standard_task_runner.py:105} INFO - Job 17: Subtask extract_data
[2025-09-11T00:00:08.413+0000] {standard_task_runner.py:72} INFO - Started process 1001 to run task
[2025-09-11T00:00:08.739+0000] {task_command.py:467} INFO - Running <TaskInstance: Sue_books_data_pipeline.extract_data scheduled__2025-09-10T00:00:00+00:00 [running]> on host 77c98720bb84
[2025-09-11T00:00:09.187+0000] {taskinstance.py:3131} INFO - Exporting env vars: AIRFLOW_CTX_DAG_EMAIL='sadiquetimileyin@gmail.com' AIRFLOW_CTX_DAG_OWNER='sadique' AIRFLOW_CTX_DAG_ID='Sue_books_data_pipeline' AIRFLOW_CTX_TASK_ID='extract_data' AIRFLOW_CTX_EXECUTION_DATE='2025-09-10T00:00:00+00:00' AIRFLOW_CTX_TRY_NUMBER='1' AIRFLOW_CTX_DAG_RUN_ID='scheduled__2025-09-10T00:00:00+00:00'
[2025-09-11T00:00:09.211+0000] {logging_mixin.py:190} INFO - Task instance is in running state
[2025-09-11T00:00:09.212+0000] {logging_mixin.py:190} INFO -  Previous state of the Task instance: queued
[2025-09-11T00:00:09.213+0000] {logging_mixin.py:190} INFO - Current task name:extract_data state:running start_date:2025-09-11 00:00:08.301114+00:00
[2025-09-11T00:00:09.214+0000] {logging_mixin.py:190} INFO - Dag name:Sue_books_data_pipeline and current dag run status:running
[2025-09-11T00:00:09.214+0000] {taskinstance.py:731} INFO - ::endgroup::
[2025-09-11T00:00:09.379+0000] {python.py:240} INFO - Done. Returned value was: {'users': shape: (945, 6)
в”Ңв”Җв”Җв”Җв”Җв”Җв”¬в”Җв”Җв”Җв”Җв”Җв”Җв”Җв”Җв”Җв”Җв”Җв”Җв”Җв”Җв”Җв”Җв”Җв”Җв”Җв”¬в”Җв”Җв”Җв”Җв”Җв”Җв”Җв”Җв”Җв”Җв”Җв”Җв”Җв”Җв”Җв”Җв”Җв”Җв”Җв”¬в”Җв”Җв”Җв”Җв”Җв”Җв”Җв”Җв”Җв”Җв”Җв”Җв”Җв”Җв”Җв”Җв”Җв”Җв”Җв”¬в”Җв”Җв”Җв”Җв”Җв”Җв”Җв”Җв”Җв”Җв”Җв”Җв”Җв”¬в”Җв”Җв”Җв”Җв”Җв”Җв”Җв”Җв”Җв”Җв”Җв”Җв”Җв”Җв”Җв”Җв”Җв”Җв”җ
в”Ӯ id  в”Ҷ name              в”Ҷ email             в”Ҷ location          в”Ҷ signup_date в”Ҷ social_security_ в”Ӯ
в”Ӯ --- в”Ҷ ---               в”Ҷ ---               в”Ҷ ---               в”Ҷ ---         в”Ҷ number           в”Ӯ
в”Ӯ i64 в”Ҷ str               в”Ҷ str               в”Ҷ str               в”Ҷ str         в”Ҷ ---              в”Ӯ
в”Ӯ     в”Ҷ                   в”Ҷ                   в”Ҷ                   в”Ҷ             в”Ҷ str              в”Ӯ
в•һв•җв•җв•җв•җв•җв•Әв•җв•җв•җв•җв•җв•җв•җв•җв•җв•җв•җв•җв•җв•җв•җв•җв•җв•җв•җв•Әв•җв•җв•җв•җв•җв•җв•җв•җв•җв•җв•җв•җв•җв•җв•җв•җв•җв•җв•җв•Әв•җв•җв•җв•җв•җв•җв•җв•җв•җв•җв•җв•җв•җв•җв•җв•җв•җв•җв•җв•Әв•җв•җв•җв•җв•җв•җв•җв•җв•җв•җв•җв•җв•җв•Әв•җв•җв•җв•җв•җв•җв•җв•җв•җв•җв•җв•җв•җв•җв•җв•җв•җв•җв•Ў
в”Ӯ 1   в”Ҷ Tyler Webb        в”Ҷ not-an-email-addr в”Ҷ Evansland, UT     в”Ҷ 2021-03-07  в”Ҷ 162-57-6810      в”Ӯ
в”Ӯ     в”Ҷ                   в”Ҷ ess               в”Ҷ                   в”Ҷ             в”Ҷ                  в”Ӯ
в”Ӯ 2   в”Ҷ Mr. Lawrence      в”Ҷ jessica56@example в”Ҷ Zacharyville, MD  в”Ҷ 2022-09-23  в”Ҷ 123-45-INVALID   в”Ӯ
в”Ӯ     в”Ҷ Edwards           в”Ҷ .org              в”Ҷ                   в”Ҷ             в”Ҷ                  в”Ӯ
в”Ӯ 3   в”Ҷ Jerry Thomas      в”Ҷ robertspatrick@ex в”Ҷ Wrightburgh, GU   в”Ҷ 2024-08-21  в”Ҷ 336-74-5124      в”Ӯ
в”Ӯ     в”Ҷ                   в”Ҷ ample.net         в”Ҷ                   в”Ҷ             в”Ҷ                  в”Ӯ
в”Ӯ 4   в”Ҷ Shawn Jimenez     в”Ҷ kathrynjimenez@ex в”Ҷ South             в”Ҷ 2025-08-19  в”Ҷ 362-07-0829      в”Ӯ
в”Ӯ     в”Ҷ                   в”Ҷ ample.net         в”Ҷ Williambury, IL   в”Ҷ             в”Ҷ                  в”Ӯ
в”Ӯ 5   в”Ҷ Stephen Pena MD   в”Ҷ booneryan@example в”Ҷ Kathrynstad, AZ   в”Ҷ 2023-01-24  в”Ҷ 411-07-9344      в”Ӯ
в”Ӯ     в”Ҷ                   в”Ҷ .com              в”Ҷ                   в”Ҷ             в”Ҷ                  в”Ӯ
в”Ӯ вҖҰ   в”Ҷ вҖҰ                 в”Ҷ вҖҰ                 в”Ҷ вҖҰ                 в”Ҷ вҖҰ           в”Ҷ вҖҰ                в”Ӯ
в”Ӯ 941 в”Ҷ Autumn Sharp      в”Ҷ danielle39@exampl в”Ҷ                   в”Ҷ 2023-07-17  в”Ҷ 188-83-8143      в”Ӯ
в”Ӯ     в”Ҷ                   в”Ҷ e.net             в”Ҷ                   в”Ҷ             в”Ҷ                  в”Ӯ
в”Ӯ 942 в”Ҷ John Nelson       в”Ҷ jmedina@example.c в”Ҷ West Davidfurt,   в”Ҷ 2023-11-11  в”Ҷ 564-51-0054      в”Ӯ
в”Ӯ     в”Ҷ                   в”Ҷ om                в”Ҷ GU                в”Ҷ             в”Ҷ                  в”Ӯ
в”Ӯ 943 в”Ҷ Timothy Reilly    в”Ҷ jdonovan@example. в”Ҷ Williamchester,   в”Ҷ 2021-03-27  в”Ҷ 273-07-7008      в”Ӯ
в”Ӯ     в”Ҷ                   в”Ҷ net               в”Ҷ ID                в”Ҷ             в”Ҷ                  в”Ӯ
в”Ӯ 944 в”Ҷ Karen Hughes      в”Ҷ taylordavid@examp в”Ҷ Port Chadville,   в”Ҷ 2024-11-01  в”Ҷ 549-35-2088      в”Ӯ
в”Ӯ     в”Ҷ                   в”Ҷ le.org            в”Ҷ OH                в”Ҷ             в”Ҷ                  в”Ӯ
в”Ӯ 945 в”Ҷ Tammy Mcdaniel    в”Ҷ not-an-email-addr в”Ҷ North Patricia,   в”Ҷ 2021-03-07  в”Ҷ 011-15-5532      в”Ӯ
в”Ӯ     в”Ҷ                   в”Ҷ ess               в”Ҷ OK                в”Ҷ             в”Ҷ                  в”Ӯ
в””в”Җв”Җв”Җв”Җв”Җв”ҙв”Җв”Җв”Җв”Җв”Җв”Җв”Җв”Җв”Җв”Җв”Җв”Җв”Җв”Җв”Җв”Җв”Җв”Җв”Җв”ҙв”Җв”Җв”Җв”Җв”Җв”Җв”Җв”Җв”Җв”Җв”Җв”Җв”Җв”Җв”Җв”Җв”Җв”Җв”Җв”ҙв”Җв”Җв”Җв”Җв”Җв”Җв”Җв”Җв”Җв”Җв”Җв”Җв”Җв”Җв”Җв”Җв”Җв”Җв”Җв”ҙв”Җв”Җв”Җв”Җв”Җв”Җв”Җв”Җв”Җв”Җв”Җв”Җв”Җв”ҙв”Җв”Җв”Җв”Җв”Җв”Җв”Җв”Җв”Җв”Җв”Җв”Җв”Җв”Җв”Җв”Җв”Җв”Җв”ҳ, 'transactions': shape: (100_091, 5)
в”Ңв”Җв”Җв”Җв”Җв”Җв”Җв”Җв”Җв”Җв”Җв”Җв”Җв”Җв”Җв”Җв”Җв”¬в”Җв”Җв”Җв”Җв”Җв”Җв”Җв”Җв”Җв”¬в”Җв”Җв”Җв”Җв”Җв”Җв”Җв”Җв”Җв”¬в”Җв”Җв”Җв”Җв”Җв”Җв”Җв”Җв”¬в”Җв”Җв”Җв”Җв”Җв”Җв”Җв”Җв”Җв”Җв”Җв”Җв”Җв”Җв”Җв”Җв”Җв”Җв”Җв”Җв”Җв”җ
в”Ӯ transaction_id в”Ҷ user_id в”Ҷ book_id в”Ҷ amount в”Ҷ timestamp           в”Ӯ
в”Ӯ ---            в”Ҷ ---     в”Ҷ ---     в”Ҷ ---    в”Ҷ ---                 в”Ӯ
в”Ӯ i64            в”Ҷ str     в”Ҷ str     в”Ҷ f64    в”Ҷ str                 в”Ӯ
в•һв•җв•җв•җв•җв•җв•җв•җв•җв•җв•җв•җв•җв•җв•җв•җв•җв•Әв•җв•җв•җв•җв•җв•җв•җв•җв•җв•Әв•җв•җв•җв•җв•җв•җв•җв•җв•җв•Әв•җв•җв•җв•җв•җв•җв•җв•җв•Әв•җв•җв•җв•җв•җв•җв•җв•җв•җв•җв•җв•җв•җв•җв•җв•җв•җв•җв•җв•җв•җв•Ў
в”Ӯ 54383          в”Ҷ 595     в”Ҷ 81.0    в”Ҷ 0.0    в”Ҷ 2023-09-04 21:40:19 в”Ӯ
в”Ӯ 21271          в”Ҷ 657     в”Ҷ 33.0    в”Ҷ 0.0    в”Ҷ 2023-09-04 21:41:06 в”Ӯ
в”Ӯ 84514          в”Ҷ 657     в”Ҷ 103.0   в”Ҷ 10.74  в”Ҷ 2023-09-04 21:58:06 в”Ӯ
в”Ӯ 60989          в”Ҷ 657     в”Ҷ 58.0    в”Ҷ 9.95   в”Ҷ 2023-09-04 22:05:06 в”Ӯ
в”Ӯ 21716          в”Ҷ 1092    в”Ҷ 98.0    в”Ҷ 34.02  в”Ҷ 2023-09-04 21:50:30 в”Ӯ
в”Ӯ вҖҰ              в”Ҷ вҖҰ       в”Ҷ вҖҰ       в”Ҷ вҖҰ      в”Ҷ вҖҰ                   в”Ӯ
в”Ӯ 100087         в”Ҷ 157     в”Ҷ 51.0    в”Ҷ -33.32 в”Ҷ 2025-09-21 17:32:35 в”Ӯ
в”Ӯ 100088         в”Ҷ 346     в”Ҷ 35.0    в”Ҷ -18.69 в”Ҷ 2025-07-14 13:49:08 в”Ӯ
в”Ӯ 100089         в”Ҷ 68      в”Ҷ 100.0   в”Ҷ -29.76 в”Ҷ 2025-01-04 01:29:02 в”Ӯ
в”Ӯ 100090         в”Ҷ 177     в”Ҷ 93.0    в”Ҷ -22.34 в”Ҷ 2025-06-08 09:28:22 в”Ӯ
в”Ӯ 100091         в”Ҷ 132     в”Ҷ 71.0    в”Ҷ -26.41 в”Ҷ 2025-01-29 14:07:14 в”Ӯ
в””в”Җв”Җв”Җв”Җв”Җв”Җв”Җв”Җв”Җв”Җв”Җв”Җв”Җв”Җв”Җв”Җв”ҙв”Җв”Җв”Җв”Җв”Җв”Җв”Җв”Җв”Җв”ҙв”Җв”Җв”Җв”Җв”Җв”Җв”Җв”Җв”Җв”ҙв”Җв”Җв”Җв”Җв”Җв”Җв”Җв”Җв”ҙв”Җв”Җв”Җв”Җв”Җв”Җв”Җв”Җв”Җв”Җв”Җв”Җв”Җв”Җв”Җв”Җв”Җв”Җв”Җв”Җв”Җв”ҳ, 'books': shape: (112, 9)
в”Ңв”Җв”Җв”Җв”Җв”Җв”Җв”Җв”Җв”Җв”¬в”Җв”Җв”Җв”Җв”Җв”Җв”Җв”Җв”Җв”Җв”Җв”Җв”¬в”Җв”Җв”Җв”Җв”Җв”Җв”Җв”Җв”Җв”Җв”Җв”Җв”¬в”Җв”Җв”Җв”Җв”Җв”Җв”Җв”Җв”Җв”Җв”Җв”Җв”¬в”Җв”Җв”Җв”¬в”Җв”Җв”Җв”Җв”Җв”Җв”Җв”Җв”Җв”Җв”Җв”Җв”¬в”Җв”Җв”Җв”Җв”Җв”Җв”Җв”Җв”Җв”Җв”Җв”Җв”¬в”Җв”Җв”Җв”Җв”Җв”Җв”Җв”¬в”Җв”Җв”Җв”Җв”Җв”Җв”Җв”Җв”Җв”Җв”Җв”җ
в”Ӯ book_id в”Ҷ title      в”Ҷ category   в”Ҷ base_price в”Ҷ вҖҰ в”Ҷ isbn       в”Ҷ publicatio в”Ҷ pages в”Ҷ publisher в”Ӯ
в”Ӯ ---     в”Ҷ ---        в”Ҷ ---        в”Ҷ ---        в”Ҷ   в”Ҷ ---        в”Ҷ n_year     в”Ҷ ---   в”Ҷ ---       в”Ӯ
в”Ӯ i64     в”Ҷ str        в”Ҷ str        в”Ҷ f64        в”Ҷ   в”Ҷ str        в”Ҷ ---        в”Ҷ i64   в”Ҷ str       в”Ӯ
в”Ӯ         в”Ҷ            в”Ҷ            в”Ҷ            в”Ҷ   в”Ҷ            в”Ҷ i64        в”Ҷ       в”Ҷ           в”Ӯ
в•һв•җв•җв•җв•җв•җв•җв•җв•җв•җв•Әв•җв•җв•җв•җв•җв•җв•җв•җв•җв•җв•җв•җв•Әв•җв•җв•җв•җв•җв•җв•җв•җв•җв•җв•җв•җв•Әв•җв•җв•җв•җв•җв•җв•җв•җв•җв•җв•җв•җв•Әв•җв•җв•җв•Әв•җв•җв•җв•җв•җв•җв•җв•җв•җв•җв•җв•җв•Әв•җв•җв•җв•җв•җв•җв•җв•җв•җв•җв•җв•җв•Әв•җв•җв•җв•җв•җв•җв•җв•Әв•җв•җв•җв•җв•җв•җв•җв•җв•җв•җв•җв•Ў
в”Ӯ 1       в”Ҷ The Great  в”Ҷ Cooking    в”Ҷ 15.44      в”Ҷ вҖҰ в”Ҷ 978-0-18-1 в”Ҷ 2007       в”Ҷ 400   в”Ҷ Hall PLC  в”Ӯ
в”Ӯ         в”Ҷ Adventure  в”Ҷ            в”Ҷ            в”Ҷ   в”Ҷ 96001-0    в”Ҷ            в”Ҷ       в”Ҷ           в”Ӯ
в”Ӯ 2       в”Ҷ Digital    в”Ҷ Romance    в”Ҷ 9.25       в”Ҷ вҖҰ в”Ҷ 978-0-7940 в”Ҷ 1996       в”Ҷ 708   в”Ҷ Lewis LLC в”Ӯ
в”Ӯ         в”Ҷ Transforma в”Ҷ            в”Ҷ            в”Ҷ   в”Ҷ -2654-7    в”Ҷ            в”Ҷ       в”Ҷ           в”Ӯ
в”Ӯ         в”Ҷ tion Guide в”Ҷ            в”Ҷ            в”Ҷ   в”Ҷ            в”Ҷ            в”Ҷ       в”Ҷ           в”Ӯ
в”Ӯ 3       в”Ҷ Cooking    в”Ҷ Non-Fictio в”Ҷ 25.98      в”Ҷ вҖҰ в”Ҷ 978-1-07-8 в”Ҷ 1992       в”Ҷ 180   в”Ҷ Montgomer в”Ӯ
в”Ӯ         в”Ҷ Mastery    в”Ҷ n          в”Ҷ            в”Ҷ   в”Ҷ 16184-8    в”Ҷ            в”Ҷ       в”Ҷ y,        в”Ӯ
в”Ӯ         в”Ҷ            в”Ҷ            в”Ҷ            в”Ҷ   в”Ҷ            в”Ҷ            в”Ҷ       в”Ҷ Hensley   в”Ӯ
в”Ӯ         в”Ҷ            в”Ҷ            в”Ҷ            в”Ҷ   в”Ҷ            в”Ҷ            в”Ҷ       в”Ҷ and Ray   в”Ӯ
в”Ӯ 4       в”Ҷ The Silent в”Ҷ Non-Fictio в”Ҷ 17.8       в”Ҷ вҖҰ в”Ҷ 978-0-316- в”Ҷ 2022       в”Ҷ 766   в”Ҷ Clark-Ada в”Ӯ
в”Ӯ         в”Ҷ Observer   в”Ҷ n          в”Ҷ            в”Ҷ   в”Ҷ 47525-9    в”Ҷ            в”Ҷ       в”Ҷ ms        в”Ӯ
в”Ӯ 5       в”Ҷ Machine    в”Ҷ Fiction    в”Ҷ 17.97      в”Ҷ вҖҰ в”Ҷ 978-0-276- в”Ҷ 2024       в”Ҷ 579   в”Ҷ Underwood в”Ӯ
в”Ӯ         в”Ҷ Learning   в”Ҷ            в”Ҷ            в”Ҷ   в”Ҷ 48350-9    в”Ҷ            в”Ҷ       в”Ҷ LLC       в”Ӯ
в”Ӯ         в”Ҷ Fundamenta в”Ҷ            в”Ҷ            в”Ҷ   в”Ҷ            в”Ҷ            в”Ҷ       в”Ҷ           в”Ӯ
в”Ӯ         в”Ҷ ls         в”Ҷ            в”Ҷ            в”Ҷ   в”Ҷ            в”Ҷ            в”Ҷ       в”Ҷ           в”Ӯ
в”Ӯ вҖҰ       в”Ҷ вҖҰ          в”Ҷ вҖҰ          в”Ҷ вҖҰ          в”Ҷ вҖҰ в”Ҷ вҖҰ          в”Ҷ вҖҰ          в”Ҷ вҖҰ     в”Ҷ вҖҰ         в”Ӯ
в”Ӯ 108     в”Ҷ Investment в”Ҷ Fiction    в”Ҷ 10.84      в”Ҷ вҖҰ в”Ҷ 978-0-7058 в”Ҷ 2006       в”Ҷ 332   в”Ҷ Salazar   в”Ӯ
в”Ӯ         в”Ҷ Strategies в”Ҷ            в”Ҷ            в”Ҷ   в”Ҷ -9578-1    в”Ҷ            в”Ҷ       в”Ҷ Inc       в”Ӯ
в”Ӯ 109     в”Ҷ Vue.js     в”Ҷ Children   в”Ҷ 14.65      в”Ҷ вҖҰ в”Ҷ 978-1-6912 в”Ҷ 2006       в”Ҷ 189   в”Ҷ Holmes,   в”Ӯ
в”Ӯ         в”Ҷ Mastery    в”Ҷ            в”Ҷ            в”Ҷ   в”Ҷ 5-177-3    в”Ҷ            в”Ҷ       в”Ҷ Anderson  в”Ӯ
в”Ӯ         в”Ҷ            в”Ҷ            в”Ҷ            в”Ҷ   в”Ҷ            в”Ҷ            в”Ҷ       в”Ҷ and       в”Ӯ
в”Ӯ         в”Ҷ            в”Ҷ            в”Ҷ            в”Ҷ   в”Ҷ            в”Ҷ            в”Ҷ       в”Ҷ Calderon  в”Ӯ
в”Ӯ 110     в”Ҷ Love at    в”Ҷ Non-Fictio в”Ҷ 26.11      в”Ҷ вҖҰ в”Ҷ 978-1-8018 в”Ҷ 2012       в”Ҷ 471   в”Ҷ Donovan-P в”Ӯ
в”Ӯ         в”Ҷ First      в”Ҷ n          в”Ҷ            в”Ҷ   в”Ҷ 2-422-4    в”Ҷ            в”Ҷ       в”Ҷ erez      в”Ӯ
в”Ӯ         в”Ҷ Sight      в”Ҷ            в”Ҷ            в”Ҷ   в”Ҷ            в”Ҷ            в”Ҷ       в”Ҷ           в”Ӯ
в”Ӯ 111     в”Ҷ The        в”Ҷ Self-Help  в”Ҷ 19.87      в”Ҷ вҖҰ в”Ҷ 978-1-384- в”Ҷ 2022       в”Ҷ 268   в”Ҷ Davidson, в”Ӯ
в”Ӯ         в”Ҷ Conspiracy в”Ҷ            в”Ҷ            в”Ҷ   в”Ҷ 24981-0    в”Ҷ            в”Ҷ       в”Ҷ Vargas    в”Ӯ
в”Ӯ         в”Ҷ            в”Ҷ            в”Ҷ            в”Ҷ   в”Ҷ            в”Ҷ            в”Ҷ       в”Ҷ and       в”Ӯ
в”Ӯ         в”Ҷ            в”Ҷ            в”Ҷ            в”Ҷ   в”Ҷ            в”Ҷ            в”Ҷ       в”Ҷ Carpenter в”Ӯ
в”Ӯ 112     в”Ҷ Retirement в”Ҷ Self-Help  в”Ҷ 23.68      в”Ҷ вҖҰ в”Ҷ 978-0-01-0 в”Ҷ 2002       в”Ҷ 410   в”Ҷ Fowler,   в”Ӯ
в”Ӯ         в”Ҷ Planning   в”Ҷ            в”Ҷ            в”Ҷ   в”Ҷ 94396-2    в”Ҷ            в”Ҷ       в”Ҷ Jimenez   в”Ӯ
в”Ӯ         в”Ҷ            в”Ҷ            в”Ҷ            в”Ҷ   в”Ҷ            в”Ҷ            в”Ҷ       в”Ҷ and       в”Ӯ
в”Ӯ         в”Ҷ            в”Ҷ            в”Ҷ            в”Ҷ   в”Ҷ            в”Ҷ            в”Ҷ       в”Ҷ Burton    в”Ӯ
в””в”Җв”Җв”Җв”Җв”Җв”Җв”Җв”Җв”Җв”ҙв”Җв”Җв”Җв”Җв”Җв”Җв”Җв”Җв”Җв”Җв”Җв”Җв”ҙв”Җв”Җв”Җв”Җв”Җв”Җв”Җв”Җв”Җв”Җв”Җв”Җв”ҙв”Җв”Җв”Җв”Җв”Җв”Җв”Җв”Җв”Җв”Җв”Җв”Җв”ҙв”Җв”Җв”Җв”ҙв”Җв”Җв”Җв”Җв”Җв”Җв”Җв”Җв”Җв”Җв”Җв”Җв”ҙв”Җв”Җв”Җв”Җв”Җв”Җв”Җв”Җв”Җв”Җв”Җв”Җв”ҙв”Җв”Җв”Җв”Җв”Җв”Җв”Җв”ҙв”Җв”Җв”Җв”Җв”Җв”Җв”Җв”Җв”Җв”Җв”Җв”ҳ}
[2025-09-11T00:00:09.403+0000] {xcom.py:690} ERROR - Object of type bytes is not JSON serializable. If you are using pickle instead of JSON for XCom, then you need to enable pickle support for XCom in your airflow config or make sure to decorate your object with attr.
[2025-09-11T00:00:09.420+0000] {taskinstance.py:3310} ERROR - Task failed with exception
Traceback (most recent call last):
  File "/home/airflow/.local/lib/python3.12/site-packages/airflow/utils/json.py", line 92, in default
    return serialize(o)
           ^^^^^^^^^^^^
  File "/home/airflow/.local/lib/python3.12/site-packages/airflow/serialization/serde.py", line 190, in serialize
    raise TypeError(f"cannot serialize object of type {cls}")
TypeError: cannot serialize object of type <class 'bytes'>

During handling of the above exception, another exception occurred:

Traceback (most recent call last):
  File "/home/airflow/.local/lib/python3.12/site-packages/airflow/models/taskinstance.py", line 789, in _execute_task
    task_instance.xcom_push(key=XCOM_RETURN_KEY, value=xcom_value, session=session_or_null)
  File "/home/airflow/.local/lib/python3.12/site-packages/airflow/utils/session.py", line 94, in wrapper
    return func(*args, **kwargs)
           ^^^^^^^^^^^^^^^^^^^^^
  File "/home/airflow/.local/lib/python3.12/site-packages/airflow/models/taskinstance.py", line 3638, in xcom_push
    XCom.set(
  File "/home/airflow/.local/lib/python3.12/site-packages/airflow/api_internal/internal_api_call.py", line 139, in wrapper
    return func(*args, **kwargs)
           ^^^^^^^^^^^^^^^^^^^^^
  File "/home/airflow/.local/lib/python3.12/site-packages/airflow/utils/session.py", line 94, in wrapper
    return func(*args, **kwargs)
           ^^^^^^^^^^^^^^^^^^^^^
  File "/home/airflow/.local/lib/python3.12/site-packages/airflow/models/xcom.py", line 249, in set
    value = cls.serialize_value(
            ^^^^^^^^^^^^^^^^^^^^
  File "/home/airflow/.local/lib/python3.12/site-packages/airflow/models/xcom.py", line 688, in serialize_value
    return json.dumps(value, cls=XComEncoder).encode("UTF-8")
           ^^^^^^^^^^^^^^^^^^^^^^^^^^^^^^^^^^
  File "/usr/local/lib/python3.12/json/__init__.py", line 238, in dumps
    **kw).encode(obj)
          ^^^^^^^^^^^
  File "/home/airflow/.local/lib/python3.12/site-packages/airflow/utils/json.py", line 105, in encode
    return super().encode(o)
           ^^^^^^^^^^^^^^^^^
  File "/usr/local/lib/python3.12/json/encoder.py", line 200, in encode
    chunks = self.iterencode(o, _one_shot=True)
             ^^^^^^^^^^^^^^^^^^^^^^^^^^^^^^^^^^
  File "/usr/local/lib/python3.12/json/encoder.py", line 258, in iterencode
    return _iterencode(o, 0)
           ^^^^^^^^^^^^^^^^^
  File "/home/airflow/.local/lib/python3.12/site-packages/airflow/utils/json.py", line 94, in default
    return super().default(o)
           ^^^^^^^^^^^^^^^^^^
  File "/usr/local/lib/python3.12/json/encoder.py", line 180, in default
    raise TypeError(f'Object of type {o.__class__.__name__} '
TypeError: Object of type bytes is not JSON serializable
[2025-09-11T00:00:09.543+0000] {logging_mixin.py:190} INFO - Task instance in failure state
[2025-09-11T00:00:09.550+0000] {logging_mixin.py:190} INFO - Task start:2025-09-11 00:00:08.301114+00:00 end:2025-09-11 00:00:09.542026+00:00 duration:1.240912
[2025-09-11T00:00:09.551+0000] {logging_mixin.py:190} INFO - Task:<Task(_PythonDecoratedOperator): extract_data> dag:<DAG: Sue_books_data_pipeline> dagrun:<DagRun Sue_books_data_pipeline @ 2025-09-10 00:00:00+00:00: scheduled__2025-09-10T00:00:00+00:00, state:running, queued_at: 2025-09-11 00:00:00.166755+00:00. externally triggered: False>
[2025-09-11T00:00:09.551+0000] {logging_mixin.py:190} INFO - Failure caused by Object of type bytes is not JSON serializable
[2025-09-11T00:00:09.556+0000] {taskinstance.py:1225} INFO - Marking task as UP_FOR_RETRY. dag_id=Sue_books_data_pipeline, task_id=extract_data, run_id=scheduled__2025-09-10T00:00:00+00:00, execution_date=20250910T000000, start_date=20250911T000008, end_date=20250911T000009
[2025-09-11T00:00:09.603+0000] {taskinstance.py:340} INFO - ::group::Post task execution logs
[2025-09-11T00:00:09.604+0000] {standard_task_runner.py:124} ERROR - Failed to execute job 17 for task extract_data (Object of type bytes is not JSON serializable; 1001)
Traceback (most recent call last):
  File "/home/airflow/.local/lib/python3.12/site-packages/airflow/utils/json.py", line 92, in default
    return serialize(o)
           ^^^^^^^^^^^^
  File "/home/airflow/.local/lib/python3.12/site-packages/airflow/serialization/serde.py", line 190, in serialize
    raise TypeError(f"cannot serialize object of type {cls}")
TypeError: cannot serialize object of type <class 'bytes'>

During handling of the above exception, another exception occurred:

Traceback (most recent call last):
  File "/home/airflow/.local/lib/python3.12/site-packages/airflow/task/task_runner/standard_task_runner.py", line 117, in _start_by_fork
    ret = args.func(args, dag=self.dag)
          ^^^^^^^^^^^^^^^^^^^^^^^^^^^^^
  File "/home/airflow/.local/lib/python3.12/site-packages/airflow/cli/cli_config.py", line 49, in command
    return func(*args, **kwargs)
           ^^^^^^^^^^^^^^^^^^^^^
  File "/home/airflow/.local/lib/python3.12/site-packages/airflow/utils/cli.py", line 115, in wrapper
    return f(*args, **kwargs)
           ^^^^^^^^^^^^^^^^^^
  File "/home/airflow/.local/lib/python3.12/site-packages/airflow/cli/commands/task_command.py", line 483, in task_run
    task_return_code = _run_task_by_selected_method(args, _dag, ti)
                       ^^^^^^^^^^^^^^^^^^^^^^^^^^^^^^^^^^^^^^^^^^^^
  File "/home/airflow/.local/lib/python3.12/site-packages/airflow/cli/commands/task_command.py", line 256, in _run_task_by_selected_method
    return _run_raw_task(args, ti)
           ^^^^^^^^^^^^^^^^^^^^^^^
  File "/home/airflow/.local/lib/python3.12/site-packages/airflow/cli/commands/task_command.py", line 341, in _run_raw_task
    return ti._run_raw_task(
           ^^^^^^^^^^^^^^^^^
  File "/home/airflow/.local/lib/python3.12/site-packages/airflow/utils/session.py", line 97, in wrapper
    return func(*args, session=session, **kwargs)
           ^^^^^^^^^^^^^^^^^^^^^^^^^^^^^^^^^^^^^^
  File "/home/airflow/.local/lib/python3.12/site-packages/airflow/models/taskinstance.py", line 3004, in _run_raw_task
    return _run_raw_task(
           ^^^^^^^^^^^^^^
  File "/home/airflow/.local/lib/python3.12/site-packages/airflow/models/taskinstance.py", line 273, in _run_raw_task
    TaskInstance._execute_task_with_callbacks(
  File "/home/airflow/.local/lib/python3.12/site-packages/airflow/models/taskinstance.py", line 3158, in _execute_task_with_callbacks
    result = self._execute_task(context, task_orig)
             ^^^^^^^^^^^^^^^^^^^^^^^^^^^^^^^^^^^^^^
  File "/home/airflow/.local/lib/python3.12/site-packages/airflow/models/taskinstance.py", line 3182, in _execute_task
    return _execute_task(self, context, task_orig)
           ^^^^^^^^^^^^^^^^^^^^^^^^^^^^^^^^^^^^^^^
  File "/home/airflow/.local/lib/python3.12/site-packages/airflow/models/taskinstance.py", line 789, in _execute_task
    task_instance.xcom_push(key=XCOM_RETURN_KEY, value=xcom_value, session=session_or_null)
  File "/home/airflow/.local/lib/python3.12/site-packages/airflow/utils/session.py", line 94, in wrapper
    return func(*args, **kwargs)
           ^^^^^^^^^^^^^^^^^^^^^
  File "/home/airflow/.local/lib/python3.12/site-packages/airflow/models/taskinstance.py", line 3638, in xcom_push
    XCom.set(
  File "/home/airflow/.local/lib/python3.12/site-packages/airflow/api_internal/internal_api_call.py", line 139, in wrapper
    return func(*args, **kwargs)
           ^^^^^^^^^^^^^^^^^^^^^
  File "/home/airflow/.local/lib/python3.12/site-packages/airflow/utils/session.py", line 94, in wrapper
    return func(*args, **kwargs)
           ^^^^^^^^^^^^^^^^^^^^^
  File "/home/airflow/.local/lib/python3.12/site-packages/airflow/models/xcom.py", line 249, in set
    value = cls.serialize_value(
            ^^^^^^^^^^^^^^^^^^^^
  File "/home/airflow/.local/lib/python3.12/site-packages/airflow/models/xcom.py", line 688, in serialize_value
    return json.dumps(value, cls=XComEncoder).encode("UTF-8")
           ^^^^^^^^^^^^^^^^^^^^^^^^^^^^^^^^^^
  File "/usr/local/lib/python3.12/json/__init__.py", line 238, in dumps
    **kw).encode(obj)
          ^^^^^^^^^^^
  File "/home/airflow/.local/lib/python3.12/site-packages/airflow/utils/json.py", line 105, in encode
    return super().encode(o)
           ^^^^^^^^^^^^^^^^^
  File "/usr/local/lib/python3.12/json/encoder.py", line 200, in encode
    chunks = self.iterencode(o, _one_shot=True)
             ^^^^^^^^^^^^^^^^^^^^^^^^^^^^^^^^^^
  File "/usr/local/lib/python3.12/json/encoder.py", line 258, in iterencode
    return _iterencode(o, 0)
           ^^^^^^^^^^^^^^^^^
  File "/home/airflow/.local/lib/python3.12/site-packages/airflow/utils/json.py", line 94, in default
    return super().default(o)
           ^^^^^^^^^^^^^^^^^^
  File "/usr/local/lib/python3.12/json/encoder.py", line 180, in default
    raise TypeError(f'Object of type {o.__class__.__name__} '
TypeError: Object of type bytes is not JSON serializable
[2025-09-11T00:00:09.687+0000] {local_task_job_runner.py:266} INFO - Task exited with return code 1
[2025-09-11T00:00:09.761+0000] {taskinstance.py:3900} INFO - 0 downstream tasks scheduled from follow-on schedule check
[2025-09-11T00:00:09.769+0000] {local_task_job_runner.py:245} INFO - ::endgroup::
