[2025-09-11T04:09:12.018+0000] {local_task_job_runner.py:123} INFO - ::group::Pre task execution logs
[2025-09-11T04:09:12.072+0000] {taskinstance.py:2612} INFO - Dependencies all met for dep_context=non-requeueable deps ti=<TaskInstance: Sue_books_data_pipeline.load_data manual__2025-09-11T04:07:21.168847+00:00 [queued]>
[2025-09-11T04:09:12.097+0000] {taskinstance.py:2612} INFO - Dependencies all met for dep_context=requeueable deps ti=<TaskInstance: Sue_books_data_pipeline.load_data manual__2025-09-11T04:07:21.168847+00:00 [queued]>
[2025-09-11T04:09:12.098+0000] {taskinstance.py:2865} INFO - Starting attempt 2 of 3
[2025-09-11T04:09:12.138+0000] {taskinstance.py:2888} INFO - Executing <Task(_PythonDecoratedOperator): load_data> on 2025-09-11 04:07:21.168847+00:00
[2025-09-11T04:09:12.183+0000] {warnings.py:112} WARNING - /home/airflow/.local/lib/python3.12/site-packages/airflow/task/task_runner/standard_task_runner.py:70: DeprecationWarning: This process (pid=1206) is multi-threaded, use of fork() may lead to deadlocks in the child.
  pid = os.fork()

[2025-09-11T04:09:12.195+0000] {standard_task_runner.py:72} INFO - Started process 1209 to run task
[2025-09-11T04:09:12.185+0000] {standard_task_runner.py:104} INFO - Running: ['airflow', 'tasks', 'run', 'Sue_books_data_pipeline', 'load_data', 'manual__2025-09-11T04:07:21.168847+00:00', '--job-id', '111', '--raw', '--subdir', 'DAGS_FOLDER/pipeline_dag.py', '--cfg-path', '/tmp/tmp5d7mvx53']
[2025-09-11T04:09:12.200+0000] {standard_task_runner.py:105} INFO - Job 111: Subtask load_data
[2025-09-11T04:09:12.490+0000] {task_command.py:467} INFO - Running <TaskInstance: Sue_books_data_pipeline.load_data manual__2025-09-11T04:07:21.168847+00:00 [running]> on host 34752174ab96
[2025-09-11T04:09:12.975+0000] {taskinstance.py:3131} INFO - Exporting env vars: AIRFLOW_CTX_DAG_EMAIL='sadiquetimileyin@gmail.com' AIRFLOW_CTX_DAG_OWNER='sadique' AIRFLOW_CTX_DAG_ID='Sue_books_data_pipeline' AIRFLOW_CTX_TASK_ID='load_data' AIRFLOW_CTX_EXECUTION_DATE='2025-09-11T04:07:21.168847+00:00' AIRFLOW_CTX_TRY_NUMBER='2' AIRFLOW_CTX_DAG_RUN_ID='manual__2025-09-11T04:07:21.168847+00:00'
[2025-09-11T04:09:13.009+0000] {logging_mixin.py:190} INFO - Task instance is in running state
[2025-09-11T04:09:13.011+0000] {logging_mixin.py:190} INFO -  Previous state of the Task instance: queued
[2025-09-11T04:09:13.012+0000] {logging_mixin.py:190} INFO - Current task name:load_data state:running start_date:2025-09-11 04:09:12.073473+00:00
[2025-09-11T04:09:13.012+0000] {logging_mixin.py:190} INFO - Dag name:Sue_books_data_pipeline and current dag run status:running
[2025-09-11T04:09:13.013+0000] {taskinstance.py:731} INFO - ::endgroup::
[2025-09-11T04:09:14.048+0000] {tables.py:215} INFO - Dimension tables created successfully.
[2025-09-11T04:09:14.433+0000] {tables.py:241} INFO - Fact table created successfully. Total records: 78484
[2025-09-11T04:09:14.583+0000] {utils.py:103} WARNING - Database 'sales_db' already exists.
[2025-09-11T04:09:14.775+0000] {utils.py:216} INFO - Tables created successfully.
[2025-09-11T04:09:14.801+0000] {utils.py:220} INFO - OLAP Tables: ['dim_user', 'fact_transactions', 'dim_book', 'dim_date', 'fact_daily_sales', 'fact_book_sales']
[2025-09-11T04:09:14.944+0000] {utils.py:182} INFO - Preparing to upsert 904 rows into oltp.users...
[2025-09-11T04:09:15.208+0000] {utils.py:199} INFO - 904 records upserted into oltp.users
[2025-09-11T04:09:15.209+0000] {utils.py:182} INFO - Preparing to upsert 112 rows into oltp.books...
[2025-09-11T04:09:15.289+0000] {utils.py:199} INFO - 112 records upserted into oltp.books
[2025-09-11T04:09:15.291+0000] {utils.py:182} INFO - Preparing to upsert 78484 rows into oltp.transactions...
[2025-09-11T04:09:30.922+0000] {utils.py:199} INFO - 78484 records upserted into oltp.transactions
[2025-09-11T04:09:30.925+0000] {utils.py:182} INFO - Preparing to upsert 904 rows into olap.dim_user...
[2025-09-11T04:09:31.119+0000] {utils.py:201} ERROR - Failed to upsert into olap.dim_user: duplicate key value violates unique constraint "dim_user_user_id_key"
DETAIL:  Key (user_id)=(165) already exists.
Traceback (most recent call last):
  File "/opt/airflow/dags/utils.py", line 196, in upsert_from_df
    execute_values(cur, insert_sql, values, page_size=chunk_size)
  File "/home/airflow/.local/lib/python3.12/site-packages/psycopg2/extras.py", line 1299, in execute_values
    cur.execute(b''.join(parts))
psycopg2.errors.UniqueViolation: duplicate key value violates unique constraint "dim_user_user_id_key"
DETAIL:  Key (user_id)=(165) already exists.

[2025-09-11T04:09:31.135+0000] {taskinstance.py:3310} ERROR - Task failed with exception
Traceback (most recent call last):
  File "/home/airflow/.local/lib/python3.12/site-packages/airflow/models/taskinstance.py", line 767, in _execute_task
    result = _execute_callable(context=context, **execute_callable_kwargs)
             ^^^^^^^^^^^^^^^^^^^^^^^^^^^^^^^^^^^^^^^^^^^^^^^^^^^^^^^^^^^^^
  File "/home/airflow/.local/lib/python3.12/site-packages/airflow/models/taskinstance.py", line 733, in _execute_callable
    return ExecutionCallableRunner(
           ^^^^^^^^^^^^^^^^^^^^^^^^
  File "/home/airflow/.local/lib/python3.12/site-packages/airflow/utils/operator_helpers.py", line 252, in run
    return self.func(*args, **kwargs)
           ^^^^^^^^^^^^^^^^^^^^^^^^^^
  File "/home/airflow/.local/lib/python3.12/site-packages/airflow/models/baseoperator.py", line 406, in wrapper
    return func(self, *args, **kwargs)
           ^^^^^^^^^^^^^^^^^^^^^^^^^^^
  File "/home/airflow/.local/lib/python3.12/site-packages/airflow/decorators/base.py", line 266, in execute
    return_value = super().execute(context)
                   ^^^^^^^^^^^^^^^^^^^^^^^^
  File "/home/airflow/.local/lib/python3.12/site-packages/airflow/models/baseoperator.py", line 406, in wrapper
    return func(self, *args, **kwargs)
           ^^^^^^^^^^^^^^^^^^^^^^^^^^^
  File "/home/airflow/.local/lib/python3.12/site-packages/airflow/operators/python.py", line 238, in execute
    return_value = self.execute_callable()
                   ^^^^^^^^^^^^^^^^^^^^^^^
  File "/home/airflow/.local/lib/python3.12/site-packages/airflow/operators/python.py", line 256, in execute_callable
    return runner.run(*self.op_args, **self.op_kwargs)
           ^^^^^^^^^^^^^^^^^^^^^^^^^^^^^^^^^^^^^^^^^^^
  File "/home/airflow/.local/lib/python3.12/site-packages/airflow/utils/operator_helpers.py", line 252, in run
    return self.func(*args, **kwargs)
           ^^^^^^^^^^^^^^^^^^^^^^^^^^
  File "/opt/airflow/dags/pipeline_dag.py", line 71, in load_data
    upsert_from_df(conn, dim_tables['dim_user'], 'dim_user', ['user_sk'], schema='olap')
  File "/opt/airflow/dags/utils.py", line 196, in upsert_from_df
    execute_values(cur, insert_sql, values, page_size=chunk_size)
  File "/home/airflow/.local/lib/python3.12/site-packages/psycopg2/extras.py", line 1299, in execute_values
    cur.execute(b''.join(parts))
psycopg2.errors.UniqueViolation: duplicate key value violates unique constraint "dim_user_user_id_key"
DETAIL:  Key (user_id)=(165) already exists.

[2025-09-11T04:09:31.335+0000] {logging_mixin.py:190} INFO - Task instance in failure state
[2025-09-11T04:09:31.336+0000] {logging_mixin.py:190} INFO - Task start:2025-09-11 04:09:12.073473+00:00 end:2025-09-11 04:09:31.329695+00:00 duration:19.256222
[2025-09-11T04:09:31.337+0000] {logging_mixin.py:190} INFO - Task:<Task(_PythonDecoratedOperator): load_data> dag:<DAG: Sue_books_data_pipeline> dagrun:<DagRun Sue_books_data_pipeline @ 2025-09-11 04:07:21.168847+00:00: manual__2025-09-11T04:07:21.168847+00:00, state:running, queued_at: 2025-09-11 04:07:21.510414+00:00. externally triggered: True>
[2025-09-11T04:09:31.338+0000] {logging_mixin.py:190} INFO - Failure caused by duplicate key value violates unique constraint "dim_user_user_id_key"
DETAIL:  Key (user_id)=(165) already exists.
[2025-09-11T04:09:31.338+0000] {taskinstance.py:1225} INFO - Marking task as UP_FOR_RETRY. dag_id=Sue_books_data_pipeline, task_id=load_data, run_id=manual__2025-09-11T04:07:21.168847+00:00, execution_date=20250911T040721, start_date=20250911T040912, end_date=20250911T040931
[2025-09-11T04:09:31.407+0000] {taskinstance.py:340} INFO - ::group::Post task execution logs
[2025-09-11T04:09:31.408+0000] {standard_task_runner.py:124} ERROR - Failed to execute job 111 for task load_data (duplicate key value violates unique constraint "dim_user_user_id_key"
DETAIL:  Key (user_id)=(165) already exists.
; 1209)
Traceback (most recent call last):
  File "/home/airflow/.local/lib/python3.12/site-packages/airflow/task/task_runner/standard_task_runner.py", line 117, in _start_by_fork
    ret = args.func(args, dag=self.dag)
          ^^^^^^^^^^^^^^^^^^^^^^^^^^^^^
  File "/home/airflow/.local/lib/python3.12/site-packages/airflow/cli/cli_config.py", line 49, in command
    return func(*args, **kwargs)
           ^^^^^^^^^^^^^^^^^^^^^
  File "/home/airflow/.local/lib/python3.12/site-packages/airflow/utils/cli.py", line 115, in wrapper
    return f(*args, **kwargs)
           ^^^^^^^^^^^^^^^^^^
  File "/home/airflow/.local/lib/python3.12/site-packages/airflow/cli/commands/task_command.py", line 483, in task_run
    task_return_code = _run_task_by_selected_method(args, _dag, ti)
                       ^^^^^^^^^^^^^^^^^^^^^^^^^^^^^^^^^^^^^^^^^^^^
  File "/home/airflow/.local/lib/python3.12/site-packages/airflow/cli/commands/task_command.py", line 256, in _run_task_by_selected_method
    return _run_raw_task(args, ti)
           ^^^^^^^^^^^^^^^^^^^^^^^
  File "/home/airflow/.local/lib/python3.12/site-packages/airflow/cli/commands/task_command.py", line 341, in _run_raw_task
    return ti._run_raw_task(
           ^^^^^^^^^^^^^^^^^
  File "/home/airflow/.local/lib/python3.12/site-packages/airflow/utils/session.py", line 97, in wrapper
    return func(*args, session=session, **kwargs)
           ^^^^^^^^^^^^^^^^^^^^^^^^^^^^^^^^^^^^^^
  File "/home/airflow/.local/lib/python3.12/site-packages/airflow/models/taskinstance.py", line 3004, in _run_raw_task
    return _run_raw_task(
           ^^^^^^^^^^^^^^
  File "/home/airflow/.local/lib/python3.12/site-packages/airflow/models/taskinstance.py", line 273, in _run_raw_task
    TaskInstance._execute_task_with_callbacks(
  File "/home/airflow/.local/lib/python3.12/site-packages/airflow/models/taskinstance.py", line 3158, in _execute_task_with_callbacks
    result = self._execute_task(context, task_orig)
             ^^^^^^^^^^^^^^^^^^^^^^^^^^^^^^^^^^^^^^
  File "/home/airflow/.local/lib/python3.12/site-packages/airflow/models/taskinstance.py", line 3182, in _execute_task
    return _execute_task(self, context, task_orig)
           ^^^^^^^^^^^^^^^^^^^^^^^^^^^^^^^^^^^^^^^
  File "/home/airflow/.local/lib/python3.12/site-packages/airflow/models/taskinstance.py", line 767, in _execute_task
    result = _execute_callable(context=context, **execute_callable_kwargs)
             ^^^^^^^^^^^^^^^^^^^^^^^^^^^^^^^^^^^^^^^^^^^^^^^^^^^^^^^^^^^^^
  File "/home/airflow/.local/lib/python3.12/site-packages/airflow/models/taskinstance.py", line 733, in _execute_callable
    return ExecutionCallableRunner(
           ^^^^^^^^^^^^^^^^^^^^^^^^
  File "/home/airflow/.local/lib/python3.12/site-packages/airflow/utils/operator_helpers.py", line 252, in run
    return self.func(*args, **kwargs)
           ^^^^^^^^^^^^^^^^^^^^^^^^^^
  File "/home/airflow/.local/lib/python3.12/site-packages/airflow/models/baseoperator.py", line 406, in wrapper
    return func(self, *args, **kwargs)
           ^^^^^^^^^^^^^^^^^^^^^^^^^^^
  File "/home/airflow/.local/lib/python3.12/site-packages/airflow/decorators/base.py", line 266, in execute
    return_value = super().execute(context)
                   ^^^^^^^^^^^^^^^^^^^^^^^^
  File "/home/airflow/.local/lib/python3.12/site-packages/airflow/models/baseoperator.py", line 406, in wrapper
    return func(self, *args, **kwargs)
           ^^^^^^^^^^^^^^^^^^^^^^^^^^^
  File "/home/airflow/.local/lib/python3.12/site-packages/airflow/operators/python.py", line 238, in execute
    return_value = self.execute_callable()
                   ^^^^^^^^^^^^^^^^^^^^^^^
  File "/home/airflow/.local/lib/python3.12/site-packages/airflow/operators/python.py", line 256, in execute_callable
    return runner.run(*self.op_args, **self.op_kwargs)
           ^^^^^^^^^^^^^^^^^^^^^^^^^^^^^^^^^^^^^^^^^^^
  File "/home/airflow/.local/lib/python3.12/site-packages/airflow/utils/operator_helpers.py", line 252, in run
    return self.func(*args, **kwargs)
           ^^^^^^^^^^^^^^^^^^^^^^^^^^
  File "/opt/airflow/dags/pipeline_dag.py", line 71, in load_data
    upsert_from_df(conn, dim_tables['dim_user'], 'dim_user', ['user_sk'], schema='olap')
  File "/opt/airflow/dags/utils.py", line 196, in upsert_from_df
    execute_values(cur, insert_sql, values, page_size=chunk_size)
  File "/home/airflow/.local/lib/python3.12/site-packages/psycopg2/extras.py", line 1299, in execute_values
    cur.execute(b''.join(parts))
psycopg2.errors.UniqueViolation: duplicate key value violates unique constraint "dim_user_user_id_key"
DETAIL:  Key (user_id)=(165) already exists.

[2025-09-11T04:09:31.493+0000] {local_task_job_runner.py:266} INFO - Task exited with return code 1
[2025-09-11T04:09:31.576+0000] {taskinstance.py:3900} INFO - 0 downstream tasks scheduled from follow-on schedule check
[2025-09-11T04:09:31.595+0000] {local_task_job_runner.py:245} INFO - ::endgroup::
