[2025-09-11T07:37:23.978+0000] {local_task_job_runner.py:123} INFO - ::group::Pre task execution logs
[2025-09-11T07:37:24.009+0000] {taskinstance.py:2612} INFO - Dependencies all met for dep_context=non-requeueable deps ti=<TaskInstance: Sue_books_data_pipeline.load_data manual__2025-09-11T07:34:29.618396+00:00 [queued]>
[2025-09-11T07:37:24.025+0000] {taskinstance.py:2612} INFO - Dependencies all met for dep_context=requeueable deps ti=<TaskInstance: Sue_books_data_pipeline.load_data manual__2025-09-11T07:34:29.618396+00:00 [queued]>
[2025-09-11T07:37:24.025+0000] {taskinstance.py:2865} INFO - Starting attempt 3 of 3
[2025-09-11T07:37:24.066+0000] {taskinstance.py:2888} INFO - Executing <Task(_PythonDecoratedOperator): load_data> on 2025-09-11 07:34:29.618396+00:00
[2025-09-11T07:37:24.073+0000] {warnings.py:112} WARNING - /home/airflow/.local/lib/python3.12/site-packages/airflow/task/task_runner/standard_task_runner.py:70: DeprecationWarning: This process (pid=2464) is multi-threaded, use of fork() may lead to deadlocks in the child.
  pid = os.fork()

[2025-09-11T07:37:24.075+0000] {standard_task_runner.py:72} INFO - Started process 2467 to run task
[2025-09-11T07:37:24.078+0000] {standard_task_runner.py:104} INFO - Running: ['airflow', 'tasks', 'run', 'Sue_books_data_pipeline', 'load_data', 'manual__2025-09-11T07:34:29.618396+00:00', '--job-id', '127', '--raw', '--subdir', 'DAGS_FOLDER/pipeline_dag.py', '--cfg-path', '/tmp/tmpltnw4o7m']
[2025-09-11T07:37:24.079+0000] {standard_task_runner.py:105} INFO - Job 127: Subtask load_data
[2025-09-11T07:37:24.153+0000] {task_command.py:467} INFO - Running <TaskInstance: Sue_books_data_pipeline.load_data manual__2025-09-11T07:34:29.618396+00:00 [running]> on host 34752174ab96
[2025-09-11T07:37:24.299+0000] {taskinstance.py:3131} INFO - Exporting env vars: AIRFLOW_CTX_DAG_EMAIL='sadiquetimileyin@gmail.com' AIRFLOW_CTX_DAG_OWNER='sadique' AIRFLOW_CTX_DAG_ID='Sue_books_data_pipeline' AIRFLOW_CTX_TASK_ID='load_data' AIRFLOW_CTX_EXECUTION_DATE='2025-09-11T07:34:29.618396+00:00' AIRFLOW_CTX_TRY_NUMBER='3' AIRFLOW_CTX_DAG_RUN_ID='manual__2025-09-11T07:34:29.618396+00:00'
[2025-09-11T07:37:24.301+0000] {logging_mixin.py:190} INFO - Task instance is in running state
[2025-09-11T07:37:24.302+0000] {logging_mixin.py:190} INFO -  Previous state of the Task instance: queued
[2025-09-11T07:37:24.303+0000] {logging_mixin.py:190} INFO - Current task name:load_data state:running start_date:2025-09-11 07:37:24.010150+00:00
[2025-09-11T07:37:24.303+0000] {logging_mixin.py:190} INFO - Dag name:Sue_books_data_pipeline and current dag run status:running
[2025-09-11T07:37:24.304+0000] {taskinstance.py:731} INFO - ::endgroup::
[2025-09-11T07:37:24.449+0000] {tables.py:215} INFO - Dimension tables created successfully.
[2025-09-11T07:37:24.474+0000] {tables.py:241} INFO - Fact table created successfully. Total records: 78484
[2025-09-11T07:37:24.487+0000] {utils.py:103} WARNING - Database 'sales_db' already exists.
[2025-09-11T07:37:24.858+0000] {utils.py:217} INFO - Tables created successfully.
[2025-09-11T07:37:24.862+0000] {utils.py:221} INFO - OLAP Tables: ['fact_daily_sales', 'fact_book_sales', 'dim_user', 'fact_transactions', 'dim_book', 'dim_date']
[2025-09-11T07:37:24.876+0000] {utils.py:183} INFO - Preparing to upsert 904 rows into oltp.users...
[2025-09-11T07:37:24.918+0000] {utils.py:200} INFO - 904 records upserted into oltp.users
[2025-09-11T07:37:24.919+0000] {utils.py:183} INFO - Preparing to upsert 112 rows into oltp.books...
[2025-09-11T07:37:24.928+0000] {utils.py:200} INFO - 112 records upserted into oltp.books
[2025-09-11T07:37:24.939+0000] {utils.py:183} INFO - Preparing to upsert 78484 rows into oltp.transactions...
[2025-09-11T07:37:31.278+0000] {utils.py:200} INFO - 78484 records upserted into oltp.transactions
[2025-09-11T07:37:31.281+0000] {utils.py:183} INFO - Preparing to upsert 904 rows into olap.dim_user...
[2025-09-11T07:37:31.338+0000] {utils.py:200} INFO - 904 records upserted into olap.dim_user
[2025-09-11T07:37:31.342+0000] {utils.py:183} INFO - Preparing to upsert 112 rows into olap.dim_book...
[2025-09-11T07:37:31.388+0000] {utils.py:200} INFO - 112 records upserted into olap.dim_book
[2025-09-11T07:37:31.389+0000] {utils.py:183} INFO - Preparing to upsert 545 rows into olap.dim_date...
[2025-09-11T07:37:31.417+0000] {utils.py:200} INFO - 545 records upserted into olap.dim_date
[2025-09-11T07:37:31.425+0000] {utils.py:183} INFO - Preparing to upsert 78484 rows into olap.fact_transactions...
[2025-09-11T07:37:39.691+0000] {utils.py:200} INFO - 78484 records upserted into olap.fact_transactions
[2025-09-11T07:37:39.693+0000] {utils.py:183} INFO - Preparing to upsert 731 rows into olap.fact_daily_sales...
[2025-09-11T07:37:39.709+0000] {utils.py:202} ERROR - Failed to upsert into olap.fact_daily_sales: column "date" of relation "fact_daily_sales" does not exist
LINE 1: INSERT INTO "olap"."fact_daily_sales" ("date", "revenue", "n...
                                               ^
Traceback (most recent call last):
  File "/opt/airflow/dags/utils.py", line 197, in upsert_from_df
    execute_values(cur, insert_sql, values, page_size=chunk_size)
  File "/home/airflow/.local/lib/python3.12/site-packages/psycopg2/extras.py", line 1299, in execute_values
    cur.execute(b''.join(parts))
psycopg2.errors.UndefinedColumn: column "date" of relation "fact_daily_sales" does not exist
LINE 1: INSERT INTO "olap"."fact_daily_sales" ("date", "revenue", "n...
                                               ^

[2025-09-11T07:37:39.712+0000] {taskinstance.py:3310} ERROR - Task failed with exception
Traceback (most recent call last):
  File "/home/airflow/.local/lib/python3.12/site-packages/airflow/models/taskinstance.py", line 767, in _execute_task
    result = _execute_callable(context=context, **execute_callable_kwargs)
             ^^^^^^^^^^^^^^^^^^^^^^^^^^^^^^^^^^^^^^^^^^^^^^^^^^^^^^^^^^^^^
  File "/home/airflow/.local/lib/python3.12/site-packages/airflow/models/taskinstance.py", line 733, in _execute_callable
    return ExecutionCallableRunner(
           ^^^^^^^^^^^^^^^^^^^^^^^^
  File "/home/airflow/.local/lib/python3.12/site-packages/airflow/utils/operator_helpers.py", line 252, in run
    return self.func(*args, **kwargs)
           ^^^^^^^^^^^^^^^^^^^^^^^^^^
  File "/home/airflow/.local/lib/python3.12/site-packages/airflow/models/baseoperator.py", line 406, in wrapper
    return func(self, *args, **kwargs)
           ^^^^^^^^^^^^^^^^^^^^^^^^^^^
  File "/home/airflow/.local/lib/python3.12/site-packages/airflow/decorators/base.py", line 266, in execute
    return_value = super().execute(context)
                   ^^^^^^^^^^^^^^^^^^^^^^^^
  File "/home/airflow/.local/lib/python3.12/site-packages/airflow/models/baseoperator.py", line 406, in wrapper
    return func(self, *args, **kwargs)
           ^^^^^^^^^^^^^^^^^^^^^^^^^^^
  File "/home/airflow/.local/lib/python3.12/site-packages/airflow/operators/python.py", line 238, in execute
    return_value = self.execute_callable()
                   ^^^^^^^^^^^^^^^^^^^^^^^
  File "/home/airflow/.local/lib/python3.12/site-packages/airflow/operators/python.py", line 256, in execute_callable
    return runner.run(*self.op_args, **self.op_kwargs)
           ^^^^^^^^^^^^^^^^^^^^^^^^^^^^^^^^^^^^^^^^^^^
  File "/home/airflow/.local/lib/python3.12/site-packages/airflow/utils/operator_helpers.py", line 252, in run
    return self.func(*args, **kwargs)
           ^^^^^^^^^^^^^^^^^^^^^^^^^^
  File "/opt/airflow/dags/pipeline_dag.py", line 75, in load_data
    upsert_from_df(conn, daily_summary, 'fact_daily_sales', ['date'], schema='olap')
  File "/opt/airflow/dags/utils.py", line 197, in upsert_from_df
    execute_values(cur, insert_sql, values, page_size=chunk_size)
  File "/home/airflow/.local/lib/python3.12/site-packages/psycopg2/extras.py", line 1299, in execute_values
    cur.execute(b''.join(parts))
psycopg2.errors.UndefinedColumn: column "date" of relation "fact_daily_sales" does not exist
LINE 1: INSERT INTO "olap"."fact_daily_sales" ("date", "revenue", "n...
                                               ^

[2025-09-11T07:37:39.727+0000] {logging_mixin.py:190} INFO - Task instance in failure state
[2025-09-11T07:37:39.728+0000] {logging_mixin.py:190} INFO - Task start:2025-09-11 07:37:24.010150+00:00 end:2025-09-11 07:37:39.727124+00:00 duration:15.716974
[2025-09-11T07:37:39.728+0000] {logging_mixin.py:190} INFO - Task:<Task(_PythonDecoratedOperator): load_data> dag:<DAG: Sue_books_data_pipeline> dagrun:<DagRun Sue_books_data_pipeline @ 2025-09-11 07:34:29.618396+00:00: manual__2025-09-11T07:34:29.618396+00:00, state:running, queued_at: 2025-09-11 07:34:29.688673+00:00. externally triggered: True>
[2025-09-11T07:37:39.728+0000] {logging_mixin.py:190} INFO - Failure caused by column "date" of relation "fact_daily_sales" does not exist
LINE 1: INSERT INTO "olap"."fact_daily_sales" ("date", "revenue", "n...
                                               ^
[2025-09-11T07:37:39.729+0000] {taskinstance.py:1225} INFO - Marking task as FAILED. dag_id=Sue_books_data_pipeline, task_id=load_data, run_id=manual__2025-09-11T07:34:29.618396+00:00, execution_date=20250911T073429, start_date=20250911T073724, end_date=20250911T073739
[2025-09-11T07:37:39.754+0000] {taskinstance.py:340} INFO - ::group::Post task execution logs
[2025-09-11T07:37:39.755+0000] {standard_task_runner.py:124} ERROR - Failed to execute job 127 for task load_data (column "date" of relation "fact_daily_sales" does not exist
LINE 1: INSERT INTO "olap"."fact_daily_sales" ("date", "revenue", "n...
                                               ^
; 2467)
Traceback (most recent call last):
  File "/home/airflow/.local/lib/python3.12/site-packages/airflow/task/task_runner/standard_task_runner.py", line 117, in _start_by_fork
    ret = args.func(args, dag=self.dag)
          ^^^^^^^^^^^^^^^^^^^^^^^^^^^^^
  File "/home/airflow/.local/lib/python3.12/site-packages/airflow/cli/cli_config.py", line 49, in command
    return func(*args, **kwargs)
           ^^^^^^^^^^^^^^^^^^^^^
  File "/home/airflow/.local/lib/python3.12/site-packages/airflow/utils/cli.py", line 115, in wrapper
    return f(*args, **kwargs)
           ^^^^^^^^^^^^^^^^^^
  File "/home/airflow/.local/lib/python3.12/site-packages/airflow/cli/commands/task_command.py", line 483, in task_run
    task_return_code = _run_task_by_selected_method(args, _dag, ti)
                       ^^^^^^^^^^^^^^^^^^^^^^^^^^^^^^^^^^^^^^^^^^^^
  File "/home/airflow/.local/lib/python3.12/site-packages/airflow/cli/commands/task_command.py", line 256, in _run_task_by_selected_method
    return _run_raw_task(args, ti)
           ^^^^^^^^^^^^^^^^^^^^^^^
  File "/home/airflow/.local/lib/python3.12/site-packages/airflow/cli/commands/task_command.py", line 341, in _run_raw_task
    return ti._run_raw_task(
           ^^^^^^^^^^^^^^^^^
  File "/home/airflow/.local/lib/python3.12/site-packages/airflow/utils/session.py", line 97, in wrapper
    return func(*args, session=session, **kwargs)
           ^^^^^^^^^^^^^^^^^^^^^^^^^^^^^^^^^^^^^^
  File "/home/airflow/.local/lib/python3.12/site-packages/airflow/models/taskinstance.py", line 3004, in _run_raw_task
    return _run_raw_task(
           ^^^^^^^^^^^^^^
  File "/home/airflow/.local/lib/python3.12/site-packages/airflow/models/taskinstance.py", line 273, in _run_raw_task
    TaskInstance._execute_task_with_callbacks(
  File "/home/airflow/.local/lib/python3.12/site-packages/airflow/models/taskinstance.py", line 3158, in _execute_task_with_callbacks
    result = self._execute_task(context, task_orig)
             ^^^^^^^^^^^^^^^^^^^^^^^^^^^^^^^^^^^^^^
  File "/home/airflow/.local/lib/python3.12/site-packages/airflow/models/taskinstance.py", line 3182, in _execute_task
    return _execute_task(self, context, task_orig)
           ^^^^^^^^^^^^^^^^^^^^^^^^^^^^^^^^^^^^^^^
  File "/home/airflow/.local/lib/python3.12/site-packages/airflow/models/taskinstance.py", line 767, in _execute_task
    result = _execute_callable(context=context, **execute_callable_kwargs)
             ^^^^^^^^^^^^^^^^^^^^^^^^^^^^^^^^^^^^^^^^^^^^^^^^^^^^^^^^^^^^^
  File "/home/airflow/.local/lib/python3.12/site-packages/airflow/models/taskinstance.py", line 733, in _execute_callable
    return ExecutionCallableRunner(
           ^^^^^^^^^^^^^^^^^^^^^^^^
  File "/home/airflow/.local/lib/python3.12/site-packages/airflow/utils/operator_helpers.py", line 252, in run
    return self.func(*args, **kwargs)
           ^^^^^^^^^^^^^^^^^^^^^^^^^^
  File "/home/airflow/.local/lib/python3.12/site-packages/airflow/models/baseoperator.py", line 406, in wrapper
    return func(self, *args, **kwargs)
           ^^^^^^^^^^^^^^^^^^^^^^^^^^^
  File "/home/airflow/.local/lib/python3.12/site-packages/airflow/decorators/base.py", line 266, in execute
    return_value = super().execute(context)
                   ^^^^^^^^^^^^^^^^^^^^^^^^
  File "/home/airflow/.local/lib/python3.12/site-packages/airflow/models/baseoperator.py", line 406, in wrapper
    return func(self, *args, **kwargs)
           ^^^^^^^^^^^^^^^^^^^^^^^^^^^
  File "/home/airflow/.local/lib/python3.12/site-packages/airflow/operators/python.py", line 238, in execute
    return_value = self.execute_callable()
                   ^^^^^^^^^^^^^^^^^^^^^^^
  File "/home/airflow/.local/lib/python3.12/site-packages/airflow/operators/python.py", line 256, in execute_callable
    return runner.run(*self.op_args, **self.op_kwargs)
           ^^^^^^^^^^^^^^^^^^^^^^^^^^^^^^^^^^^^^^^^^^^
  File "/home/airflow/.local/lib/python3.12/site-packages/airflow/utils/operator_helpers.py", line 252, in run
    return self.func(*args, **kwargs)
           ^^^^^^^^^^^^^^^^^^^^^^^^^^
  File "/opt/airflow/dags/pipeline_dag.py", line 75, in load_data
    upsert_from_df(conn, daily_summary, 'fact_daily_sales', ['date'], schema='olap')
  File "/opt/airflow/dags/utils.py", line 197, in upsert_from_df
    execute_values(cur, insert_sql, values, page_size=chunk_size)
  File "/home/airflow/.local/lib/python3.12/site-packages/psycopg2/extras.py", line 1299, in execute_values
    cur.execute(b''.join(parts))
psycopg2.errors.UndefinedColumn: column "date" of relation "fact_daily_sales" does not exist
LINE 1: INSERT INTO "olap"."fact_daily_sales" ("date", "revenue", "n...
                                               ^

[2025-09-11T07:37:39.793+0000] {local_task_job_runner.py:266} INFO - Task exited with return code 1
[2025-09-11T07:37:39.824+0000] {taskinstance.py:3900} INFO - 0 downstream tasks scheduled from follow-on schedule check
[2025-09-11T07:37:39.833+0000] {local_task_job_runner.py:245} INFO - ::endgroup::
