[2025-09-11T03:58:23.069+0000] {local_task_job_runner.py:123} INFO - ::group::Pre task execution logs
[2025-09-11T03:58:23.116+0000] {taskinstance.py:2612} INFO - Dependencies all met for dep_context=non-requeueable deps ti=<TaskInstance: Sue_books_data_pipeline.transform_data manual__2025-09-11T03:58:04.804414+00:00 [queued]>
[2025-09-11T03:58:23.134+0000] {taskinstance.py:2612} INFO - Dependencies all met for dep_context=requeueable deps ti=<TaskInstance: Sue_books_data_pipeline.transform_data manual__2025-09-11T03:58:04.804414+00:00 [queued]>
[2025-09-11T03:58:23.134+0000] {taskinstance.py:2865} INFO - Starting attempt 1 of 3
[2025-09-11T03:58:23.163+0000] {taskinstance.py:2888} INFO - Executing <Task(_PythonDecoratedOperator): transform_data> on 2025-09-11 03:58:04.804414+00:00
[2025-09-11T03:58:23.187+0000] {warnings.py:112} WARNING - /home/airflow/.local/lib/python3.12/site-packages/airflow/task/task_runner/standard_task_runner.py:70: DeprecationWarning: This process (pid=1029) is multi-threaded, use of fork() may lead to deadlocks in the child.
  pid = os.fork()

[2025-09-11T03:58:23.189+0000] {standard_task_runner.py:72} INFO - Started process 1032 to run task
[2025-09-11T03:58:23.200+0000] {standard_task_runner.py:104} INFO - Running: ['airflow', 'tasks', 'run', 'Sue_books_data_pipeline', 'transform_data', 'manual__2025-09-11T03:58:04.804414+00:00', '--job-id', '104', '--raw', '--subdir', 'DAGS_FOLDER/pipeline_dag.py', '--cfg-path', '/tmp/tmpih27wkd9']
[2025-09-11T03:58:23.202+0000] {standard_task_runner.py:105} INFO - Job 104: Subtask transform_data
[2025-09-11T03:58:23.411+0000] {task_command.py:467} INFO - Running <TaskInstance: Sue_books_data_pipeline.transform_data manual__2025-09-11T03:58:04.804414+00:00 [running]> on host 34752174ab96
[2025-09-11T03:58:23.605+0000] {taskinstance.py:3131} INFO - Exporting env vars: AIRFLOW_CTX_DAG_EMAIL='sadiquetimileyin@gmail.com' AIRFLOW_CTX_DAG_OWNER='sadique' AIRFLOW_CTX_DAG_ID='Sue_books_data_pipeline' AIRFLOW_CTX_TASK_ID='transform_data' AIRFLOW_CTX_EXECUTION_DATE='2025-09-11T03:58:04.804414+00:00' AIRFLOW_CTX_TRY_NUMBER='1' AIRFLOW_CTX_DAG_RUN_ID='manual__2025-09-11T03:58:04.804414+00:00'
[2025-09-11T03:58:23.607+0000] {logging_mixin.py:190} INFO - Task instance is in running state
[2025-09-11T03:58:23.608+0000] {logging_mixin.py:190} INFO -  Previous state of the Task instance: queued
[2025-09-11T03:58:23.608+0000] {logging_mixin.py:190} INFO - Current task name:transform_data state:running start_date:2025-09-11 03:58:23.117526+00:00
[2025-09-11T03:58:23.609+0000] {logging_mixin.py:190} INFO - Dag name:Sue_books_data_pipeline and current dag run status:running
[2025-09-11T03:58:23.609+0000] {taskinstance.py:731} INFO - ::endgroup::
[2025-09-11T03:58:23.890+0000] {tables.py:141} INFO - Data loaded successfully.
[2025-09-11T03:58:23.927+0000] {tables.py:40} INFO - Users data cleaned successfully. Total records: 904
[2025-09-11T03:58:24.007+0000] {tables.py:77} INFO - Transactions data cleaned successfully. Total records: 78484
[2025-09-11T03:58:24.018+0000] {tables.py:101} INFO - Daily sales table created successfully. Total records: 731
[2025-09-11T03:58:24.027+0000] {tables.py:150} INFO - Data cleaning and transformation complete.
[2025-09-11T03:58:24.278+0000] {tables.py:168} INFO - Transformed data saved to files successfully.
[2025-09-11T03:58:24.279+0000] {python.py:240} INFO - Done. Returned value was: {'users': '/opt/airflow/datasets/processed/users_clean.parquet', 'transactions': '/opt/airflow/datasets/processed/transactions_clean.parquet', 'books': '/opt/airflow/datasets/processed/books_clean.parquet', 'daily_sales': '/opt/airflow/datasets/processed/daily_sales.parquet', 'top_book': '/opt/airflow/datasets/processed/top_book.parquet'}
[2025-09-11T03:58:24.344+0000] {taskinstance.py:340} INFO - ::group::Post task execution logs
[2025-09-11T03:58:24.345+0000] {taskinstance.py:352} INFO - Marking task as SUCCESS. dag_id=Sue_books_data_pipeline, task_id=transform_data, run_id=manual__2025-09-11T03:58:04.804414+00:00, execution_date=20250911T035804, start_date=20250911T035823, end_date=20250911T035824
[2025-09-11T03:58:24.367+0000] {logging_mixin.py:190} INFO - Task instance in success state
[2025-09-11T03:58:24.368+0000] {logging_mixin.py:190} INFO -  Previous state of the Task instance: running
[2025-09-11T03:58:24.369+0000] {logging_mixin.py:190} INFO - Dag name:Sue_books_data_pipeline queued_at:2025-09-11 03:58:04.819362+00:00
[2025-09-11T03:58:24.369+0000] {logging_mixin.py:190} INFO - Task hostname:34752174ab96 operator:_PythonDecoratedOperator
[2025-09-11T03:58:24.399+0000] {local_task_job_runner.py:266} INFO - Task exited with return code 0
[2025-09-11T03:58:24.464+0000] {taskinstance.py:3900} INFO - 1 downstream tasks scheduled from follow-on schedule check
[2025-09-11T03:58:24.469+0000] {local_task_job_runner.py:245} INFO - ::endgroup::
