[2025-09-11T02:31:53.073+0000] {local_task_job_runner.py:123} INFO - ::group::Pre task execution logs
[2025-09-11T02:31:53.103+0000] {taskinstance.py:2612} INFO - Dependencies all met for dep_context=non-requeueable deps ti=<TaskInstance: Sue_books_data_pipeline.transform_data manual__2025-09-11T02:31:40.035982+00:00 [queued]>
[2025-09-11T02:31:53.117+0000] {taskinstance.py:2612} INFO - Dependencies all met for dep_context=requeueable deps ti=<TaskInstance: Sue_books_data_pipeline.transform_data manual__2025-09-11T02:31:40.035982+00:00 [queued]>
[2025-09-11T02:31:53.117+0000] {taskinstance.py:2865} INFO - Starting attempt 1 of 3
[2025-09-11T02:31:53.149+0000] {taskinstance.py:2888} INFO - Executing <Task(_PythonDecoratedOperator): transform_data> on 2025-09-11 02:31:40.035982+00:00
[2025-09-11T02:31:53.174+0000] {warnings.py:112} WARNING - /home/airflow/.local/lib/python3.12/site-packages/airflow/task/task_runner/standard_task_runner.py:70: DeprecationWarning: This process (pid=211) is multi-threaded, use of fork() may lead to deadlocks in the child.
  pid = os.fork()

[2025-09-11T02:31:53.175+0000] {standard_task_runner.py:72} INFO - Started process 214 to run task
[2025-09-11T02:31:53.187+0000] {standard_task_runner.py:104} INFO - Running: ['airflow', 'tasks', 'run', 'Sue_books_data_pipeline', 'transform_data', 'manual__2025-09-11T02:31:40.035982+00:00', '--job-id', '50', '--raw', '--subdir', 'DAGS_FOLDER/pipeline_dag.py', '--cfg-path', '/tmp/tmp3zqee1iq']
[2025-09-11T02:31:53.188+0000] {standard_task_runner.py:105} INFO - Job 50: Subtask transform_data
[2025-09-11T02:31:53.730+0000] {task_command.py:467} INFO - Running <TaskInstance: Sue_books_data_pipeline.transform_data manual__2025-09-11T02:31:40.035982+00:00 [running]> on host ecaf707ea31f
[2025-09-11T02:31:53.968+0000] {taskinstance.py:3131} INFO - Exporting env vars: AIRFLOW_CTX_DAG_EMAIL='sadiquetimileyin@gmail.com' AIRFLOW_CTX_DAG_OWNER='sadique' AIRFLOW_CTX_DAG_ID='Sue_books_data_pipeline' AIRFLOW_CTX_TASK_ID='transform_data' AIRFLOW_CTX_EXECUTION_DATE='2025-09-11T02:31:40.035982+00:00' AIRFLOW_CTX_TRY_NUMBER='1' AIRFLOW_CTX_DAG_RUN_ID='manual__2025-09-11T02:31:40.035982+00:00'
[2025-09-11T02:31:53.972+0000] {logging_mixin.py:190} INFO - Task instance is in running state
[2025-09-11T02:31:53.973+0000] {logging_mixin.py:190} INFO -  Previous state of the Task instance: queued
[2025-09-11T02:31:53.973+0000] {logging_mixin.py:190} INFO - Current task name:transform_data state:running start_date:2025-09-11 02:31:53.103616+00:00
[2025-09-11T02:31:53.974+0000] {logging_mixin.py:190} INFO - Dag name:Sue_books_data_pipeline and current dag run status:running
[2025-09-11T02:31:53.974+0000] {taskinstance.py:731} INFO - ::endgroup::
[2025-09-11T02:31:54.205+0000] {tables.py:140} INFO - Data loaded successfully.
[2025-09-11T02:31:54.233+0000] {tables.py:40} INFO - Users data cleaned successfully. Total records: 904
[2025-09-11T02:31:54.289+0000] {tables.py:76} INFO - Transactions data cleaned successfully. Total records: 82678
[2025-09-11T02:31:54.300+0000] {tables.py:100} INFO - Daily sales table created successfully. Total records: 732
[2025-09-11T02:31:54.312+0000] {tables.py:149} INFO - Data cleaning and transformation complete.
[2025-09-11T02:31:54.607+0000] {tables.py:167} INFO - Transformed data saved to files successfully.
[2025-09-11T02:31:54.608+0000] {python.py:240} INFO - Done. Returned value was: {'users': '/opt/airflow/datasets/processed/users_clean.parquet', 'transactions': '/opt/airflow/datasets/processed/transactions_clean.parquet', 'books': '/opt/airflow/datasets/processed/books_clean.parquet', 'daily_sales': '/opt/airflow/datasets/processed/daily_sales.parquet', 'top_book': '/opt/airflow/datasets/processed/top_book.parquet'}
[2025-09-11T02:31:54.792+0000] {taskinstance.py:340} INFO - ::group::Post task execution logs
[2025-09-11T02:31:54.820+0000] {taskinstance.py:352} INFO - Marking task as SUCCESS. dag_id=Sue_books_data_pipeline, task_id=transform_data, run_id=manual__2025-09-11T02:31:40.035982+00:00, execution_date=20250911T023140, start_date=20250911T023153, end_date=20250911T023154
[2025-09-11T02:31:54.849+0000] {logging_mixin.py:190} INFO - Task instance in success state
[2025-09-11T02:31:54.850+0000] {logging_mixin.py:190} INFO -  Previous state of the Task instance: running
[2025-09-11T02:31:54.856+0000] {logging_mixin.py:190} INFO - Dag name:Sue_books_data_pipeline queued_at:2025-09-11 02:31:40.132259+00:00
[2025-09-11T02:31:54.857+0000] {logging_mixin.py:190} INFO - Task hostname:ecaf707ea31f operator:_PythonDecoratedOperator
[2025-09-11T02:31:54.902+0000] {local_task_job_runner.py:266} INFO - Task exited with return code 0
[2025-09-11T02:31:54.939+0000] {local_task_job_runner.py:245} INFO - ::endgroup::
