{"timestamp":"2025-09-17T08:05:03.348346","level":"info","event":"DAG bundles loaded: dags-folder, example_dags","logger":"airflow.dag_processing.bundles.manager.DagBundlesManager"}
{"timestamp":"2025-09-17T08:05:03.351069","level":"info","event":"Filling up the DagBag from /opt/airflow/dags/pipeline_dag.py","logger":"airflow.models.dagbag.DagBag"}
{"timestamp":"2025-09-17T08:05:03.545964Z","level":"info","event":"Task instance is in running state","chan":"stdout","logger":"task"}
{"timestamp":"2025-09-17T08:05:03.546181Z","level":"info","event":" Previous state of the Task instance: TaskInstanceState.QUEUED","chan":"stdout","logger":"task"}
{"timestamp":"2025-09-17T08:05:03.546365Z","level":"info","event":"Current task name:load_data","chan":"stdout","logger":"task"}
{"timestamp":"2025-09-17T08:05:03.546467Z","level":"info","event":"Dag name:Sue_books_data_pipeline","chan":"stdout","logger":"task"}
{"timestamp":"2025-09-17T08:05:03.593488","level":"info","event":"Dimension tables created successfully.","logger":"tables"}
{"timestamp":"2025-09-17T08:05:03.623629","level":"info","event":"Fact table created successfully. Total records: 78484","logger":"tables"}
{"timestamp":"2025-09-17T08:05:03.633278","level":"warning","event":"Database 'sales_db' already exists.","logger":"utils"}
{"timestamp":"2025-09-17T08:05:04.032964","level":"info","event":"Tables created successfully.","logger":"utils"}
{"timestamp":"2025-09-17T08:05:04.054927","level":"info","event":"OLAP Tables: ['dim_user', 'fact_transactions', 'dim_book', 'dim_date', 'fact_daily_sales', 'fact_book_sales']","logger":"utils"}
{"timestamp":"2025-09-17T08:05:04.067506","level":"info","event":"Preparing to upsert 904 rows into oltp.users...","logger":"utils"}
{"timestamp":"2025-09-17T08:05:04.141882","level":"info","event":"904 records upserted into oltp.users","logger":"utils"}
{"timestamp":"2025-09-17T08:05:04.143205","level":"info","event":"Preparing to upsert 112 rows into oltp.books...","logger":"utils"}
{"timestamp":"2025-09-17T08:05:04.169504","level":"info","event":"112 records upserted into oltp.books","logger":"utils"}
{"timestamp":"2025-09-17T08:05:04.179006","level":"info","event":"Preparing to upsert 78484 rows into oltp.transactions...","logger":"utils"}
{"timestamp":"2025-09-17T08:05:14.302581","level":"info","event":"78484 records upserted into oltp.transactions","logger":"utils"}
{"timestamp":"2025-09-17T08:05:14.323408","level":"info","event":"Preparing to upsert 904 rows into olap.dim_user...","logger":"utils"}
{"timestamp":"2025-09-17T08:05:14.444189","level":"info","event":"904 records upserted into olap.dim_user","logger":"utils"}
{"timestamp":"2025-09-17T08:05:14.447088","level":"info","event":"Preparing to upsert 112 rows into olap.dim_book...","logger":"utils"}
{"timestamp":"2025-09-17T08:05:14.548468","level":"info","event":"112 records upserted into olap.dim_book","logger":"utils"}
{"timestamp":"2025-09-17T08:05:14.553167","level":"info","event":"Preparing to upsert 545 rows into olap.dim_date...","logger":"utils"}
{"timestamp":"2025-09-17T08:05:14.671383","level":"info","event":"545 records upserted into olap.dim_date","logger":"utils"}
{"timestamp":"2025-09-17T08:05:14.708397","level":"info","event":"Preparing to upsert 78484 rows into olap.fact_transactions...","logger":"utils"}
{"timestamp":"2025-09-17T08:05:39.924028","level":"info","event":"78484 records upserted into olap.fact_transactions","logger":"utils"}
{"timestamp":"2025-09-17T08:05:39.934946","level":"info","event":"Preparing to upsert 545 rows into olap.fact_daily_sales...","logger":"utils"}
{"timestamp":"2025-09-17T08:05:40.024436","level":"info","event":"545 records upserted into olap.fact_daily_sales","logger":"utils"}
{"timestamp":"2025-09-17T08:05:40.028036","level":"info","event":"Preparing to upsert 112 rows into olap.fact_book_sales...","logger":"utils"}
{"timestamp":"2025-09-17T08:05:40.050182","level":"info","event":"112 records upserted into olap.fact_book_sales","logger":"utils"}
{"timestamp":"2025-09-17T08:05:40.051090","level":"info","event":"Data load completed: 80157 total rows loaded across all tables","logger":"unusual_prefix_8339c30b0c19c7937642fad9c6553d70d0a44d21_pipeline_dag"}
{"timestamp":"2025-09-17T08:05:41.849610","level":"info","event":"Discord alert sent: Data Load Complete","logger":"utils"}
{"timestamp":"2025-09-17T08:05:41.894287","level":"info","event":"Done. Returned value was: None","logger":"airflow.task.operators.airflow.providers.standard.decorators.python._PythonDecoratedOperator"}
{"timestamp":"2025-09-17T08:05:42.032095","level":"info","event":"Task load_data in DAG Sue_books_data_pipeline completed successfully","logger":"unusual_prefix_8339c30b0c19c7937642fad9c6553d70d0a44d21_pipeline_dag"}
{"timestamp":"2025-09-17T08:05:42.034264Z","level":"info","event":"Task instance in success state","chan":"stdout","logger":"task"}
{"timestamp":"2025-09-17T08:05:42.034484Z","level":"info","event":" Previous state of the Task instance: TaskInstanceState.RUNNING","chan":"stdout","logger":"task"}
{"timestamp":"2025-09-17T08:05:42.034648Z","level":"info","event":"Task operator:<Task(_PythonDecoratedOperator): load_data>","chan":"stdout","logger":"task"}
