[2025-09-11T02:08:19.358+0000] {local_task_job_runner.py:123} INFO - ::group::Pre task execution logs
[2025-09-11T02:08:19.585+0000] {taskinstance.py:2612} INFO - Dependencies all met for dep_context=non-requeueable deps ti=<TaskInstance: Sue_books_data_pipeline.load_data manual__2025-09-11T02:05:28.349975+00:00 [queued]>
[2025-09-11T02:08:19.632+0000] {taskinstance.py:2612} INFO - Dependencies all met for dep_context=requeueable deps ti=<TaskInstance: Sue_books_data_pipeline.load_data manual__2025-09-11T02:05:28.349975+00:00 [queued]>
[2025-09-11T02:08:19.632+0000] {taskinstance.py:2865} INFO - Starting attempt 1 of 3
[2025-09-11T02:08:19.779+0000] {taskinstance.py:2888} INFO - Executing <Task(_PythonDecoratedOperator): load_data> on 2025-09-11 02:05:28.349975+00:00
[2025-09-11T02:08:19.834+0000] {warnings.py:112} WARNING - /home/airflow/.local/lib/python3.12/site-packages/airflow/task/task_runner/standard_task_runner.py:70: DeprecationWarning: This process (pid=204) is multi-threaded, use of fork() may lead to deadlocks in the child.
  pid = os.fork()

[2025-09-11T02:08:19.845+0000] {standard_task_runner.py:72} INFO - Started process 207 to run task
[2025-09-11T02:08:19.844+0000] {standard_task_runner.py:104} INFO - Running: ['airflow', 'tasks', 'run', 'Sue_books_data_pipeline', 'load_data', 'manual__2025-09-11T02:05:28.349975+00:00', '--job-id', '39', '--raw', '--subdir', 'DAGS_FOLDER/pipeline_dag.py', '--cfg-path', '/tmp/tmpw3n6q4np']
[2025-09-11T02:08:19.868+0000] {standard_task_runner.py:105} INFO - Job 39: Subtask load_data
[2025-09-11T02:08:24.617+0000] {task_command.py:467} INFO - Running <TaskInstance: Sue_books_data_pipeline.load_data manual__2025-09-11T02:05:28.349975+00:00 [running]> on host 235f3047dd7d
[2025-09-11T02:08:27.678+0000] {taskinstance.py:3131} INFO - Exporting env vars: AIRFLOW_CTX_DAG_EMAIL='sadiquetimileyin@gmail.com' AIRFLOW_CTX_DAG_OWNER='sadique' AIRFLOW_CTX_DAG_ID='Sue_books_data_pipeline' AIRFLOW_CTX_TASK_ID='load_data' AIRFLOW_CTX_EXECUTION_DATE='2025-09-11T02:05:28.349975+00:00' AIRFLOW_CTX_TRY_NUMBER='1' AIRFLOW_CTX_DAG_RUN_ID='manual__2025-09-11T02:05:28.349975+00:00'
[2025-09-11T02:08:27.683+0000] {logging_mixin.py:190} INFO - Task instance is in running state
[2025-09-11T02:08:27.684+0000] {logging_mixin.py:190} INFO -  Previous state of the Task instance: queued
[2025-09-11T02:08:27.684+0000] {logging_mixin.py:190} INFO - Current task name:load_data state:running start_date:2025-09-11 02:08:19.588436+00:00
[2025-09-11T02:08:27.767+0000] {logging_mixin.py:190} INFO - Dag name:Sue_books_data_pipeline and current dag run status:running
[2025-09-11T02:08:27.768+0000] {taskinstance.py:731} INFO - ::endgroup::
[2025-09-11T02:08:30.446+0000] {tables.py:214} INFO - Dimension tables created successfully.
[2025-09-11T02:08:31.191+0000] {tables.py:240} INFO - Fact table created successfully. Total records: 82678
[2025-09-11T02:08:31.194+0000] {taskinstance.py:3310} ERROR - Task failed with exception
Traceback (most recent call last):
  File "/home/airflow/.local/lib/python3.12/site-packages/airflow/models/taskinstance.py", line 767, in _execute_task
    result = _execute_callable(context=context, **execute_callable_kwargs)
             ^^^^^^^^^^^^^^^^^^^^^^^^^^^^^^^^^^^^^^^^^^^^^^^^^^^^^^^^^^^^^
  File "/home/airflow/.local/lib/python3.12/site-packages/airflow/models/taskinstance.py", line 733, in _execute_callable
    return ExecutionCallableRunner(
           ^^^^^^^^^^^^^^^^^^^^^^^^
  File "/home/airflow/.local/lib/python3.12/site-packages/airflow/utils/operator_helpers.py", line 252, in run
    return self.func(*args, **kwargs)
           ^^^^^^^^^^^^^^^^^^^^^^^^^^
  File "/home/airflow/.local/lib/python3.12/site-packages/airflow/models/baseoperator.py", line 406, in wrapper
    return func(self, *args, **kwargs)
           ^^^^^^^^^^^^^^^^^^^^^^^^^^^
  File "/home/airflow/.local/lib/python3.12/site-packages/airflow/decorators/base.py", line 266, in execute
    return_value = super().execute(context)
                   ^^^^^^^^^^^^^^^^^^^^^^^^
  File "/home/airflow/.local/lib/python3.12/site-packages/airflow/models/baseoperator.py", line 406, in wrapper
    return func(self, *args, **kwargs)
           ^^^^^^^^^^^^^^^^^^^^^^^^^^^
  File "/home/airflow/.local/lib/python3.12/site-packages/airflow/operators/python.py", line 238, in execute
    return_value = self.execute_callable()
                   ^^^^^^^^^^^^^^^^^^^^^^^
  File "/home/airflow/.local/lib/python3.12/site-packages/airflow/operators/python.py", line 256, in execute_callable
    return runner.run(*self.op_args, **self.op_kwargs)
           ^^^^^^^^^^^^^^^^^^^^^^^^^^^^^^^^^^^^^^^^^^^
  File "/home/airflow/.local/lib/python3.12/site-packages/airflow/utils/operator_helpers.py", line 252, in run
    return self.func(*args, **kwargs)
           ^^^^^^^^^^^^^^^^^^^^^^^^^^
  File "/opt/airflow/dags/pipeline_dag.py", line 61, in load_data
    create_tables(db_name=DB_NAME, db_url=DB_URL)
  File "/opt/airflow/dags/utils.py", line 158, in create_tables
    check_and_create_db(db_name, db_url)
  File "/opt/airflow/dags/utils.py", line 73, in check_and_create_db
    admin_db_url = os.getenv(url_env_var)
                   ^^^^^^^^^^^^^^^^^^^^^^
  File "<frozen os>", line 812, in getenv
  File "<frozen _collections_abc>", line 807, in get
  File "<frozen os>", line 711, in __getitem__
  File "<frozen os>", line 793, in encode
TypeError: str expected, not NoneType
[2025-09-11T02:08:32.333+0000] {logging_mixin.py:190} INFO - Task instance in failure state
[2025-09-11T02:08:32.336+0000] {logging_mixin.py:190} INFO - Task start:2025-09-11 02:08:19.588436+00:00 end:2025-09-11 02:08:32.331429+00:00 duration:12.742993
[2025-09-11T02:08:32.360+0000] {logging_mixin.py:190} INFO - Task:<Task(_PythonDecoratedOperator): load_data> dag:<DAG: Sue_books_data_pipeline> dagrun:<DagRun Sue_books_data_pipeline @ 2025-09-11 02:05:28.349975+00:00: manual__2025-09-11T02:05:28.349975+00:00, state:running, queued_at: 2025-09-11 02:05:28.589377+00:00. externally triggered: True>
[2025-09-11T02:08:32.361+0000] {logging_mixin.py:190} INFO - Failure caused by str expected, not NoneType
[2025-09-11T02:08:32.362+0000] {taskinstance.py:1225} INFO - Marking task as UP_FOR_RETRY. dag_id=Sue_books_data_pipeline, task_id=load_data, run_id=manual__2025-09-11T02:05:28.349975+00:00, execution_date=20250911T020528, start_date=20250911T020819, end_date=20250911T020832
[2025-09-11T02:08:37.716+0000] {taskinstance.py:340} INFO - ::group::Post task execution logs
[2025-09-11T02:08:37.726+0000] {standard_task_runner.py:124} ERROR - Failed to execute job 39 for task load_data (str expected, not NoneType; 207)
Traceback (most recent call last):
  File "/home/airflow/.local/lib/python3.12/site-packages/airflow/task/task_runner/standard_task_runner.py", line 117, in _start_by_fork
    ret = args.func(args, dag=self.dag)
          ^^^^^^^^^^^^^^^^^^^^^^^^^^^^^
  File "/home/airflow/.local/lib/python3.12/site-packages/airflow/cli/cli_config.py", line 49, in command
    return func(*args, **kwargs)
           ^^^^^^^^^^^^^^^^^^^^^
  File "/home/airflow/.local/lib/python3.12/site-packages/airflow/utils/cli.py", line 115, in wrapper
    return f(*args, **kwargs)
           ^^^^^^^^^^^^^^^^^^
  File "/home/airflow/.local/lib/python3.12/site-packages/airflow/cli/commands/task_command.py", line 483, in task_run
    task_return_code = _run_task_by_selected_method(args, _dag, ti)
                       ^^^^^^^^^^^^^^^^^^^^^^^^^^^^^^^^^^^^^^^^^^^^
  File "/home/airflow/.local/lib/python3.12/site-packages/airflow/cli/commands/task_command.py", line 256, in _run_task_by_selected_method
    return _run_raw_task(args, ti)
           ^^^^^^^^^^^^^^^^^^^^^^^
  File "/home/airflow/.local/lib/python3.12/site-packages/airflow/cli/commands/task_command.py", line 341, in _run_raw_task
    return ti._run_raw_task(
           ^^^^^^^^^^^^^^^^^
  File "/home/airflow/.local/lib/python3.12/site-packages/airflow/utils/session.py", line 97, in wrapper
    return func(*args, session=session, **kwargs)
           ^^^^^^^^^^^^^^^^^^^^^^^^^^^^^^^^^^^^^^
  File "/home/airflow/.local/lib/python3.12/site-packages/airflow/models/taskinstance.py", line 3004, in _run_raw_task
    return _run_raw_task(
           ^^^^^^^^^^^^^^
  File "/home/airflow/.local/lib/python3.12/site-packages/airflow/models/taskinstance.py", line 273, in _run_raw_task
    TaskInstance._execute_task_with_callbacks(
  File "/home/airflow/.local/lib/python3.12/site-packages/airflow/models/taskinstance.py", line 3158, in _execute_task_with_callbacks
    result = self._execute_task(context, task_orig)
             ^^^^^^^^^^^^^^^^^^^^^^^^^^^^^^^^^^^^^^
  File "/home/airflow/.local/lib/python3.12/site-packages/airflow/models/taskinstance.py", line 3182, in _execute_task
    return _execute_task(self, context, task_orig)
           ^^^^^^^^^^^^^^^^^^^^^^^^^^^^^^^^^^^^^^^
  File "/home/airflow/.local/lib/python3.12/site-packages/airflow/models/taskinstance.py", line 767, in _execute_task
    result = _execute_callable(context=context, **execute_callable_kwargs)
             ^^^^^^^^^^^^^^^^^^^^^^^^^^^^^^^^^^^^^^^^^^^^^^^^^^^^^^^^^^^^^
  File "/home/airflow/.local/lib/python3.12/site-packages/airflow/models/taskinstance.py", line 733, in _execute_callable
    return ExecutionCallableRunner(
           ^^^^^^^^^^^^^^^^^^^^^^^^
  File "/home/airflow/.local/lib/python3.12/site-packages/airflow/utils/operator_helpers.py", line 252, in run
    return self.func(*args, **kwargs)
           ^^^^^^^^^^^^^^^^^^^^^^^^^^
  File "/home/airflow/.local/lib/python3.12/site-packages/airflow/models/baseoperator.py", line 406, in wrapper
    return func(self, *args, **kwargs)
           ^^^^^^^^^^^^^^^^^^^^^^^^^^^
  File "/home/airflow/.local/lib/python3.12/site-packages/airflow/decorators/base.py", line 266, in execute
    return_value = super().execute(context)
                   ^^^^^^^^^^^^^^^^^^^^^^^^
  File "/home/airflow/.local/lib/python3.12/site-packages/airflow/models/baseoperator.py", line 406, in wrapper
    return func(self, *args, **kwargs)
           ^^^^^^^^^^^^^^^^^^^^^^^^^^^
  File "/home/airflow/.local/lib/python3.12/site-packages/airflow/operators/python.py", line 238, in execute
    return_value = self.execute_callable()
                   ^^^^^^^^^^^^^^^^^^^^^^^
  File "/home/airflow/.local/lib/python3.12/site-packages/airflow/operators/python.py", line 256, in execute_callable
    return runner.run(*self.op_args, **self.op_kwargs)
           ^^^^^^^^^^^^^^^^^^^^^^^^^^^^^^^^^^^^^^^^^^^
  File "/home/airflow/.local/lib/python3.12/site-packages/airflow/utils/operator_helpers.py", line 252, in run
    return self.func(*args, **kwargs)
           ^^^^^^^^^^^^^^^^^^^^^^^^^^
  File "/opt/airflow/dags/pipeline_dag.py", line 61, in load_data
    create_tables(db_name=DB_NAME, db_url=DB_URL)
  File "/opt/airflow/dags/utils.py", line 158, in create_tables
    check_and_create_db(db_name, db_url)
  File "/opt/airflow/dags/utils.py", line 73, in check_and_create_db
    admin_db_url = os.getenv(url_env_var)
                   ^^^^^^^^^^^^^^^^^^^^^^
  File "<frozen os>", line 812, in getenv
  File "<frozen _collections_abc>", line 807, in get
  File "<frozen os>", line 711, in __getitem__
  File "<frozen os>", line 793, in encode
TypeError: str expected, not NoneType
[2025-09-11T02:08:37.804+0000] {job.py:229} INFO - Heartbeat recovered after 12.48 seconds
[2025-09-11T02:08:38.824+0000] {local_task_job_runner.py:266} INFO - Task exited with return code 1
[2025-09-11T02:08:39.193+0000] {local_task_job_runner.py:245} INFO - ::endgroup::
[2025-09-11T02:08:40.391+0000] {standard_task_runner.py:217} INFO - Process not found (most likely exited), stop collecting metrics
