{"timestamp":"2026-03-06T08:30:57.098535","level":"info","event":"Filling up the DagBag from /home/airflow/.local/lib/python3.12/site-packages/airflow/example_dags/example_asset_alias.py","logger":"airflow.models.dagbag.DagBag"}
{"timestamp":"2026-03-06T08:31:28.198351","level":"info","event":"Filling up the DagBag from /home/airflow/.local/lib/python3.12/site-packages/airflow/example_dags/example_asset_alias.py","logger":"airflow.models.dagbag.DagBag"}
{"timestamp":"2026-03-06T08:44:50.494471","level":"info","event":"Filling up the DagBag from /home/airflow/.local/lib/python3.12/site-packages/airflow/example_dags/example_asset_alias.py","logger":"airflow.models.dagbag.DagBag"}
{"timestamp":"2026-03-06T08:45:31.375028","level":"info","event":"Filling up the DagBag from /home/airflow/.local/lib/python3.12/site-packages/airflow/example_dags/example_asset_alias.py","logger":"airflow.models.dagbag.DagBag"}
{"timestamp":"2026-03-06T08:54:45.535667","level":"info","event":"Filling up the DagBag from /home/airflow/.local/lib/python3.12/site-packages/airflow/example_dags/example_asset_alias.py","logger":"airflow.models.dagbag.DagBag"}
{"timestamp":"2026-03-06T08:55:29.192975","level":"info","event":"Filling up the DagBag from /home/airflow/.local/lib/python3.12/site-packages/airflow/example_dags/example_asset_alias.py","logger":"airflow.models.dagbag.DagBag"}
{"timestamp":"2026-03-06T08:56:19.489826","level":"info","event":"Filling up the DagBag from /home/airflow/.local/lib/python3.12/site-packages/airflow/example_dags/example_asset_alias.py","logger":"airflow.models.dagbag.DagBag"}
{"timestamp":"2026-03-06T08:56:50.854464","level":"info","event":"Filling up the DagBag from /home/airflow/.local/lib/python3.12/site-packages/airflow/example_dags/example_asset_alias.py","logger":"airflow.models.dagbag.DagBag"}
{"timestamp":"2026-03-06T08:57:47.621277","level":"info","event":"Filling up the DagBag from /home/airflow/.local/lib/python3.12/site-packages/airflow/example_dags/example_asset_alias.py","logger":"airflow.models.dagbag.DagBag"}
{"timestamp":"2026-03-06T08:58:32.561919","level":"info","event":"Filling up the DagBag from /home/airflow/.local/lib/python3.12/site-packages/airflow/example_dags/example_asset_alias.py","logger":"airflow.models.dagbag.DagBag"}
{"timestamp":"2026-03-06T08:59:09.831825","level":"info","event":"Filling up the DagBag from /home/airflow/.local/lib/python3.12/site-packages/airflow/example_dags/example_asset_alias.py","logger":"airflow.models.dagbag.DagBag"}
{"timestamp":"2026-03-06T08:59:42.439390","level":"info","event":"Filling up the DagBag from /home/airflow/.local/lib/python3.12/site-packages/airflow/example_dags/example_asset_alias.py","logger":"airflow.models.dagbag.DagBag"}
{"timestamp":"2026-03-06T09:00:29.636659","level":"info","event":"Filling up the DagBag from /home/airflow/.local/lib/python3.12/site-packages/airflow/example_dags/example_asset_alias.py","logger":"airflow.models.dagbag.DagBag"}
{"timestamp":"2026-03-06T09:01:12.553867","level":"info","event":"Filling up the DagBag from /home/airflow/.local/lib/python3.12/site-packages/airflow/example_dags/example_asset_alias.py","logger":"airflow.models.dagbag.DagBag"}
{"timestamp":"2026-03-06T09:01:44.108510","level":"info","event":"Filling up the DagBag from /home/airflow/.local/lib/python3.12/site-packages/airflow/example_dags/example_asset_alias.py","logger":"airflow.models.dagbag.DagBag"}
{"timestamp":"2026-03-06T09:02:24.076877","level":"info","event":"Filling up the DagBag from /home/airflow/.local/lib/python3.12/site-packages/airflow/example_dags/example_asset_alias.py","logger":"airflow.models.dagbag.DagBag"}
{"timestamp":"2026-03-06T09:03:16.731088","level":"info","event":"Filling up the DagBag from /home/airflow/.local/lib/python3.12/site-packages/airflow/example_dags/example_asset_alias.py","logger":"airflow.models.dagbag.DagBag"}
{"timestamp":"2026-03-06T09:03:50.651848","level":"info","event":"Filling up the DagBag from /home/airflow/.local/lib/python3.12/site-packages/airflow/example_dags/example_asset_alias.py","logger":"airflow.models.dagbag.DagBag"}
{"timestamp":"2026-03-06T09:04:31.068742","level":"info","event":"Filling up the DagBag from /home/airflow/.local/lib/python3.12/site-packages/airflow/example_dags/example_asset_alias.py","logger":"airflow.models.dagbag.DagBag"}
{"timestamp":"2026-03-06T09:05:02.731509","level":"info","event":"Filling up the DagBag from /home/airflow/.local/lib/python3.12/site-packages/airflow/example_dags/example_asset_alias.py","logger":"airflow.models.dagbag.DagBag"}
{"timestamp":"2026-03-06T09:27:55.694046","level":"info","event":"Filling up the DagBag from /home/airflow/.local/lib/python3.12/site-packages/airflow/example_dags/example_asset_alias.py","logger":"airflow.models.dagbag.DagBag"}
{"timestamp":"2026-03-06T09:28:31.918001","level":"info","event":"Filling up the DagBag from /home/airflow/.local/lib/python3.12/site-packages/airflow/example_dags/example_asset_alias.py","logger":"airflow.models.dagbag.DagBag"}
{"timestamp":"2026-03-06T09:29:15.919663","level":"info","event":"Filling up the DagBag from /home/airflow/.local/lib/python3.12/site-packages/airflow/example_dags/example_asset_alias.py","logger":"airflow.models.dagbag.DagBag"}
{"timestamp":"2026-03-06T09:38:03.462251","level":"info","event":"Filling up the DagBag from /home/airflow/.local/lib/python3.12/site-packages/airflow/example_dags/example_asset_alias.py","logger":"airflow.models.dagbag.DagBag"}
{"timestamp":"2026-03-06T09:38:38.660710","level":"error","event":"Process timed out, PID: 94","logger":"airflow.utils.timeout.TimeoutPosix"}
{"timestamp":"2026-03-06T09:38:55.767807Z","level":"error","event":"Exception ignored in: <function _collection_gced at 0x7f5e605f9080>","chan":"stderr","logger":"processor"}
{"timestamp":"2026-03-06T09:38:55.772197Z","level":"error","event":"Traceback (most recent call last):","chan":"stderr","logger":"processor"}
{"timestamp":"2026-03-06T09:38:55.773083Z","level":"error","event":"  File \"/home/airflow/.local/lib/python3.12/site-packages/sqlalchemy/event/registry.py\", line 53, in _collection_gced","chan":"stderr","logger":"processor"}
{"timestamp":"2026-03-06T09:38:55.853919Z","level":"error","event":"    def _collection_gced(ref):","chan":"stderr","logger":"processor"}
{"timestamp":"2026-03-06T09:38:55.857777Z","level":"error","event":"","chan":"stderr","logger":"processor"}
{"timestamp":"2026-03-06T09:38:55.858498Z","level":"error","event":"  File \"/home/airflow/.local/lib/python3.12/site-packages/airflow/utils/timeout.py\", line 69, in handle_timeout","chan":"stderr","logger":"processor"}
{"timestamp":"2026-03-06T09:38:55.941439Z","level":"error","event":"    raise AirflowTaskTimeout(self.error_message)","chan":"stderr","logger":"processor"}
{"timestamp":"2026-03-06T09:38:55.942482Z","level":"error","event":"airflow.exceptions.AirflowTaskTimeout: DagBag import timeout for /home/airflow/.local/lib/python3.12/site-packages/airflow/example_dags/example_asset_alias.py after 30.0s.","chan":"stderr","logger":"processor"}
{"timestamp":"2026-03-06T09:38:55.943215Z","level":"error","event":"Please take a look at these docs to improve your DAG import time:","chan":"stderr","logger":"processor"}
{"timestamp":"2026-03-06T09:38:55.989694Z","level":"error","event":"* https://airflow.apache.org/docs/apache-airflow/3.0.6/best-practices.html#top-level-python-code","chan":"stderr","logger":"processor"}
{"timestamp":"2026-03-06T09:38:55.995541Z","level":"error","event":"* https://airflow.apache.org/docs/apache-airflow/3.0.6/best-practices.html#reducing-dag-complexity, PID: 94","chan":"stderr","logger":"processor"}
{"timestamp":"2026-03-06T09:44:44.045678","level":"info","event":"Filling up the DagBag from /home/airflow/.local/lib/python3.12/site-packages/airflow/example_dags/example_asset_alias.py","logger":"airflow.models.dagbag.DagBag"}
{"timestamp":"2026-03-06T09:53:14.050087","level":"info","event":"Filling up the DagBag from /home/airflow/.local/lib/python3.12/site-packages/airflow/example_dags/example_asset_alias.py","logger":"airflow.models.dagbag.DagBag"}
