{"timestamp":"2025-10-07T20:27:07.335352","level":"info","event":"DAG bundles loaded: dags-folder, example_dags","logger":"airflow.dag_processing.bundles.manager.DagBundlesManager"}
{"timestamp":"2025-10-07T20:27:07.338656","level":"info","event":"Filling up the DagBag from /opt/airflow/dags/pipeline_dag.py","logger":"airflow.models.dagbag.DagBag"}
{"timestamp":"2025-10-07T20:27:08.386201Z","level":"info","event":"Task instance is in running state","chan":"stdout","logger":"task"}
{"timestamp":"2025-10-07T20:27:08.386527Z","level":"info","event":" Previous state of the Task instance: TaskInstanceState.QUEUED","chan":"stdout","logger":"task"}
{"timestamp":"2025-10-07T20:27:08.386762Z","level":"info","event":"Current task name:load_data","chan":"stdout","logger":"task"}
{"timestamp":"2025-10-07T20:27:08.386966Z","level":"info","event":"Dag name:Sue_books_data_pipeline","chan":"stdout","logger":"task"}
{"timestamp":"2025-10-07T20:27:08.477670","level":"info","event":"Dimension tables created successfully.","logger":"tables"}
{"timestamp":"2025-10-07T20:27:08.496290","level":"info","event":"Fact table created successfully. Total records: 78484","logger":"tables"}
{"timestamp":"2025-10-07T20:27:08.517328","level":"warning","event":"Database 'sales_db' already exists.","logger":"utils"}
{"timestamp":"2025-10-07T20:27:08.958145","level":"error","event":"Error creating tables: there is no unique constraint matching given keys for referenced table \"fact_transactions\"\n","logger":"utils","error_detail":[{"exc_type":"InvalidForeignKey","exc_value":"there is no unique constraint matching given keys for referenced table \"fact_transactions\"\n","exc_notes":[],"syntax_error":null,"is_cause":false,"frames":[{"filename":"/opt/airflow/dags/utils.py","lineno":292,"name":"create_tables"}],"is_group":false,"exceptions":[]}]}
{"timestamp":"2025-10-07T20:27:09.010901","level":"info","event":"Preparing to upsert 904 rows into oltp.users...","logger":"utils"}
{"timestamp":"2025-10-07T20:27:09.074415","level":"info","event":"904 records upserted into oltp.users","logger":"utils"}
{"timestamp":"2025-10-07T20:27:09.077422","level":"info","event":"Preparing to upsert 112 rows into oltp.books...","logger":"utils"}
{"timestamp":"2025-10-07T20:27:09.097888","level":"info","event":"112 records upserted into oltp.books","logger":"utils"}
{"timestamp":"2025-10-07T20:27:09.116515","level":"info","event":"Preparing to upsert 78484 rows into oltp.transactions...","logger":"utils"}
{"timestamp":"2025-10-07T20:27:19.867523","level":"info","event":"78484 records upserted into oltp.transactions","logger":"utils"}
{"timestamp":"2025-10-07T20:27:19.952112","level":"info","event":"Preparing to upsert 904 rows into olap.dim_user...","logger":"utils"}
{"timestamp":"2025-10-07T20:27:20.069196","level":"error","event":"Failed to upsert into olap.dim_user: duplicate key value violates unique constraint \"dim_user_user_id_key\"\nDETAIL:  Key (user_id)=(51) already exists.\n","logger":"utils","error_detail":[{"exc_type":"UniqueViolation","exc_value":"duplicate key value violates unique constraint \"dim_user_user_id_key\"\nDETAIL:  Key (user_id)=(51) already exists.\n","exc_notes":[],"syntax_error":null,"is_cause":false,"frames":[{"filename":"/opt/airflow/dags/utils.py","lineno":276,"name":"upsert_from_df"},{"filename":"/home/airflow/.local/lib/python3.12/site-packages/psycopg2/extras.py","lineno":1299,"name":"execute_values"}],"is_group":false,"exceptions":[]}]}
{"timestamp":"2025-10-07T20:27:20.070327","level":"error","event":"Task failed with exception","logger":"task","error_detail":[{"exc_type":"UniqueViolation","exc_value":"duplicate key value violates unique constraint \"dim_user_user_id_key\"\nDETAIL:  Key (user_id)=(51) already exists.\n","exc_notes":[],"syntax_error":null,"is_cause":false,"frames":[{"filename":"/home/airflow/.local/lib/python3.12/site-packages/airflow/sdk/execution_time/task_runner.py","lineno":920,"name":"run"},{"filename":"/home/airflow/.local/lib/python3.12/site-packages/airflow/sdk/execution_time/task_runner.py","lineno":1215,"name":"_execute_task"},{"filename":"/home/airflow/.local/lib/python3.12/site-packages/airflow/sdk/bases/operator.py","lineno":397,"name":"wrapper"},{"filename":"/home/airflow/.local/lib/python3.12/site-packages/airflow/sdk/bases/decorator.py","lineno":251,"name":"execute"},{"filename":"/home/airflow/.local/lib/python3.12/site-packages/airflow/sdk/bases/operator.py","lineno":397,"name":"wrapper"},{"filename":"/home/airflow/.local/lib/python3.12/site-packages/airflow/providers/standard/operators/python.py","lineno":216,"name":"execute"},{"filename":"/home/airflow/.local/lib/python3.12/site-packages/airflow/providers/standard/operators/python.py","lineno":239,"name":"execute_callable"},{"filename":"/home/airflow/.local/lib/python3.12/site-packages/airflow/sdk/execution_time/callback_runner.py","lineno":81,"name":"run"},{"filename":"/opt/airflow/dags/pipeline_dag.py","lineno":97,"name":"load_data"},{"filename":"/opt/airflow/dags/utils.py","lineno":276,"name":"upsert_from_df"},{"filename":"/home/airflow/.local/lib/python3.12/site-packages/psycopg2/extras.py","lineno":1299,"name":"execute_values"}],"is_group":false,"exceptions":[]}]}
{"timestamp":"2025-10-07T20:27:20.341203Z","level":"info","event":"Task instance in failure state","chan":"stdout","logger":"task"}
{"timestamp":"2025-10-07T20:27:20.341532Z","level":"info","event":"Task start","chan":"stdout","logger":"task"}
{"timestamp":"2025-10-07T20:27:20.343269Z","level":"info","event":"Task:<Task(_PythonDecoratedOperator): load_data>","chan":"stdout","logger":"task"}
{"timestamp":"2025-10-07T20:27:20.343475Z","level":"info","event":"Failure caused by duplicate key value violates unique constraint \"dim_user_user_id_key\"","chan":"stdout","logger":"task"}
{"timestamp":"2025-10-07T20:27:20.343643Z","level":"info","event":"DETAIL:  Key (user_id)=(51) already exists.","chan":"stdout","logger":"task"}
{"timestamp":"2025-10-07T20:27:20.343799Z","level":"info","event":"","chan":"stdout","logger":"task"}
