{"timestamp":"2025-10-07T20:32:26.617740","level":"info","event":"DAG bundles loaded: dags-folder, example_dags","logger":"airflow.dag_processing.bundles.manager.DagBundlesManager"}
{"timestamp":"2025-10-07T20:32:26.623606","level":"info","event":"Filling up the DagBag from /opt/airflow/dags/pipeline_dag.py","logger":"airflow.models.dagbag.DagBag"}
{"timestamp":"2025-10-07T20:32:48.456678Z","level":"info","event":"Task instance is in running state","chan":"stdout","logger":"task"}
{"timestamp":"2025-10-07T20:32:48.457252Z","level":"info","event":" Previous state of the Task instance: TaskInstanceState.QUEUED","chan":"stdout","logger":"task"}
{"timestamp":"2025-10-07T20:32:48.457509Z","level":"info","event":"Current task name:load_data","chan":"stdout","logger":"task"}
{"timestamp":"2025-10-07T20:32:48.457704Z","level":"info","event":"Dag name:Sue_books_data_pipeline","chan":"stdout","logger":"task"}
{"timestamp":"2025-10-07T20:32:51.214163","level":"info","event":"Dimension tables created successfully.","logger":"tables"}
{"timestamp":"2025-10-07T20:32:51.392312","level":"info","event":"Fact table created successfully. Total records: 78484","logger":"tables"}
{"timestamp":"2025-10-07T20:32:52.027070","level":"warning","event":"Database 'sales_db' already exists.","logger":"utils"}
{"timestamp":"2025-10-07T20:32:53.792727","level":"error","event":"Error creating tables: there is no unique constraint matching given keys for referenced table \"fact_transactions\"\n","logger":"utils","error_detail":[{"exc_type":"InvalidForeignKey","exc_value":"there is no unique constraint matching given keys for referenced table \"fact_transactions\"\n","exc_notes":[],"syntax_error":null,"is_cause":false,"frames":[{"filename":"/opt/airflow/dags/utils.py","lineno":292,"name":"create_tables"}],"is_group":false,"exceptions":[]}]}
{"timestamp":"2025-10-07T20:32:54.138590","level":"info","event":"Preparing to upsert 904 rows into oltp.users...","logger":"utils"}
{"timestamp":"2025-10-07T20:32:55.349022","level":"info","event":"904 records upserted into oltp.users","logger":"utils"}
{"timestamp":"2025-10-07T20:32:55.506796","level":"info","event":"Preparing to upsert 112 rows into oltp.books...","logger":"utils"}
{"timestamp":"2025-10-07T20:32:55.979775","level":"info","event":"112 records upserted into oltp.books","logger":"utils"}
{"timestamp":"2025-10-07T20:32:56.192743","level":"info","event":"Preparing to upsert 78484 rows into oltp.transactions...","logger":"utils"}
{"timestamp":"2025-10-07T20:33:23.759348","level":"info","event":"78484 records upserted into oltp.transactions","logger":"utils"}
{"timestamp":"2025-10-07T20:33:23.772842","level":"info","event":"Preparing to upsert 904 rows into olap.dim_user...","logger":"utils"}
{"timestamp":"2025-10-07T20:33:23.846701","level":"error","event":"Failed to upsert into olap.dim_user: duplicate key value violates unique constraint \"dim_user_user_id_key\"\nDETAIL:  Key (user_id)=(115) already exists.\n","logger":"utils","error_detail":[{"exc_type":"UniqueViolation","exc_value":"duplicate key value violates unique constraint \"dim_user_user_id_key\"\nDETAIL:  Key (user_id)=(115) already exists.\n","exc_notes":[],"syntax_error":null,"is_cause":false,"frames":[{"filename":"/opt/airflow/dags/utils.py","lineno":276,"name":"upsert_from_df"},{"filename":"/home/airflow/.local/lib/python3.12/site-packages/psycopg2/extras.py","lineno":1299,"name":"execute_values"}],"is_group":false,"exceptions":[]}]}
{"timestamp":"2025-10-07T20:33:23.847566","level":"error","event":"Task failed with exception","logger":"task","error_detail":[{"exc_type":"UniqueViolation","exc_value":"duplicate key value violates unique constraint \"dim_user_user_id_key\"\nDETAIL:  Key (user_id)=(115) already exists.\n","exc_notes":[],"syntax_error":null,"is_cause":false,"frames":[{"filename":"/home/airflow/.local/lib/python3.12/site-packages/airflow/sdk/execution_time/task_runner.py","lineno":920,"name":"run"},{"filename":"/home/airflow/.local/lib/python3.12/site-packages/airflow/sdk/execution_time/task_runner.py","lineno":1215,"name":"_execute_task"},{"filename":"/home/airflow/.local/lib/python3.12/site-packages/airflow/sdk/bases/operator.py","lineno":397,"name":"wrapper"},{"filename":"/home/airflow/.local/lib/python3.12/site-packages/airflow/sdk/bases/decorator.py","lineno":251,"name":"execute"},{"filename":"/home/airflow/.local/lib/python3.12/site-packages/airflow/sdk/bases/operator.py","lineno":397,"name":"wrapper"},{"filename":"/home/airflow/.local/lib/python3.12/site-packages/airflow/providers/standard/operators/python.py","lineno":216,"name":"execute"},{"filename":"/home/airflow/.local/lib/python3.12/site-packages/airflow/providers/standard/operators/python.py","lineno":239,"name":"execute_callable"},{"filename":"/home/airflow/.local/lib/python3.12/site-packages/airflow/sdk/execution_time/callback_runner.py","lineno":81,"name":"run"},{"filename":"/opt/airflow/dags/pipeline_dag.py","lineno":97,"name":"load_data"},{"filename":"/opt/airflow/dags/utils.py","lineno":276,"name":"upsert_from_df"},{"filename":"/home/airflow/.local/lib/python3.12/site-packages/psycopg2/extras.py","lineno":1299,"name":"execute_values"}],"is_group":false,"exceptions":[]}]}
{"timestamp":"2025-10-07T20:33:23.998508Z","level":"info","event":"Task instance in failure state","chan":"stdout","logger":"task"}
{"timestamp":"2025-10-07T20:33:23.998925Z","level":"info","event":"Task start","chan":"stdout","logger":"task"}
{"timestamp":"2025-10-07T20:33:23.999256Z","level":"info","event":"Task:<Task(_PythonDecoratedOperator): load_data>","chan":"stdout","logger":"task"}
{"timestamp":"2025-10-07T20:33:23.999465Z","level":"info","event":"Failure caused by duplicate key value violates unique constraint \"dim_user_user_id_key\"","chan":"stdout","logger":"task"}
{"timestamp":"2025-10-07T20:33:23.999645Z","level":"info","event":"DETAIL:  Key (user_id)=(115) already exists.","chan":"stdout","logger":"task"}
{"timestamp":"2025-10-07T20:33:23.999813Z","level":"info","event":"","chan":"stdout","logger":"task"}
