[2025-09-11T07:43:13.936+0000] {local_task_job_runner.py:123} INFO - ::group::Pre task execution logs
[2025-09-11T07:43:13.964+0000] {taskinstance.py:2612} INFO - Dependencies all met for dep_context=non-requeueable deps ti=<TaskInstance: Sue_books_data_pipeline.load_data manual__2025-09-11T07:42:56.667186+00:00 [queued]>
[2025-09-11T07:43:13.975+0000] {taskinstance.py:2612} INFO - Dependencies all met for dep_context=requeueable deps ti=<TaskInstance: Sue_books_data_pipeline.load_data manual__2025-09-11T07:42:56.667186+00:00 [queued]>
[2025-09-11T07:43:13.975+0000] {taskinstance.py:2865} INFO - Starting attempt 1 of 3
[2025-09-11T07:43:13.990+0000] {taskinstance.py:2888} INFO - Executing <Task(_PythonDecoratedOperator): load_data> on 2025-09-11 07:42:56.667186+00:00
[2025-09-11T07:43:13.998+0000] {warnings.py:112} WARNING - /home/airflow/.local/lib/python3.12/site-packages/airflow/task/task_runner/standard_task_runner.py:70: DeprecationWarning: This process (pid=2603) is multi-threaded, use of fork() may lead to deadlocks in the child.
  pid = os.fork()

[2025-09-11T07:43:13.999+0000] {standard_task_runner.py:72} INFO - Started process 2606 to run task
[2025-09-11T07:43:14.000+0000] {standard_task_runner.py:104} INFO - Running: ['airflow', 'tasks', 'run', 'Sue_books_data_pipeline', 'load_data', 'manual__2025-09-11T07:42:56.667186+00:00', '--job-id', '135', '--raw', '--subdir', 'DAGS_FOLDER/pipeline_dag.py', '--cfg-path', '/tmp/tmphzrs6gct']
[2025-09-11T07:43:14.002+0000] {standard_task_runner.py:105} INFO - Job 135: Subtask load_data
[2025-09-11T07:43:14.152+0000] {task_command.py:467} INFO - Running <TaskInstance: Sue_books_data_pipeline.load_data manual__2025-09-11T07:42:56.667186+00:00 [running]> on host 34752174ab96
[2025-09-11T07:43:14.328+0000] {taskinstance.py:3131} INFO - Exporting env vars: AIRFLOW_CTX_DAG_EMAIL='sadiquetimileyin@gmail.com' AIRFLOW_CTX_DAG_OWNER='sadique' AIRFLOW_CTX_DAG_ID='Sue_books_data_pipeline' AIRFLOW_CTX_TASK_ID='load_data' AIRFLOW_CTX_EXECUTION_DATE='2025-09-11T07:42:56.667186+00:00' AIRFLOW_CTX_TRY_NUMBER='1' AIRFLOW_CTX_DAG_RUN_ID='manual__2025-09-11T07:42:56.667186+00:00'
[2025-09-11T07:43:14.329+0000] {logging_mixin.py:190} INFO - Task instance is in running state
[2025-09-11T07:43:14.329+0000] {logging_mixin.py:190} INFO -  Previous state of the Task instance: queued
[2025-09-11T07:43:14.330+0000] {logging_mixin.py:190} INFO - Current task name:load_data state:running start_date:2025-09-11 07:43:13.964997+00:00
[2025-09-11T07:43:14.330+0000] {logging_mixin.py:190} INFO - Dag name:Sue_books_data_pipeline and current dag run status:running
[2025-09-11T07:43:14.330+0000] {taskinstance.py:731} INFO - ::endgroup::
[2025-09-11T07:43:14.410+0000] {tables.py:215} INFO - Dimension tables created successfully.
[2025-09-11T07:43:14.448+0000] {tables.py:241} INFO - Fact table created successfully. Total records: 78484
[2025-09-11T07:43:14.465+0000] {utils.py:103} WARNING - Database 'sales_db' already exists.
[2025-09-11T07:43:14.695+0000] {utils.py:217} INFO - Tables created successfully.
[2025-09-11T07:43:14.698+0000] {utils.py:221} INFO - OLAP Tables: ['dim_user', 'fact_transactions', 'dim_book', 'dim_date', 'fact_daily_sales', 'fact_book_sales']
[2025-09-11T07:43:14.710+0000] {utils.py:183} INFO - Preparing to upsert 904 rows into oltp.users...
[2025-09-11T07:43:14.746+0000] {utils.py:200} INFO - 904 records upserted into oltp.users
[2025-09-11T07:43:14.747+0000] {utils.py:183} INFO - Preparing to upsert 112 rows into oltp.books...
[2025-09-11T07:43:14.754+0000] {utils.py:200} INFO - 112 records upserted into oltp.books
[2025-09-11T07:43:14.764+0000] {utils.py:183} INFO - Preparing to upsert 78484 rows into oltp.transactions...
[2025-09-11T07:43:18.871+0000] {utils.py:200} INFO - 78484 records upserted into oltp.transactions
[2025-09-11T07:43:18.874+0000] {utils.py:183} INFO - Preparing to upsert 904 rows into olap.dim_user...
[2025-09-11T07:43:18.971+0000] {utils.py:200} INFO - 904 records upserted into olap.dim_user
[2025-09-11T07:43:18.973+0000] {utils.py:183} INFO - Preparing to upsert 112 rows into olap.dim_book...
[2025-09-11T07:43:18.985+0000] {utils.py:200} INFO - 112 records upserted into olap.dim_book
[2025-09-11T07:43:18.986+0000] {utils.py:183} INFO - Preparing to upsert 545 rows into olap.dim_date...
[2025-09-11T07:43:19.004+0000] {utils.py:200} INFO - 545 records upserted into olap.dim_date
[2025-09-11T07:43:19.013+0000] {utils.py:183} INFO - Preparing to upsert 78484 rows into olap.fact_transactions...
[2025-09-11T07:43:24.909+0000] {utils.py:200} INFO - 78484 records upserted into olap.fact_transactions
[2025-09-11T07:43:24.913+0000] {taskinstance.py:3310} ERROR - Task failed with exception
Traceback (most recent call last):
  File "/home/airflow/.local/lib/python3.12/site-packages/airflow/models/taskinstance.py", line 767, in _execute_task
    result = _execute_callable(context=context, **execute_callable_kwargs)
             ^^^^^^^^^^^^^^^^^^^^^^^^^^^^^^^^^^^^^^^^^^^^^^^^^^^^^^^^^^^^^
  File "/home/airflow/.local/lib/python3.12/site-packages/airflow/models/taskinstance.py", line 733, in _execute_callable
    return ExecutionCallableRunner(
           ^^^^^^^^^^^^^^^^^^^^^^^^
  File "/home/airflow/.local/lib/python3.12/site-packages/airflow/utils/operator_helpers.py", line 252, in run
    return self.func(*args, **kwargs)
           ^^^^^^^^^^^^^^^^^^^^^^^^^^
  File "/home/airflow/.local/lib/python3.12/site-packages/airflow/models/baseoperator.py", line 406, in wrapper
    return func(self, *args, **kwargs)
           ^^^^^^^^^^^^^^^^^^^^^^^^^^^
  File "/home/airflow/.local/lib/python3.12/site-packages/airflow/decorators/base.py", line 266, in execute
    return_value = super().execute(context)
                   ^^^^^^^^^^^^^^^^^^^^^^^^
  File "/home/airflow/.local/lib/python3.12/site-packages/airflow/models/baseoperator.py", line 406, in wrapper
    return func(self, *args, **kwargs)
           ^^^^^^^^^^^^^^^^^^^^^^^^^^^
  File "/home/airflow/.local/lib/python3.12/site-packages/airflow/operators/python.py", line 238, in execute
    return_value = self.execute_callable()
                   ^^^^^^^^^^^^^^^^^^^^^^^
  File "/home/airflow/.local/lib/python3.12/site-packages/airflow/operators/python.py", line 256, in execute_callable
    return runner.run(*self.op_args, **self.op_kwargs)
           ^^^^^^^^^^^^^^^^^^^^^^^^^^^^^^^^^^^^^^^^^^^
  File "/home/airflow/.local/lib/python3.12/site-packages/airflow/utils/operator_helpers.py", line 252, in run
    return self.func(*args, **kwargs)
           ^^^^^^^^^^^^^^^^^^^^^^^^^^
  File "/opt/airflow/dags/pipeline_dag.py", line 75, in load_data
    upsert_from_df(conn, daily_summary, 'fact_daily_sales', ['date_id'], schema='olap')
  File "/opt/airflow/dags/utils.py", line 151, in upsert_from_df
    df = df.unique(subset=conflict_columns, keep="last")
         ^^^^^^^^^^^^^^^^^^^^^^^^^^^^^^^^^^^^^^^^^^^^^^^
  File "/home/airflow/.local/lib/python3.12/site-packages/polars/dataframe/frame.py", line 9689, in unique
    .collect(_eager=True)
     ^^^^^^^^^^^^^^^^^^^^
  File "/home/airflow/.local/lib/python3.12/site-packages/polars/lazyframe/frame.py", line 2034, in collect
    return wrap_df(ldf.collect(callback))
                   ^^^^^^^^^^^^^^^^^^^^^
polars.exceptions.ColumnNotFoundError: "date_id" not found
[2025-09-11T07:43:24.945+0000] {logging_mixin.py:190} INFO - Task instance in failure state
[2025-09-11T07:43:24.948+0000] {logging_mixin.py:190} INFO - Task start:2025-09-11 07:43:13.964997+00:00 end:2025-09-11 07:43:24.944323+00:00 duration:10.979326
[2025-09-11T07:43:24.949+0000] {logging_mixin.py:190} INFO - Task:<Task(_PythonDecoratedOperator): load_data> dag:<DAG: Sue_books_data_pipeline> dagrun:<DagRun Sue_books_data_pipeline @ 2025-09-11 07:42:56.667186+00:00: manual__2025-09-11T07:42:56.667186+00:00, state:running, queued_at: 2025-09-11 07:42:56.689984+00:00. externally triggered: True>
[2025-09-11T07:43:24.949+0000] {logging_mixin.py:190} INFO - Failure caused by "date_id" not found
[2025-09-11T07:43:24.951+0000] {taskinstance.py:1225} INFO - Marking task as UP_FOR_RETRY. dag_id=Sue_books_data_pipeline, task_id=load_data, run_id=manual__2025-09-11T07:42:56.667186+00:00, execution_date=20250911T074256, start_date=20250911T074313, end_date=20250911T074324
[2025-09-11T07:43:24.996+0000] {taskinstance.py:340} INFO - ::group::Post task execution logs
[2025-09-11T07:43:24.996+0000] {standard_task_runner.py:124} ERROR - Failed to execute job 135 for task load_data ("date_id" not found; 2606)
Traceback (most recent call last):
  File "/home/airflow/.local/lib/python3.12/site-packages/airflow/task/task_runner/standard_task_runner.py", line 117, in _start_by_fork
    ret = args.func(args, dag=self.dag)
          ^^^^^^^^^^^^^^^^^^^^^^^^^^^^^
  File "/home/airflow/.local/lib/python3.12/site-packages/airflow/cli/cli_config.py", line 49, in command
    return func(*args, **kwargs)
           ^^^^^^^^^^^^^^^^^^^^^
  File "/home/airflow/.local/lib/python3.12/site-packages/airflow/utils/cli.py", line 115, in wrapper
    return f(*args, **kwargs)
           ^^^^^^^^^^^^^^^^^^
  File "/home/airflow/.local/lib/python3.12/site-packages/airflow/cli/commands/task_command.py", line 483, in task_run
    task_return_code = _run_task_by_selected_method(args, _dag, ti)
                       ^^^^^^^^^^^^^^^^^^^^^^^^^^^^^^^^^^^^^^^^^^^^
  File "/home/airflow/.local/lib/python3.12/site-packages/airflow/cli/commands/task_command.py", line 256, in _run_task_by_selected_method
    return _run_raw_task(args, ti)
           ^^^^^^^^^^^^^^^^^^^^^^^
  File "/home/airflow/.local/lib/python3.12/site-packages/airflow/cli/commands/task_command.py", line 341, in _run_raw_task
    return ti._run_raw_task(
           ^^^^^^^^^^^^^^^^^
  File "/home/airflow/.local/lib/python3.12/site-packages/airflow/utils/session.py", line 97, in wrapper
    return func(*args, session=session, **kwargs)
           ^^^^^^^^^^^^^^^^^^^^^^^^^^^^^^^^^^^^^^
  File "/home/airflow/.local/lib/python3.12/site-packages/airflow/models/taskinstance.py", line 3004, in _run_raw_task
    return _run_raw_task(
           ^^^^^^^^^^^^^^
  File "/home/airflow/.local/lib/python3.12/site-packages/airflow/models/taskinstance.py", line 273, in _run_raw_task
    TaskInstance._execute_task_with_callbacks(
  File "/home/airflow/.local/lib/python3.12/site-packages/airflow/models/taskinstance.py", line 3158, in _execute_task_with_callbacks
    result = self._execute_task(context, task_orig)
             ^^^^^^^^^^^^^^^^^^^^^^^^^^^^^^^^^^^^^^
  File "/home/airflow/.local/lib/python3.12/site-packages/airflow/models/taskinstance.py", line 3182, in _execute_task
    return _execute_task(self, context, task_orig)
           ^^^^^^^^^^^^^^^^^^^^^^^^^^^^^^^^^^^^^^^
  File "/home/airflow/.local/lib/python3.12/site-packages/airflow/models/taskinstance.py", line 767, in _execute_task
    result = _execute_callable(context=context, **execute_callable_kwargs)
             ^^^^^^^^^^^^^^^^^^^^^^^^^^^^^^^^^^^^^^^^^^^^^^^^^^^^^^^^^^^^^
  File "/home/airflow/.local/lib/python3.12/site-packages/airflow/models/taskinstance.py", line 733, in _execute_callable
    return ExecutionCallableRunner(
           ^^^^^^^^^^^^^^^^^^^^^^^^
  File "/home/airflow/.local/lib/python3.12/site-packages/airflow/utils/operator_helpers.py", line 252, in run
    return self.func(*args, **kwargs)
           ^^^^^^^^^^^^^^^^^^^^^^^^^^
  File "/home/airflow/.local/lib/python3.12/site-packages/airflow/models/baseoperator.py", line 406, in wrapper
    return func(self, *args, **kwargs)
           ^^^^^^^^^^^^^^^^^^^^^^^^^^^
  File "/home/airflow/.local/lib/python3.12/site-packages/airflow/decorators/base.py", line 266, in execute
    return_value = super().execute(context)
                   ^^^^^^^^^^^^^^^^^^^^^^^^
  File "/home/airflow/.local/lib/python3.12/site-packages/airflow/models/baseoperator.py", line 406, in wrapper
    return func(self, *args, **kwargs)
           ^^^^^^^^^^^^^^^^^^^^^^^^^^^
  File "/home/airflow/.local/lib/python3.12/site-packages/airflow/operators/python.py", line 238, in execute
    return_value = self.execute_callable()
                   ^^^^^^^^^^^^^^^^^^^^^^^
  File "/home/airflow/.local/lib/python3.12/site-packages/airflow/operators/python.py", line 256, in execute_callable
    return runner.run(*self.op_args, **self.op_kwargs)
           ^^^^^^^^^^^^^^^^^^^^^^^^^^^^^^^^^^^^^^^^^^^
  File "/home/airflow/.local/lib/python3.12/site-packages/airflow/utils/operator_helpers.py", line 252, in run
    return self.func(*args, **kwargs)
           ^^^^^^^^^^^^^^^^^^^^^^^^^^
  File "/opt/airflow/dags/pipeline_dag.py", line 75, in load_data
    upsert_from_df(conn, daily_summary, 'fact_daily_sales', ['date_id'], schema='olap')
  File "/opt/airflow/dags/utils.py", line 151, in upsert_from_df
    df = df.unique(subset=conflict_columns, keep="last")
         ^^^^^^^^^^^^^^^^^^^^^^^^^^^^^^^^^^^^^^^^^^^^^^^
  File "/home/airflow/.local/lib/python3.12/site-packages/polars/dataframe/frame.py", line 9689, in unique
    .collect(_eager=True)
     ^^^^^^^^^^^^^^^^^^^^
  File "/home/airflow/.local/lib/python3.12/site-packages/polars/lazyframe/frame.py", line 2034, in collect
    return wrap_df(ldf.collect(callback))
                   ^^^^^^^^^^^^^^^^^^^^^
polars.exceptions.ColumnNotFoundError: "date_id" not found
[2025-09-11T07:43:25.040+0000] {local_task_job_runner.py:266} INFO - Task exited with return code 1
[2025-09-11T07:43:25.089+0000] {taskinstance.py:3900} INFO - 0 downstream tasks scheduled from follow-on schedule check
[2025-09-11T07:43:25.097+0000] {local_task_job_runner.py:245} INFO - ::endgroup::
