[2025-09-11T07:55:44.492+0000] {local_task_job_runner.py:123} INFO - ::group::Pre task execution logs
[2025-09-11T07:55:44.550+0000] {taskinstance.py:2612} INFO - Dependencies all met for dep_context=non-requeueable deps ti=<TaskInstance: Sue_books_data_pipeline.load_data manual__2025-09-11T07:55:18.971830+00:00 [queued]>
[2025-09-11T07:55:44.564+0000] {taskinstance.py:2612} INFO - Dependencies all met for dep_context=requeueable deps ti=<TaskInstance: Sue_books_data_pipeline.load_data manual__2025-09-11T07:55:18.971830+00:00 [queued]>
[2025-09-11T07:55:44.564+0000] {taskinstance.py:2865} INFO - Starting attempt 1 of 3
[2025-09-11T07:55:44.621+0000] {taskinstance.py:2888} INFO - Executing <Task(_PythonDecoratedOperator): load_data> on 2025-09-11 07:55:18.971830+00:00
[2025-09-11T07:55:44.646+0000] {warnings.py:112} WARNING - /home/airflow/.local/lib/python3.12/site-packages/airflow/task/task_runner/standard_task_runner.py:70: DeprecationWarning: This process (pid=2827) is multi-threaded, use of fork() may lead to deadlocks in the child.
  pid = os.fork()

[2025-09-11T07:55:44.653+0000] {standard_task_runner.py:72} INFO - Started process 2830 to run task
[2025-09-11T07:55:44.654+0000] {standard_task_runner.py:104} INFO - Running: ['airflow', 'tasks', 'run', 'Sue_books_data_pipeline', 'load_data', 'manual__2025-09-11T07:55:18.971830+00:00', '--job-id', '145', '--raw', '--subdir', 'DAGS_FOLDER/pipeline_dag.py', '--cfg-path', '/tmp/tmpcxxw0esu']
[2025-09-11T07:55:44.664+0000] {standard_task_runner.py:105} INFO - Job 145: Subtask load_data
[2025-09-11T07:55:44.785+0000] {task_command.py:467} INFO - Running <TaskInstance: Sue_books_data_pipeline.load_data manual__2025-09-11T07:55:18.971830+00:00 [running]> on host 34752174ab96
[2025-09-11T07:55:45.098+0000] {taskinstance.py:3131} INFO - Exporting env vars: AIRFLOW_CTX_DAG_EMAIL='sadiquetimileyin@gmail.com' AIRFLOW_CTX_DAG_OWNER='sadique' AIRFLOW_CTX_DAG_ID='Sue_books_data_pipeline' AIRFLOW_CTX_TASK_ID='load_data' AIRFLOW_CTX_EXECUTION_DATE='2025-09-11T07:55:18.971830+00:00' AIRFLOW_CTX_TRY_NUMBER='1' AIRFLOW_CTX_DAG_RUN_ID='manual__2025-09-11T07:55:18.971830+00:00'
[2025-09-11T07:55:45.123+0000] {logging_mixin.py:190} INFO - Task instance is in running state
[2025-09-11T07:55:45.127+0000] {logging_mixin.py:190} INFO -  Previous state of the Task instance: queued
[2025-09-11T07:55:45.138+0000] {logging_mixin.py:190} INFO - Current task name:load_data state:running start_date:2025-09-11 07:55:44.550583+00:00
[2025-09-11T07:55:45.151+0000] {logging_mixin.py:190} INFO - Dag name:Sue_books_data_pipeline and current dag run status:running
[2025-09-11T07:55:45.151+0000] {taskinstance.py:731} INFO - ::endgroup::
[2025-09-11T07:55:45.274+0000] {tables.py:227} INFO - Dimension tables created successfully.
[2025-09-11T07:55:45.295+0000] {tables.py:253} INFO - Fact table created successfully. Total records: 78484
[2025-09-11T07:55:45.313+0000] {utils.py:103} WARNING - Database 'sales_db' already exists.
[2025-09-11T07:55:45.557+0000] {utils.py:217} INFO - Tables created successfully.
[2025-09-11T07:55:45.563+0000] {utils.py:221} INFO - OLAP Tables: ['fact_daily_sales', 'dim_user', 'fact_transactions', 'dim_book', 'dim_date', 'fact_book_sales']
[2025-09-11T07:55:45.589+0000] {utils.py:183} INFO - Preparing to upsert 904 rows into oltp.users...
[2025-09-11T07:55:45.839+0000] {utils.py:200} INFO - 904 records upserted into oltp.users
[2025-09-11T07:55:45.841+0000] {utils.py:183} INFO - Preparing to upsert 112 rows into oltp.books...
[2025-09-11T07:55:45.857+0000] {utils.py:200} INFO - 112 records upserted into oltp.books
[2025-09-11T07:55:45.888+0000] {utils.py:183} INFO - Preparing to upsert 78484 rows into oltp.transactions...
[2025-09-11T07:55:51.735+0000] {utils.py:200} INFO - 78484 records upserted into oltp.transactions
[2025-09-11T07:55:51.739+0000] {utils.py:183} INFO - Preparing to upsert 904 rows into olap.dim_user...
[2025-09-11T07:55:51.769+0000] {utils.py:200} INFO - 904 records upserted into olap.dim_user
[2025-09-11T07:55:51.772+0000] {utils.py:183} INFO - Preparing to upsert 112 rows into olap.dim_book...
[2025-09-11T07:55:51.787+0000] {utils.py:200} INFO - 112 records upserted into olap.dim_book
[2025-09-11T07:55:51.789+0000] {utils.py:183} INFO - Preparing to upsert 545 rows into olap.dim_date...
[2025-09-11T07:55:51.810+0000] {utils.py:200} INFO - 545 records upserted into olap.dim_date
[2025-09-11T07:55:51.817+0000] {utils.py:183} INFO - Preparing to upsert 78484 rows into olap.fact_transactions...
[2025-09-11T07:56:01.935+0000] {utils.py:200} INFO - 78484 records upserted into olap.fact_transactions
[2025-09-11T07:56:01.939+0000] {utils.py:183} INFO - Preparing to upsert 545 rows into olap.fact_daily_sales...
[2025-09-11T07:56:01.986+0000] {utils.py:200} INFO - 545 records upserted into olap.fact_daily_sales
[2025-09-11T07:56:01.987+0000] {utils.py:183} INFO - Preparing to upsert 112 rows into olap.fact_book_sales...
[2025-09-11T07:56:01.990+0000] {utils.py:202} ERROR - Failed to upsert into olap.fact_book_sales: column "book_id" of relation "fact_book_sales" does not exist
LINE 1: INSERT INTO "olap"."fact_book_sales" ("book_id", "revenue", ...
                                              ^
Traceback (most recent call last):
  File "/opt/airflow/dags/utils.py", line 197, in upsert_from_df
    execute_values(cur, insert_sql, values, page_size=chunk_size)
  File "/home/airflow/.local/lib/python3.12/site-packages/psycopg2/extras.py", line 1299, in execute_values
    cur.execute(b''.join(parts))
psycopg2.errors.UndefinedColumn: column "book_id" of relation "fact_book_sales" does not exist
LINE 1: INSERT INTO "olap"."fact_book_sales" ("book_id", "revenue", ...
                                              ^

[2025-09-11T07:56:01.996+0000] {taskinstance.py:3310} ERROR - Task failed with exception
Traceback (most recent call last):
  File "/home/airflow/.local/lib/python3.12/site-packages/airflow/models/taskinstance.py", line 767, in _execute_task
    result = _execute_callable(context=context, **execute_callable_kwargs)
             ^^^^^^^^^^^^^^^^^^^^^^^^^^^^^^^^^^^^^^^^^^^^^^^^^^^^^^^^^^^^^
  File "/home/airflow/.local/lib/python3.12/site-packages/airflow/models/taskinstance.py", line 733, in _execute_callable
    return ExecutionCallableRunner(
           ^^^^^^^^^^^^^^^^^^^^^^^^
  File "/home/airflow/.local/lib/python3.12/site-packages/airflow/utils/operator_helpers.py", line 252, in run
    return self.func(*args, **kwargs)
           ^^^^^^^^^^^^^^^^^^^^^^^^^^
  File "/home/airflow/.local/lib/python3.12/site-packages/airflow/models/baseoperator.py", line 406, in wrapper
    return func(self, *args, **kwargs)
           ^^^^^^^^^^^^^^^^^^^^^^^^^^^
  File "/home/airflow/.local/lib/python3.12/site-packages/airflow/decorators/base.py", line 266, in execute
    return_value = super().execute(context)
                   ^^^^^^^^^^^^^^^^^^^^^^^^
  File "/home/airflow/.local/lib/python3.12/site-packages/airflow/models/baseoperator.py", line 406, in wrapper
    return func(self, *args, **kwargs)
           ^^^^^^^^^^^^^^^^^^^^^^^^^^^
  File "/home/airflow/.local/lib/python3.12/site-packages/airflow/operators/python.py", line 238, in execute
    return_value = self.execute_callable()
                   ^^^^^^^^^^^^^^^^^^^^^^^
  File "/home/airflow/.local/lib/python3.12/site-packages/airflow/operators/python.py", line 256, in execute_callable
    return runner.run(*self.op_args, **self.op_kwargs)
           ^^^^^^^^^^^^^^^^^^^^^^^^^^^^^^^^^^^^^^^^^^^
  File "/home/airflow/.local/lib/python3.12/site-packages/airflow/utils/operator_helpers.py", line 252, in run
    return self.func(*args, **kwargs)
           ^^^^^^^^^^^^^^^^^^^^^^^^^^
  File "/opt/airflow/dags/pipeline_dag.py", line 76, in load_data
    upsert_from_df(conn, top_books, 'fact_book_sales', ['book_id'], schema='olap')
  File "/opt/airflow/dags/utils.py", line 197, in upsert_from_df
    execute_values(cur, insert_sql, values, page_size=chunk_size)
  File "/home/airflow/.local/lib/python3.12/site-packages/psycopg2/extras.py", line 1299, in execute_values
    cur.execute(b''.join(parts))
psycopg2.errors.UndefinedColumn: column "book_id" of relation "fact_book_sales" does not exist
LINE 1: INSERT INTO "olap"."fact_book_sales" ("book_id", "revenue", ...
                                              ^

[2025-09-11T07:56:02.041+0000] {logging_mixin.py:190} INFO - Task instance in failure state
[2025-09-11T07:56:02.041+0000] {logging_mixin.py:190} INFO - Task start:2025-09-11 07:55:44.550583+00:00 end:2025-09-11 07:56:02.040067+00:00 duration:17.489484
[2025-09-11T07:56:02.042+0000] {logging_mixin.py:190} INFO - Task:<Task(_PythonDecoratedOperator): load_data> dag:<DAG: Sue_books_data_pipeline> dagrun:<DagRun Sue_books_data_pipeline @ 2025-09-11 07:55:18.971830+00:00: manual__2025-09-11T07:55:18.971830+00:00, state:running, queued_at: 2025-09-11 07:55:19.016471+00:00. externally triggered: True>
[2025-09-11T07:56:02.044+0000] {logging_mixin.py:190} INFO - Failure caused by column "book_id" of relation "fact_book_sales" does not exist
LINE 1: INSERT INTO "olap"."fact_book_sales" ("book_id", "revenue", ...
                                              ^
[2025-09-11T07:56:02.045+0000] {taskinstance.py:1225} INFO - Marking task as UP_FOR_RETRY. dag_id=Sue_books_data_pipeline, task_id=load_data, run_id=manual__2025-09-11T07:55:18.971830+00:00, execution_date=20250911T075518, start_date=20250911T075544, end_date=20250911T075602
[2025-09-11T07:56:02.085+0000] {taskinstance.py:340} INFO - ::group::Post task execution logs
[2025-09-11T07:56:02.086+0000] {standard_task_runner.py:124} ERROR - Failed to execute job 145 for task load_data (column "book_id" of relation "fact_book_sales" does not exist
LINE 1: INSERT INTO "olap"."fact_book_sales" ("book_id", "revenue", ...
                                              ^
; 2830)
Traceback (most recent call last):
  File "/home/airflow/.local/lib/python3.12/site-packages/airflow/task/task_runner/standard_task_runner.py", line 117, in _start_by_fork
    ret = args.func(args, dag=self.dag)
          ^^^^^^^^^^^^^^^^^^^^^^^^^^^^^
  File "/home/airflow/.local/lib/python3.12/site-packages/airflow/cli/cli_config.py", line 49, in command
    return func(*args, **kwargs)
           ^^^^^^^^^^^^^^^^^^^^^
  File "/home/airflow/.local/lib/python3.12/site-packages/airflow/utils/cli.py", line 115, in wrapper
    return f(*args, **kwargs)
           ^^^^^^^^^^^^^^^^^^
  File "/home/airflow/.local/lib/python3.12/site-packages/airflow/cli/commands/task_command.py", line 483, in task_run
    task_return_code = _run_task_by_selected_method(args, _dag, ti)
                       ^^^^^^^^^^^^^^^^^^^^^^^^^^^^^^^^^^^^^^^^^^^^
  File "/home/airflow/.local/lib/python3.12/site-packages/airflow/cli/commands/task_command.py", line 256, in _run_task_by_selected_method
    return _run_raw_task(args, ti)
           ^^^^^^^^^^^^^^^^^^^^^^^
  File "/home/airflow/.local/lib/python3.12/site-packages/airflow/cli/commands/task_command.py", line 341, in _run_raw_task
    return ti._run_raw_task(
           ^^^^^^^^^^^^^^^^^
  File "/home/airflow/.local/lib/python3.12/site-packages/airflow/utils/session.py", line 97, in wrapper
    return func(*args, session=session, **kwargs)
           ^^^^^^^^^^^^^^^^^^^^^^^^^^^^^^^^^^^^^^
  File "/home/airflow/.local/lib/python3.12/site-packages/airflow/models/taskinstance.py", line 3004, in _run_raw_task
    return _run_raw_task(
           ^^^^^^^^^^^^^^
  File "/home/airflow/.local/lib/python3.12/site-packages/airflow/models/taskinstance.py", line 273, in _run_raw_task
    TaskInstance._execute_task_with_callbacks(
  File "/home/airflow/.local/lib/python3.12/site-packages/airflow/models/taskinstance.py", line 3158, in _execute_task_with_callbacks
    result = self._execute_task(context, task_orig)
             ^^^^^^^^^^^^^^^^^^^^^^^^^^^^^^^^^^^^^^
  File "/home/airflow/.local/lib/python3.12/site-packages/airflow/models/taskinstance.py", line 3182, in _execute_task
    return _execute_task(self, context, task_orig)
           ^^^^^^^^^^^^^^^^^^^^^^^^^^^^^^^^^^^^^^^
  File "/home/airflow/.local/lib/python3.12/site-packages/airflow/models/taskinstance.py", line 767, in _execute_task
    result = _execute_callable(context=context, **execute_callable_kwargs)
             ^^^^^^^^^^^^^^^^^^^^^^^^^^^^^^^^^^^^^^^^^^^^^^^^^^^^^^^^^^^^^
  File "/home/airflow/.local/lib/python3.12/site-packages/airflow/models/taskinstance.py", line 733, in _execute_callable
    return ExecutionCallableRunner(
           ^^^^^^^^^^^^^^^^^^^^^^^^
  File "/home/airflow/.local/lib/python3.12/site-packages/airflow/utils/operator_helpers.py", line 252, in run
    return self.func(*args, **kwargs)
           ^^^^^^^^^^^^^^^^^^^^^^^^^^
  File "/home/airflow/.local/lib/python3.12/site-packages/airflow/models/baseoperator.py", line 406, in wrapper
    return func(self, *args, **kwargs)
           ^^^^^^^^^^^^^^^^^^^^^^^^^^^
  File "/home/airflow/.local/lib/python3.12/site-packages/airflow/decorators/base.py", line 266, in execute
    return_value = super().execute(context)
                   ^^^^^^^^^^^^^^^^^^^^^^^^
  File "/home/airflow/.local/lib/python3.12/site-packages/airflow/models/baseoperator.py", line 406, in wrapper
    return func(self, *args, **kwargs)
           ^^^^^^^^^^^^^^^^^^^^^^^^^^^
  File "/home/airflow/.local/lib/python3.12/site-packages/airflow/operators/python.py", line 238, in execute
    return_value = self.execute_callable()
                   ^^^^^^^^^^^^^^^^^^^^^^^
  File "/home/airflow/.local/lib/python3.12/site-packages/airflow/operators/python.py", line 256, in execute_callable
    return runner.run(*self.op_args, **self.op_kwargs)
           ^^^^^^^^^^^^^^^^^^^^^^^^^^^^^^^^^^^^^^^^^^^
  File "/home/airflow/.local/lib/python3.12/site-packages/airflow/utils/operator_helpers.py", line 252, in run
    return self.func(*args, **kwargs)
           ^^^^^^^^^^^^^^^^^^^^^^^^^^
  File "/opt/airflow/dags/pipeline_dag.py", line 76, in load_data
    upsert_from_df(conn, top_books, 'fact_book_sales', ['book_id'], schema='olap')
  File "/opt/airflow/dags/utils.py", line 197, in upsert_from_df
    execute_values(cur, insert_sql, values, page_size=chunk_size)
  File "/home/airflow/.local/lib/python3.12/site-packages/psycopg2/extras.py", line 1299, in execute_values
    cur.execute(b''.join(parts))
psycopg2.errors.UndefinedColumn: column "book_id" of relation "fact_book_sales" does not exist
LINE 1: INSERT INTO "olap"."fact_book_sales" ("book_id", "revenue", ...
                                              ^

[2025-09-11T07:56:02.143+0000] {local_task_job_runner.py:266} INFO - Task exited with return code 1
[2025-09-11T07:56:02.173+0000] {taskinstance.py:3900} INFO - 0 downstream tasks scheduled from follow-on schedule check
[2025-09-11T07:56:02.179+0000] {local_task_job_runner.py:245} INFO - ::endgroup::
