[2025-09-11T07:43:10.221+0000] {local_task_job_runner.py:123} INFO - ::group::Pre task execution logs
[2025-09-11T07:43:10.251+0000] {taskinstance.py:2612} INFO - Dependencies all met for dep_context=non-requeueable deps ti=<TaskInstance: Sue_books_data_pipeline.transform_data manual__2025-09-11T07:42:56.667186+00:00 [queued]>
[2025-09-11T07:43:10.267+0000] {taskinstance.py:2612} INFO - Dependencies all met for dep_context=requeueable deps ti=<TaskInstance: Sue_books_data_pipeline.transform_data manual__2025-09-11T07:42:56.667186+00:00 [queued]>
[2025-09-11T07:43:10.268+0000] {taskinstance.py:2865} INFO - Starting attempt 1 of 3
[2025-09-11T07:43:10.287+0000] {taskinstance.py:2888} INFO - Executing <Task(_PythonDecoratedOperator): transform_data> on 2025-09-11 07:42:56.667186+00:00
[2025-09-11T07:43:10.294+0000] {warnings.py:112} WARNING - /home/airflow/.local/lib/python3.12/site-packages/airflow/task/task_runner/standard_task_runner.py:70: DeprecationWarning: This process (pid=2594) is multi-threaded, use of fork() may lead to deadlocks in the child.
  pid = os.fork()

[2025-09-11T07:43:10.296+0000] {standard_task_runner.py:72} INFO - Started process 2597 to run task
[2025-09-11T07:43:10.297+0000] {standard_task_runner.py:104} INFO - Running: ['airflow', 'tasks', 'run', 'Sue_books_data_pipeline', 'transform_data', 'manual__2025-09-11T07:42:56.667186+00:00', '--job-id', '134', '--raw', '--subdir', 'DAGS_FOLDER/pipeline_dag.py', '--cfg-path', '/tmp/tmpavvrx1qm']
[2025-09-11T07:43:10.299+0000] {standard_task_runner.py:105} INFO - Job 134: Subtask transform_data
[2025-09-11T07:43:10.381+0000] {task_command.py:467} INFO - Running <TaskInstance: Sue_books_data_pipeline.transform_data manual__2025-09-11T07:42:56.667186+00:00 [running]> on host 34752174ab96
[2025-09-11T07:43:10.517+0000] {taskinstance.py:3131} INFO - Exporting env vars: AIRFLOW_CTX_DAG_EMAIL='sadiquetimileyin@gmail.com' AIRFLOW_CTX_DAG_OWNER='sadique' AIRFLOW_CTX_DAG_ID='Sue_books_data_pipeline' AIRFLOW_CTX_TASK_ID='transform_data' AIRFLOW_CTX_EXECUTION_DATE='2025-09-11T07:42:56.667186+00:00' AIRFLOW_CTX_TRY_NUMBER='1' AIRFLOW_CTX_DAG_RUN_ID='manual__2025-09-11T07:42:56.667186+00:00'
[2025-09-11T07:43:10.518+0000] {logging_mixin.py:190} INFO - Task instance is in running state
[2025-09-11T07:43:10.519+0000] {logging_mixin.py:190} INFO -  Previous state of the Task instance: queued
[2025-09-11T07:43:10.519+0000] {logging_mixin.py:190} INFO - Current task name:transform_data state:running start_date:2025-09-11 07:43:10.251630+00:00
[2025-09-11T07:43:10.520+0000] {logging_mixin.py:190} INFO - Dag name:Sue_books_data_pipeline and current dag run status:running
[2025-09-11T07:43:10.521+0000] {taskinstance.py:731} INFO - ::endgroup::
[2025-09-11T07:43:10.685+0000] {tables.py:141} INFO - Data loaded successfully.
[2025-09-11T07:43:10.698+0000] {tables.py:40} INFO - Users data cleaned successfully. Total records: 904
[2025-09-11T07:43:10.731+0000] {tables.py:77} INFO - Transactions data cleaned successfully. Total records: 78484
[2025-09-11T07:43:10.738+0000] {tables.py:101} INFO - Daily sales table created successfully. Total records: 731
[2025-09-11T07:43:10.744+0000] {tables.py:150} INFO - Data cleaning and transformation complete.
[2025-09-11T07:43:10.885+0000] {tables.py:168} INFO - Transformed data saved to files successfully.
[2025-09-11T07:43:10.886+0000] {python.py:240} INFO - Done. Returned value was: {'users': '/opt/airflow/datasets/processed/users_clean.parquet', 'transactions': '/opt/airflow/datasets/processed/transactions_clean.parquet', 'books': '/opt/airflow/datasets/processed/books_clean.parquet', 'daily_sales': '/opt/airflow/datasets/processed/daily_sales.parquet', 'top_book': '/opt/airflow/datasets/processed/top_book.parquet'}
[2025-09-11T07:43:10.940+0000] {taskinstance.py:340} INFO - ::group::Post task execution logs
[2025-09-11T07:43:10.942+0000] {taskinstance.py:352} INFO - Marking task as SUCCESS. dag_id=Sue_books_data_pipeline, task_id=transform_data, run_id=manual__2025-09-11T07:42:56.667186+00:00, execution_date=20250911T074256, start_date=20250911T074310, end_date=20250911T074310
[2025-09-11T07:43:10.965+0000] {logging_mixin.py:190} INFO - Task instance in success state
[2025-09-11T07:43:10.965+0000] {logging_mixin.py:190} INFO -  Previous state of the Task instance: running
[2025-09-11T07:43:10.966+0000] {logging_mixin.py:190} INFO - Dag name:Sue_books_data_pipeline queued_at:2025-09-11 07:42:56.689984+00:00
[2025-09-11T07:43:10.966+0000] {logging_mixin.py:190} INFO - Task hostname:34752174ab96 operator:_PythonDecoratedOperator
[2025-09-11T07:43:11.018+0000] {local_task_job_runner.py:266} INFO - Task exited with return code 0
[2025-09-11T07:43:11.053+0000] {taskinstance.py:3900} INFO - 1 downstream tasks scheduled from follow-on schedule check
[2025-09-11T07:43:11.058+0000] {local_task_job_runner.py:245} INFO - ::endgroup::
