[2025-09-11T07:38:21.737+0000] {local_task_job_runner.py:123} INFO - ::group::Pre task execution logs
[2025-09-11T07:38:21.797+0000] {taskinstance.py:2612} INFO - Dependencies all met for dep_context=non-requeueable deps ti=<TaskInstance: Sue_books_data_pipeline.extract_data manual__2025-09-11T07:38:15.274601+00:00 [queued]>
[2025-09-11T07:38:21.816+0000] {taskinstance.py:2612} INFO - Dependencies all met for dep_context=requeueable deps ti=<TaskInstance: Sue_books_data_pipeline.extract_data manual__2025-09-11T07:38:15.274601+00:00 [queued]>
[2025-09-11T07:38:21.816+0000] {taskinstance.py:2865} INFO - Starting attempt 1 of 3
[2025-09-11T07:38:21.846+0000] {taskinstance.py:2888} INFO - Executing <Task(_PythonDecoratedOperator): extract_data> on 2025-09-11 07:38:15.274601+00:00
[2025-09-11T07:38:21.876+0000] {standard_task_runner.py:104} INFO - Running: ['airflow', 'tasks', 'run', 'Sue_books_data_pipeline', 'extract_data', 'manual__2025-09-11T07:38:15.274601+00:00', '--job-id', '128', '--raw', '--subdir', 'DAGS_FOLDER/pipeline_dag.py', '--cfg-path', '/tmp/tmpy60obclq']
[2025-09-11T07:38:21.882+0000] {standard_task_runner.py:105} INFO - Job 128: Subtask extract_data
[2025-09-11T07:38:21.874+0000] {warnings.py:112} WARNING - /home/airflow/.local/lib/python3.12/site-packages/airflow/task/task_runner/standard_task_runner.py:70: DeprecationWarning: This process (pid=2489) is multi-threaded, use of fork() may lead to deadlocks in the child.
  pid = os.fork()

[2025-09-11T07:38:21.883+0000] {standard_task_runner.py:72} INFO - Started process 2492 to run task
[2025-09-11T07:38:22.003+0000] {task_command.py:467} INFO - Running <TaskInstance: Sue_books_data_pipeline.extract_data manual__2025-09-11T07:38:15.274601+00:00 [running]> on host 34752174ab96
[2025-09-11T07:38:22.173+0000] {taskinstance.py:3131} INFO - Exporting env vars: AIRFLOW_CTX_DAG_EMAIL='sadiquetimileyin@gmail.com' AIRFLOW_CTX_DAG_OWNER='sadique' AIRFLOW_CTX_DAG_ID='Sue_books_data_pipeline' AIRFLOW_CTX_TASK_ID='extract_data' AIRFLOW_CTX_EXECUTION_DATE='2025-09-11T07:38:15.274601+00:00' AIRFLOW_CTX_TRY_NUMBER='1' AIRFLOW_CTX_DAG_RUN_ID='manual__2025-09-11T07:38:15.274601+00:00'
[2025-09-11T07:38:22.176+0000] {logging_mixin.py:190} INFO - Task instance is in running state
[2025-09-11T07:38:22.176+0000] {logging_mixin.py:190} INFO -  Previous state of the Task instance: queued
[2025-09-11T07:38:22.176+0000] {logging_mixin.py:190} INFO - Current task name:extract_data state:running start_date:2025-09-11 07:38:21.798958+00:00
[2025-09-11T07:38:22.176+0000] {logging_mixin.py:190} INFO - Dag name:Sue_books_data_pipeline and current dag run status:running
[2025-09-11T07:38:22.177+0000] {taskinstance.py:731} INFO - ::endgroup::
[2025-09-11T07:38:22.177+0000] {python.py:240} INFO - Done. Returned value was: {'users': '/opt/airflow/datasets/users.csv', 'transactions': '/opt/airflow/datasets/transactions.csv', 'books': '/opt/airflow/datasets/books.csv'}
[2025-09-11T07:38:22.217+0000] {taskinstance.py:340} INFO - ::group::Post task execution logs
[2025-09-11T07:38:22.218+0000] {taskinstance.py:352} INFO - Marking task as SUCCESS. dag_id=Sue_books_data_pipeline, task_id=extract_data, run_id=manual__2025-09-11T07:38:15.274601+00:00, execution_date=20250911T073815, start_date=20250911T073821, end_date=20250911T073822
[2025-09-11T07:38:22.230+0000] {logging_mixin.py:190} INFO - Task instance in success state
[2025-09-11T07:38:22.230+0000] {logging_mixin.py:190} INFO -  Previous state of the Task instance: running
[2025-09-11T07:38:22.230+0000] {logging_mixin.py:190} INFO - Dag name:Sue_books_data_pipeline queued_at:2025-09-11 07:38:15.349628+00:00
[2025-09-11T07:38:22.231+0000] {logging_mixin.py:190} INFO - Task hostname:34752174ab96 operator:_PythonDecoratedOperator
[2025-09-11T07:38:22.267+0000] {local_task_job_runner.py:266} INFO - Task exited with return code 0
[2025-09-11T07:38:22.324+0000] {taskinstance.py:3900} INFO - 1 downstream tasks scheduled from follow-on schedule check
[2025-09-11T07:38:22.330+0000] {local_task_job_runner.py:245} INFO - ::endgroup::
