[2025-09-11T03:46:32.716+0000] {local_task_job_runner.py:123} INFO - ::group::Pre task execution logs
[2025-09-11T03:46:32.754+0000] {taskinstance.py:2612} INFO - Dependencies all met for dep_context=non-requeueable deps ti=<TaskInstance: Sue_books_data_pipeline.load_data manual__2025-09-11T03:46:18.441516+00:00 [queued]>
[2025-09-11T03:46:32.768+0000] {taskinstance.py:2612} INFO - Dependencies all met for dep_context=requeueable deps ti=<TaskInstance: Sue_books_data_pipeline.load_data manual__2025-09-11T03:46:18.441516+00:00 [queued]>
[2025-09-11T03:46:32.769+0000] {taskinstance.py:2865} INFO - Starting attempt 1 of 3
[2025-09-11T03:46:32.791+0000] {taskinstance.py:2888} INFO - Executing <Task(_PythonDecoratedOperator): load_data> on 2025-09-11 03:46:18.441516+00:00
[2025-09-11T03:46:32.800+0000] {warnings.py:112} WARNING - /home/airflow/.local/lib/python3.12/site-packages/airflow/task/task_runner/standard_task_runner.py:70: DeprecationWarning: This process (pid=815) is multi-threaded, use of fork() may lead to deadlocks in the child.
  pid = os.fork()

[2025-09-11T03:46:32.801+0000] {standard_task_runner.py:72} INFO - Started process 818 to run task
[2025-09-11T03:46:32.803+0000] {standard_task_runner.py:104} INFO - Running: ['airflow', 'tasks', 'run', 'Sue_books_data_pipeline', 'load_data', 'manual__2025-09-11T03:46:18.441516+00:00', '--job-id', '94', '--raw', '--subdir', 'DAGS_FOLDER/pipeline_dag.py', '--cfg-path', '/tmp/tmpt8zv9c5h']
[2025-09-11T03:46:32.805+0000] {standard_task_runner.py:105} INFO - Job 94: Subtask load_data
[2025-09-11T03:46:32.886+0000] {task_command.py:467} INFO - Running <TaskInstance: Sue_books_data_pipeline.load_data manual__2025-09-11T03:46:18.441516+00:00 [running]> on host 34752174ab96
[2025-09-11T03:46:33.073+0000] {taskinstance.py:3131} INFO - Exporting env vars: AIRFLOW_CTX_DAG_EMAIL='sadiquetimileyin@gmail.com' AIRFLOW_CTX_DAG_OWNER='sadique' AIRFLOW_CTX_DAG_ID='Sue_books_data_pipeline' AIRFLOW_CTX_TASK_ID='load_data' AIRFLOW_CTX_EXECUTION_DATE='2025-09-11T03:46:18.441516+00:00' AIRFLOW_CTX_TRY_NUMBER='1' AIRFLOW_CTX_DAG_RUN_ID='manual__2025-09-11T03:46:18.441516+00:00'
[2025-09-11T03:46:33.076+0000] {logging_mixin.py:190} INFO - Task instance is in running state
[2025-09-11T03:46:33.077+0000] {logging_mixin.py:190} INFO -  Previous state of the Task instance: queued
[2025-09-11T03:46:33.078+0000] {logging_mixin.py:190} INFO - Current task name:load_data state:running start_date:2025-09-11 03:46:32.754511+00:00
[2025-09-11T03:46:33.079+0000] {logging_mixin.py:190} INFO - Dag name:Sue_books_data_pipeline and current dag run status:running
[2025-09-11T03:46:33.079+0000] {taskinstance.py:731} INFO - ::endgroup::
[2025-09-11T03:46:33.178+0000] {tables.py:214} INFO - Dimension tables created successfully.
[2025-09-11T03:46:33.189+0000] {tables.py:240} INFO - Fact table created successfully. Total records: 82678
[2025-09-11T03:46:33.201+0000] {utils.py:103} WARNING - Database 'sales_db' already exists.
[2025-09-11T03:46:33.378+0000] {utils.py:216} INFO - Tables created successfully.
[2025-09-11T03:46:33.382+0000] {utils.py:220} INFO - OLAP Tables: ['dim_user', 'fact_transactions', 'dim_book', 'dim_date', 'fact_daily_sales', 'fact_book_sales']
[2025-09-11T03:46:33.396+0000] {utils.py:182} INFO - Preparing to upsert 904 rows into oltp.users...
[2025-09-11T03:46:33.454+0000] {utils.py:199} INFO - 904 records upserted into oltp.users
[2025-09-11T03:46:33.455+0000] {utils.py:182} INFO - Preparing to upsert 112 rows into oltp.books...
[2025-09-11T03:46:33.466+0000] {utils.py:199} INFO - 112 records upserted into oltp.books
[2025-09-11T03:46:33.467+0000] {utils.py:182} INFO - Preparing to upsert 82678 rows into oltp.transactions...
[2025-09-11T03:46:33.892+0000] {utils.py:201} ERROR - Failed to upsert into oltp.transactions: new row for relation "transactions" violates check constraint "transactions_amount_check"
DETAIL:  Failing row contains (64605, 643, 111, -15.90, 2023-09-04 22:10:39+00).
Traceback (most recent call last):
  File "/opt/airflow/dags/utils.py", line 196, in upsert_from_df
    execute_values(cur, insert_sql, values, page_size=chunk_size)
  File "/home/airflow/.local/lib/python3.12/site-packages/psycopg2/extras.py", line 1299, in execute_values
    cur.execute(b''.join(parts))
psycopg2.errors.CheckViolation: new row for relation "transactions" violates check constraint "transactions_amount_check"
DETAIL:  Failing row contains (64605, 643, 111, -15.90, 2023-09-04 22:10:39+00).

[2025-09-11T03:46:33.895+0000] {taskinstance.py:3310} ERROR - Task failed with exception
Traceback (most recent call last):
  File "/home/airflow/.local/lib/python3.12/site-packages/airflow/models/taskinstance.py", line 767, in _execute_task
    result = _execute_callable(context=context, **execute_callable_kwargs)
             ^^^^^^^^^^^^^^^^^^^^^^^^^^^^^^^^^^^^^^^^^^^^^^^^^^^^^^^^^^^^^
  File "/home/airflow/.local/lib/python3.12/site-packages/airflow/models/taskinstance.py", line 733, in _execute_callable
    return ExecutionCallableRunner(
           ^^^^^^^^^^^^^^^^^^^^^^^^
  File "/home/airflow/.local/lib/python3.12/site-packages/airflow/utils/operator_helpers.py", line 252, in run
    return self.func(*args, **kwargs)
           ^^^^^^^^^^^^^^^^^^^^^^^^^^
  File "/home/airflow/.local/lib/python3.12/site-packages/airflow/models/baseoperator.py", line 406, in wrapper
    return func(self, *args, **kwargs)
           ^^^^^^^^^^^^^^^^^^^^^^^^^^^
  File "/home/airflow/.local/lib/python3.12/site-packages/airflow/decorators/base.py", line 266, in execute
    return_value = super().execute(context)
                   ^^^^^^^^^^^^^^^^^^^^^^^^
  File "/home/airflow/.local/lib/python3.12/site-packages/airflow/models/baseoperator.py", line 406, in wrapper
    return func(self, *args, **kwargs)
           ^^^^^^^^^^^^^^^^^^^^^^^^^^^
  File "/home/airflow/.local/lib/python3.12/site-packages/airflow/operators/python.py", line 238, in execute
    return_value = self.execute_callable()
                   ^^^^^^^^^^^^^^^^^^^^^^^
  File "/home/airflow/.local/lib/python3.12/site-packages/airflow/operators/python.py", line 256, in execute_callable
    return runner.run(*self.op_args, **self.op_kwargs)
           ^^^^^^^^^^^^^^^^^^^^^^^^^^^^^^^^^^^^^^^^^^^
  File "/home/airflow/.local/lib/python3.12/site-packages/airflow/utils/operator_helpers.py", line 252, in run
    return self.func(*args, **kwargs)
           ^^^^^^^^^^^^^^^^^^^^^^^^^^
  File "/opt/airflow/dags/pipeline_dag.py", line 68, in load_data
    upsert_from_df(conn, transactions, 'transactions', ['transaction_id'], schema='oltp')
  File "/opt/airflow/dags/utils.py", line 196, in upsert_from_df
    execute_values(cur, insert_sql, values, page_size=chunk_size)
  File "/home/airflow/.local/lib/python3.12/site-packages/psycopg2/extras.py", line 1299, in execute_values
    cur.execute(b''.join(parts))
psycopg2.errors.CheckViolation: new row for relation "transactions" violates check constraint "transactions_amount_check"
DETAIL:  Failing row contains (64605, 643, 111, -15.90, 2023-09-04 22:10:39+00).

[2025-09-11T03:46:33.926+0000] {logging_mixin.py:190} INFO - Task instance in failure state
[2025-09-11T03:46:33.927+0000] {logging_mixin.py:190} INFO - Task start:2025-09-11 03:46:32.754511+00:00 end:2025-09-11 03:46:33.926069+00:00 duration:1.171558
[2025-09-11T03:46:33.928+0000] {logging_mixin.py:190} INFO - Task:<Task(_PythonDecoratedOperator): load_data> dag:<DAG: Sue_books_data_pipeline> dagrun:<DagRun Sue_books_data_pipeline @ 2025-09-11 03:46:18.441516+00:00: manual__2025-09-11T03:46:18.441516+00:00, state:running, queued_at: 2025-09-11 03:46:18.638092+00:00. externally triggered: True>
[2025-09-11T03:46:33.928+0000] {logging_mixin.py:190} INFO - Failure caused by new row for relation "transactions" violates check constraint "transactions_amount_check"
DETAIL:  Failing row contains (64605, 643, 111, -15.90, 2023-09-04 22:10:39+00).
[2025-09-11T03:46:33.928+0000] {taskinstance.py:1225} INFO - Marking task as UP_FOR_RETRY. dag_id=Sue_books_data_pipeline, task_id=load_data, run_id=manual__2025-09-11T03:46:18.441516+00:00, execution_date=20250911T034618, start_date=20250911T034632, end_date=20250911T034633
[2025-09-11T03:46:33.952+0000] {taskinstance.py:340} INFO - ::group::Post task execution logs
[2025-09-11T03:46:33.953+0000] {standard_task_runner.py:124} ERROR - Failed to execute job 94 for task load_data (new row for relation "transactions" violates check constraint "transactions_amount_check"
DETAIL:  Failing row contains (64605, 643, 111, -15.90, 2023-09-04 22:10:39+00).
; 818)
Traceback (most recent call last):
  File "/home/airflow/.local/lib/python3.12/site-packages/airflow/task/task_runner/standard_task_runner.py", line 117, in _start_by_fork
    ret = args.func(args, dag=self.dag)
          ^^^^^^^^^^^^^^^^^^^^^^^^^^^^^
  File "/home/airflow/.local/lib/python3.12/site-packages/airflow/cli/cli_config.py", line 49, in command
    return func(*args, **kwargs)
           ^^^^^^^^^^^^^^^^^^^^^
  File "/home/airflow/.local/lib/python3.12/site-packages/airflow/utils/cli.py", line 115, in wrapper
    return f(*args, **kwargs)
           ^^^^^^^^^^^^^^^^^^
  File "/home/airflow/.local/lib/python3.12/site-packages/airflow/cli/commands/task_command.py", line 483, in task_run
    task_return_code = _run_task_by_selected_method(args, _dag, ti)
                       ^^^^^^^^^^^^^^^^^^^^^^^^^^^^^^^^^^^^^^^^^^^^
  File "/home/airflow/.local/lib/python3.12/site-packages/airflow/cli/commands/task_command.py", line 256, in _run_task_by_selected_method
    return _run_raw_task(args, ti)
           ^^^^^^^^^^^^^^^^^^^^^^^
  File "/home/airflow/.local/lib/python3.12/site-packages/airflow/cli/commands/task_command.py", line 341, in _run_raw_task
    return ti._run_raw_task(
           ^^^^^^^^^^^^^^^^^
  File "/home/airflow/.local/lib/python3.12/site-packages/airflow/utils/session.py", line 97, in wrapper
    return func(*args, session=session, **kwargs)
           ^^^^^^^^^^^^^^^^^^^^^^^^^^^^^^^^^^^^^^
  File "/home/airflow/.local/lib/python3.12/site-packages/airflow/models/taskinstance.py", line 3004, in _run_raw_task
    return _run_raw_task(
           ^^^^^^^^^^^^^^
  File "/home/airflow/.local/lib/python3.12/site-packages/airflow/models/taskinstance.py", line 273, in _run_raw_task
    TaskInstance._execute_task_with_callbacks(
  File "/home/airflow/.local/lib/python3.12/site-packages/airflow/models/taskinstance.py", line 3158, in _execute_task_with_callbacks
    result = self._execute_task(context, task_orig)
             ^^^^^^^^^^^^^^^^^^^^^^^^^^^^^^^^^^^^^^
  File "/home/airflow/.local/lib/python3.12/site-packages/airflow/models/taskinstance.py", line 3182, in _execute_task
    return _execute_task(self, context, task_orig)
           ^^^^^^^^^^^^^^^^^^^^^^^^^^^^^^^^^^^^^^^
  File "/home/airflow/.local/lib/python3.12/site-packages/airflow/models/taskinstance.py", line 767, in _execute_task
    result = _execute_callable(context=context, **execute_callable_kwargs)
             ^^^^^^^^^^^^^^^^^^^^^^^^^^^^^^^^^^^^^^^^^^^^^^^^^^^^^^^^^^^^^
  File "/home/airflow/.local/lib/python3.12/site-packages/airflow/models/taskinstance.py", line 733, in _execute_callable
    return ExecutionCallableRunner(
           ^^^^^^^^^^^^^^^^^^^^^^^^
  File "/home/airflow/.local/lib/python3.12/site-packages/airflow/utils/operator_helpers.py", line 252, in run
    return self.func(*args, **kwargs)
           ^^^^^^^^^^^^^^^^^^^^^^^^^^
  File "/home/airflow/.local/lib/python3.12/site-packages/airflow/models/baseoperator.py", line 406, in wrapper
    return func(self, *args, **kwargs)
           ^^^^^^^^^^^^^^^^^^^^^^^^^^^
  File "/home/airflow/.local/lib/python3.12/site-packages/airflow/decorators/base.py", line 266, in execute
    return_value = super().execute(context)
                   ^^^^^^^^^^^^^^^^^^^^^^^^
  File "/home/airflow/.local/lib/python3.12/site-packages/airflow/models/baseoperator.py", line 406, in wrapper
    return func(self, *args, **kwargs)
           ^^^^^^^^^^^^^^^^^^^^^^^^^^^
  File "/home/airflow/.local/lib/python3.12/site-packages/airflow/operators/python.py", line 238, in execute
    return_value = self.execute_callable()
                   ^^^^^^^^^^^^^^^^^^^^^^^
  File "/home/airflow/.local/lib/python3.12/site-packages/airflow/operators/python.py", line 256, in execute_callable
    return runner.run(*self.op_args, **self.op_kwargs)
           ^^^^^^^^^^^^^^^^^^^^^^^^^^^^^^^^^^^^^^^^^^^
  File "/home/airflow/.local/lib/python3.12/site-packages/airflow/utils/operator_helpers.py", line 252, in run
    return self.func(*args, **kwargs)
           ^^^^^^^^^^^^^^^^^^^^^^^^^^
  File "/opt/airflow/dags/pipeline_dag.py", line 68, in load_data
    upsert_from_df(conn, transactions, 'transactions', ['transaction_id'], schema='oltp')
  File "/opt/airflow/dags/utils.py", line 196, in upsert_from_df
    execute_values(cur, insert_sql, values, page_size=chunk_size)
  File "/home/airflow/.local/lib/python3.12/site-packages/psycopg2/extras.py", line 1299, in execute_values
    cur.execute(b''.join(parts))
psycopg2.errors.CheckViolation: new row for relation "transactions" violates check constraint "transactions_amount_check"
DETAIL:  Failing row contains (64605, 643, 111, -15.90, 2023-09-04 22:10:39+00).

[2025-09-11T03:46:34.010+0000] {local_task_job_runner.py:266} INFO - Task exited with return code 1
[2025-09-11T03:46:34.045+0000] {taskinstance.py:3900} INFO - 0 downstream tasks scheduled from follow-on schedule check
[2025-09-11T03:46:34.049+0000] {local_task_job_runner.py:245} INFO - ::endgroup::
