[2025-09-11T07:43:02.689+0000] {local_task_job_runner.py:123} INFO - ::group::Pre task execution logs
[2025-09-11T07:43:02.724+0000] {taskinstance.py:2612} INFO - Dependencies all met for dep_context=non-requeueable deps ti=<TaskInstance: Sue_books_data_pipeline.extract_data manual__2025-09-11T07:42:56.667186+00:00 [queued]>
[2025-09-11T07:43:02.734+0000] {taskinstance.py:2612} INFO - Dependencies all met for dep_context=requeueable deps ti=<TaskInstance: Sue_books_data_pipeline.extract_data manual__2025-09-11T07:42:56.667186+00:00 [queued]>
[2025-09-11T07:43:02.735+0000] {taskinstance.py:2865} INFO - Starting attempt 1 of 3
[2025-09-11T07:43:02.759+0000] {taskinstance.py:2888} INFO - Executing <Task(_PythonDecoratedOperator): extract_data> on 2025-09-11 07:42:56.667186+00:00
[2025-09-11T07:43:02.775+0000] {warnings.py:112} WARNING - /home/airflow/.local/lib/python3.12/site-packages/airflow/task/task_runner/standard_task_runner.py:70: DeprecationWarning: This process (pid=2583) is multi-threaded, use of fork() may lead to deadlocks in the child.
  pid = os.fork()

[2025-09-11T07:43:02.780+0000] {standard_task_runner.py:72} INFO - Started process 2592 to run task
[2025-09-11T07:43:02.780+0000] {standard_task_runner.py:104} INFO - Running: ['airflow', 'tasks', 'run', 'Sue_books_data_pipeline', 'extract_data', 'manual__2025-09-11T07:42:56.667186+00:00', '--job-id', '133', '--raw', '--subdir', 'DAGS_FOLDER/pipeline_dag.py', '--cfg-path', '/tmp/tmpos8z_0vj']
[2025-09-11T07:43:02.782+0000] {standard_task_runner.py:105} INFO - Job 133: Subtask extract_data
[2025-09-11T07:43:02.949+0000] {task_command.py:467} INFO - Running <TaskInstance: Sue_books_data_pipeline.extract_data manual__2025-09-11T07:42:56.667186+00:00 [running]> on host 34752174ab96
[2025-09-11T07:43:03.242+0000] {taskinstance.py:3131} INFO - Exporting env vars: AIRFLOW_CTX_DAG_EMAIL='sadiquetimileyin@gmail.com' AIRFLOW_CTX_DAG_OWNER='sadique' AIRFLOW_CTX_DAG_ID='Sue_books_data_pipeline' AIRFLOW_CTX_TASK_ID='extract_data' AIRFLOW_CTX_EXECUTION_DATE='2025-09-11T07:42:56.667186+00:00' AIRFLOW_CTX_TRY_NUMBER='1' AIRFLOW_CTX_DAG_RUN_ID='manual__2025-09-11T07:42:56.667186+00:00'
[2025-09-11T07:43:03.244+0000] {logging_mixin.py:190} INFO - Task instance is in running state
[2025-09-11T07:43:03.245+0000] {logging_mixin.py:190} INFO -  Previous state of the Task instance: queued
[2025-09-11T07:43:03.245+0000] {logging_mixin.py:190} INFO - Current task name:extract_data state:running start_date:2025-09-11 07:43:02.724524+00:00
[2025-09-11T07:43:03.245+0000] {logging_mixin.py:190} INFO - Dag name:Sue_books_data_pipeline and current dag run status:running
[2025-09-11T07:43:03.246+0000] {taskinstance.py:731} INFO - ::endgroup::
[2025-09-11T07:43:03.247+0000] {python.py:240} INFO - Done. Returned value was: {'users': '/opt/airflow/datasets/users.csv', 'transactions': '/opt/airflow/datasets/transactions.csv', 'books': '/opt/airflow/datasets/books.csv'}
[2025-09-11T07:43:03.321+0000] {taskinstance.py:340} INFO - ::group::Post task execution logs
[2025-09-11T07:43:03.321+0000] {taskinstance.py:352} INFO - Marking task as SUCCESS. dag_id=Sue_books_data_pipeline, task_id=extract_data, run_id=manual__2025-09-11T07:42:56.667186+00:00, execution_date=20250911T074256, start_date=20250911T074302, end_date=20250911T074303
[2025-09-11T07:43:03.337+0000] {logging_mixin.py:190} INFO - Task instance in success state
[2025-09-11T07:43:03.338+0000] {logging_mixin.py:190} INFO -  Previous state of the Task instance: running
[2025-09-11T07:43:03.338+0000] {logging_mixin.py:190} INFO - Dag name:Sue_books_data_pipeline queued_at:2025-09-11 07:42:56.689984+00:00
[2025-09-11T07:43:03.339+0000] {logging_mixin.py:190} INFO - Task hostname:34752174ab96 operator:_PythonDecoratedOperator
[2025-09-11T07:43:03.379+0000] {local_task_job_runner.py:266} INFO - Task exited with return code 0
[2025-09-11T07:43:03.442+0000] {taskinstance.py:3900} INFO - 1 downstream tasks scheduled from follow-on schedule check
[2025-09-11T07:43:03.459+0000] {local_task_job_runner.py:245} INFO - ::endgroup::
