{"timestamp":"2025-09-12T22:49:05.674143","level":"info","event":"DAG bundles loaded: dags-folder, example_dags","logger":"airflow.dag_processing.bundles.manager.DagBundlesManager"}
{"timestamp":"2025-09-12T22:49:05.675006","level":"info","event":"Filling up the DagBag from /opt/airflow/dags/pipeline_dag.py","logger":"airflow.models.dagbag.DagBag"}
{"timestamp":"2025-09-12T22:49:08.413912Z","level":"info","event":"Task instance is in running state","chan":"stdout","logger":"task"}
{"timestamp":"2025-09-12T22:49:08.414187Z","level":"info","event":" Previous state of the Task instance: TaskInstanceState.QUEUED","chan":"stdout","logger":"task"}
{"timestamp":"2025-09-12T22:49:08.414360Z","level":"info","event":"Current task name:load_data","chan":"stdout","logger":"task"}
{"timestamp":"2025-09-12T22:49:08.414507Z","level":"info","event":"Dag name:Sue_books_data_pipeline","chan":"stdout","logger":"task"}
{"timestamp":"2025-09-12T22:49:08.713172","level":"info","event":"Dimension tables created successfully.","logger":"tables"}
{"timestamp":"2025-09-12T22:49:08.782913","level":"info","event":"Fact table created successfully. Total records: 78484","logger":"tables"}
{"timestamp":"2025-09-12T22:49:08.821095","level":"warning","event":"Database 'sales_db' already exists.","logger":"utils"}
{"timestamp":"2025-09-12T22:49:11.035500","level":"error","event":"Error creating tables: duplicate key value violates unique constraint \"pg_namespace_nspname_index\"\nDETAIL:  Key (nspname)=(olap) already exists.\n","logger":"utils","error_detail":[{"exc_type":"UniqueViolation","exc_value":"duplicate key value violates unique constraint \"pg_namespace_nspname_index\"\nDETAIL:  Key (nspname)=(olap) already exists.\n","exc_notes":[],"syntax_error":null,"is_cause":false,"frames":[{"filename":"/opt/airflow/dags/utils.py","lineno":252,"name":"create_tables"}],"is_group":false,"exceptions":[]}]}
{"timestamp":"2025-09-12T22:49:11.110477","level":"info","event":"Preparing to upsert 904 rows into oltp.users...","logger":"utils"}
{"timestamp":"2025-09-12T22:49:11.254862","level":"info","event":"904 records upserted into oltp.users","logger":"utils"}
{"timestamp":"2025-09-12T22:49:11.255673","level":"info","event":"Preparing to upsert 112 rows into oltp.books...","logger":"utils"}
{"timestamp":"2025-09-12T22:49:12.314063","level":"error","event":"Failed to upsert into oltp.books: deadlock detected\nDETAIL:  Process 615 waits for ShareLock on transaction 3136; blocked by process 614.\nProcess 614 waits for ShareLock on transaction 3137; blocked by process 615.\nHINT:  See server log for query details.\nCONTEXT:  while inserting index tuple (0,41) in relation \"books\"\n","logger":"utils","error_detail":[{"exc_type":"DeadlockDetected","exc_value":"deadlock detected\nDETAIL:  Process 615 waits for ShareLock on transaction 3136; blocked by process 614.\nProcess 614 waits for ShareLock on transaction 3137; blocked by process 615.\nHINT:  See server log for query details.\nCONTEXT:  while inserting index tuple (0,41) in relation \"books\"\n","exc_notes":[],"syntax_error":null,"is_cause":false,"frames":[{"filename":"/opt/airflow/dags/utils.py","lineno":236,"name":"upsert_from_df"},{"filename":"/home/airflow/.local/lib/python3.12/site-packages/psycopg2/extras.py","lineno":1299,"name":"execute_values"}],"is_group":false,"exceptions":[]}]}
{"timestamp":"2025-09-12T22:49:12.317044","level":"error","event":"Task failed with exception","logger":"task","error_detail":[{"exc_type":"DeadlockDetected","exc_value":"deadlock detected\nDETAIL:  Process 615 waits for ShareLock on transaction 3136; blocked by process 614.\nProcess 614 waits for ShareLock on transaction 3137; blocked by process 615.\nHINT:  See server log for query details.\nCONTEXT:  while inserting index tuple (0,41) in relation \"books\"\n","exc_notes":[],"syntax_error":null,"is_cause":false,"frames":[{"filename":"/home/airflow/.local/lib/python3.12/site-packages/airflow/sdk/execution_time/task_runner.py","lineno":920,"name":"run"},{"filename":"/home/airflow/.local/lib/python3.12/site-packages/airflow/sdk/execution_time/task_runner.py","lineno":1215,"name":"_execute_task"},{"filename":"/home/airflow/.local/lib/python3.12/site-packages/airflow/sdk/bases/operator.py","lineno":397,"name":"wrapper"},{"filename":"/home/airflow/.local/lib/python3.12/site-packages/airflow/sdk/bases/decorator.py","lineno":251,"name":"execute"},{"filename":"/home/airflow/.local/lib/python3.12/site-packages/airflow/sdk/bases/operator.py","lineno":397,"name":"wrapper"},{"filename":"/home/airflow/.local/lib/python3.12/site-packages/airflow/providers/standard/operators/python.py","lineno":216,"name":"execute"},{"filename":"/home/airflow/.local/lib/python3.12/site-packages/airflow/providers/standard/operators/python.py","lineno":239,"name":"execute_callable"},{"filename":"/home/airflow/.local/lib/python3.12/site-packages/airflow/sdk/execution_time/callback_runner.py","lineno":81,"name":"run"},{"filename":"/opt/airflow/dags/pipeline_dag.py","lineno":93,"name":"load_data"},{"filename":"/opt/airflow/dags/utils.py","lineno":236,"name":"upsert_from_df"},{"filename":"/home/airflow/.local/lib/python3.12/site-packages/psycopg2/extras.py","lineno":1299,"name":"execute_values"}],"is_group":false,"exceptions":[]}]}
{"timestamp":"2025-09-12T22:49:12.761251Z","level":"info","event":"Task instance in failure state","chan":"stdout","logger":"task"}
{"timestamp":"2025-09-12T22:49:12.761567Z","level":"info","event":"Task start","chan":"stdout","logger":"task"}
{"timestamp":"2025-09-12T22:49:12.761787Z","level":"info","event":"Task:<Task(_PythonDecoratedOperator): load_data>","chan":"stdout","logger":"task"}
{"timestamp":"2025-09-12T22:49:12.761931Z","level":"info","event":"Failure caused by deadlock detected","chan":"stdout","logger":"task"}
{"timestamp":"2025-09-12T22:49:12.762068Z","level":"info","event":"DETAIL:  Process 615 waits for ShareLock on transaction 3136; blocked by process 614.","chan":"stdout","logger":"task"}
{"timestamp":"2025-09-12T22:49:12.762204Z","level":"info","event":"Process 614 waits for ShareLock on transaction 3137; blocked by process 615.","chan":"stdout","logger":"task"}
{"timestamp":"2025-09-12T22:49:12.786062Z","level":"info","event":"HINT:  See server log for query details.","chan":"stdout","logger":"task"}
{"timestamp":"2025-09-12T22:49:12.824835Z","level":"info","event":"CONTEXT:  while inserting index tuple (0,41) in relation \"books\"","chan":"stdout","logger":"task"}
{"timestamp":"2025-09-12T22:49:12.825069Z","level":"info","event":"","chan":"stdout","logger":"task"}
