[2025-09-11T02:41:16.175+0000] {local_task_job_runner.py:123} INFO - ::group::Pre task execution logs
[2025-09-11T02:41:16.245+0000] {taskinstance.py:2612} INFO - Dependencies all met for dep_context=non-requeueable deps ti=<TaskInstance: Sue_books_data_pipeline.extract_data manual__2025-09-11T02:41:01.900864+00:00 [queued]>
[2025-09-11T02:41:16.259+0000] {taskinstance.py:2612} INFO - Dependencies all met for dep_context=requeueable deps ti=<TaskInstance: Sue_books_data_pipeline.extract_data manual__2025-09-11T02:41:01.900864+00:00 [queued]>
[2025-09-11T02:41:16.260+0000] {taskinstance.py:2865} INFO - Starting attempt 1 of 3
[2025-09-11T02:41:16.315+0000] {taskinstance.py:2888} INFO - Executing <Task(_PythonDecoratedOperator): extract_data> on 2025-09-11 02:41:01.900864+00:00
[2025-09-11T02:41:16.325+0000] {warnings.py:112} WARNING - /home/airflow/.local/lib/python3.12/site-packages/airflow/task/task_runner/standard_task_runner.py:70: DeprecationWarning: This process (pid=112) is multi-threaded, use of fork() may lead to deadlocks in the child.
  pid = os.fork()

[2025-09-11T02:41:16.329+0000] {standard_task_runner.py:72} INFO - Started process 122 to run task
[2025-09-11T02:41:16.333+0000] {standard_task_runner.py:104} INFO - Running: ['airflow', 'tasks', 'run', 'Sue_books_data_pipeline', 'extract_data', 'manual__2025-09-11T02:41:01.900864+00:00', '--job-id', '56', '--raw', '--subdir', 'DAGS_FOLDER/pipeline_dag.py', '--cfg-path', '/tmp/tmpascy50xp']
[2025-09-11T02:41:16.337+0000] {standard_task_runner.py:105} INFO - Job 56: Subtask extract_data
[2025-09-11T02:41:16.613+0000] {task_command.py:467} INFO - Running <TaskInstance: Sue_books_data_pipeline.extract_data manual__2025-09-11T02:41:01.900864+00:00 [running]> on host 4b4f26de8f42
[2025-09-11T02:41:17.585+0000] {taskinstance.py:3131} INFO - Exporting env vars: AIRFLOW_CTX_DAG_EMAIL='sadiquetimileyin@gmail.com' AIRFLOW_CTX_DAG_OWNER='sadique' AIRFLOW_CTX_DAG_ID='Sue_books_data_pipeline' AIRFLOW_CTX_TASK_ID='extract_data' AIRFLOW_CTX_EXECUTION_DATE='2025-09-11T02:41:01.900864+00:00' AIRFLOW_CTX_TRY_NUMBER='1' AIRFLOW_CTX_DAG_RUN_ID='manual__2025-09-11T02:41:01.900864+00:00'
[2025-09-11T02:41:17.828+0000] {logging_mixin.py:190} INFO - Task instance is in running state
[2025-09-11T02:41:17.847+0000] {logging_mixin.py:190} INFO -  Previous state of the Task instance: queued
[2025-09-11T02:41:17.864+0000] {logging_mixin.py:190} INFO - Current task name:extract_data state:running start_date:2025-09-11 02:41:16.245514+00:00
[2025-09-11T02:41:17.864+0000] {logging_mixin.py:190} INFO - Dag name:Sue_books_data_pipeline and current dag run status:running
[2025-09-11T02:41:17.869+0000] {taskinstance.py:731} INFO - ::endgroup::
[2025-09-11T02:41:17.885+0000] {python.py:240} INFO - Done. Returned value was: {'users': '/opt/airflow/datasets/users.csv', 'transactions': '/opt/airflow/datasets/transactions.csv', 'books': '/opt/airflow/datasets/books.csv'}
[2025-09-11T02:41:18.220+0000] {taskinstance.py:340} INFO - ::group::Post task execution logs
[2025-09-11T02:41:18.220+0000] {taskinstance.py:352} INFO - Marking task as SUCCESS. dag_id=Sue_books_data_pipeline, task_id=extract_data, run_id=manual__2025-09-11T02:41:01.900864+00:00, execution_date=20250911T024101, start_date=20250911T024116, end_date=20250911T024118
[2025-09-11T02:41:18.328+0000] {logging_mixin.py:190} INFO - Task instance in success state
[2025-09-11T02:41:18.329+0000] {logging_mixin.py:190} INFO -  Previous state of the Task instance: running
[2025-09-11T02:41:18.330+0000] {logging_mixin.py:190} INFO - Dag name:Sue_books_data_pipeline queued_at:2025-09-11 02:41:01.925459+00:00
[2025-09-11T02:41:18.331+0000] {logging_mixin.py:190} INFO - Task hostname:4b4f26de8f42 operator:_PythonDecoratedOperator
[2025-09-11T02:41:18.399+0000] {local_task_job_runner.py:266} INFO - Task exited with return code 0
[2025-09-11T02:41:18.554+0000] {taskinstance.py:3900} INFO - 0 downstream tasks scheduled from follow-on schedule check
[2025-09-11T02:41:18.604+0000] {local_task_job_runner.py:245} INFO - ::endgroup::
